\BOOKMARK [0][-]{part.1}{\376\377\000I\000\040\121\154\164\006\123\026\127\372\170\100}{}% 1
\BOOKMARK [1][-]{section.1}{\376\377\137\025\212\000}{part.1}% 2
\BOOKMARK [2][-]{subsection.1.1}{\376\377\170\024\172\166\122\250\147\072}{section.1}% 3
\BOOKMARK [2][-]{subsection.1.2}{\376\377\164\006\213\272\150\106\147\266}{section.1}% 4
\BOOKMARK [2][-]{subsection.1.3}{\376\377\116\016\116\073\164\006\213\272\166\204\121\163\174\373}{section.1}% 5
\BOOKMARK [2][-]{subsection.1.4}{\376\377\176\323\147\234\151\202\217\360}{section.1}% 6
\BOOKMARK [2][-]{subsection.1.5}{\376\377\173\046\123\367\116\016\176\246\133\232}{section.1}% 7
\BOOKMARK [2][-]{subsection.1.6}{\376\377\213\272\145\207\176\323\147\204}{section.1}% 8
\BOOKMARK [1][-]{section.2}{\376\377\143\040\163\207\127\072\166\204\000W\000i\000g\000h\000t\000m\000a\000n\121\154\164\006}{part.1}% 9
\BOOKMARK [2][-]{subsection.2.1}{\376\377\137\025\212\000}{section.2}% 10
\BOOKMARK [2][-]{subsection.2.2}{\376\377\121\154\164\006\0001\377\032\166\370\133\371\213\272\123\117\123\330\140\047}{section.2}% 11
\BOOKMARK [2][-]{subsection.2.3}{\376\377\121\154\164\006\0002\377\032\214\061\147\141\116\366}{section.2}% 12
\BOOKMARK [2][-]{subsection.2.4}{\376\377\121\154\164\006\0003\377\032\134\100\127\337\140\047\377\010\137\256\211\302\126\340\147\234\140\047\377\011}{section.2}% 13
\BOOKMARK [2][-]{subsection.2.5}{\376\377\121\154\164\006\0004\377\032\167\037\172\172\140\001}{section.2}% 14
\BOOKMARK [2][-]{subsection.2.6}{\376\377\121\154\164\006\0005\377\032\167\037\172\172\166\204\137\252\163\257\140\047}{section.2}% 15
\BOOKMARK [2][-]{subsection.2.7}{\376\377\232\214\213\301\140\073\176\323}{section.2}% 16
\BOOKMARK [1][-]{section.3}{\376\377\000H\000a\000a\000g\000-\000K\000a\000s\000t\000l\000e\000r\121\154\164\006\123\026\176\323\147\204}{part.1}% 17
\BOOKMARK [2][-]{subsection.3.1}{\376\377\137\025\212\000}{section.3}% 18
\BOOKMARK [2][-]{subsection.3.2}{\376\377\134\100\127\337\116\343\145\160}{section.3}% 19
\BOOKMARK [2][-]{subsection.3.3}{\376\377\121\154\164\006\0001\377\032\117\335\136\217\140\047}{section.3}% 20
\BOOKMARK [2][-]{subsection.3.4}{\376\377\121\154\164\006\0002\377\032\134\100\127\337\140\047\377\010\162\061\126\340\145\257\127\146\126\340\147\234\140\047\377\011}{section.3}% 21
\BOOKMARK [2][-]{subsection.3.5}{\376\377\121\154\164\006\0003\377\032\136\236\122\240\203\261\123\117\123\330\140\047}{section.3}% 22
\BOOKMARK [2][-]{subsection.3.6}{\376\377\121\154\164\006\0004\377\032\214\061\147\141\116\366}{section.3}% 23
\BOOKMARK [2][-]{subsection.3.7}{\376\377\121\154\164\006\0005\377\032\123\237\122\035\126\340\147\234\140\047}{section.3}% 24
\BOOKMARK [2][-]{subsection.3.8}{\376\377\123\357\122\240\140\047\124\214\131\026\220\350\217\336\176\355\140\047}{section.3}% 25
\BOOKMARK [2][-]{subsection.3.9}{\376\377\000S\000p\000l\000i\000t\140\047\215\050}{section.3}% 26
\BOOKMARK [2][-]{subsection.3.10}{\376\377\140\073\176\323}{section.3}% 27
\BOOKMARK [1][-]{section.4}{\376\377\124\310\133\306\230\177\221\317\166\204\214\061\122\006\147\220}{part.1}% 28
\BOOKMARK [2][-]{subsection.4.1}{\376\377\137\025\212\000}{section.4}% 29
\BOOKMARK [2][-]{subsection.4.2}{\376\377\201\352\117\064\140\047}{section.4}% 30
\BOOKMARK [2][-]{subsection.4.3}{\376\377\214\061\176\323\147\204}{section.4}% 31
\BOOKMARK [2][-]{subsection.4.4}{\376\377\176\323\213\272}{section.4}% 32
\BOOKMARK [0][-]{part.2}{\376\377\000I\000I\000\040\145\143\134\004\164\006\213\272\116\016\000S\000-\167\351\226\065}{}% 33
\BOOKMARK [1][-]{section.5}{\376\377\000C\000T\000U\000F\000T\116\055\166\204\000S\000-\167\351\226\065\137\142\137\017}{part.2}% 34
\BOOKMARK [2][-]{subsection.5.1}{\376\377\137\025\212\000}{section.5}% 35
\BOOKMARK [2][-]{subsection.5.2}{\376\377\156\020\217\321\140\001}{section.5}% 36
\BOOKMARK [2][-]{subsection.5.3}{\376\377\000S\000-\167\351\226\065\166\204\133\232\116\111}{section.5}% 37
\BOOKMARK [2][-]{subsection.5.4}{\376\377\000L\000S\000Z\176\246\123\026\121\154\137\017}{section.5}% 38
\BOOKMARK [2][-]{subsection.5.5}{\376\377\000S\000-\167\351\226\065\121\103}{section.5}% 39
\BOOKMARK [2][-]{subsection.5.6}{\376\377\116\244\123\311\133\371\171\360\140\047}{section.5}% 40
\BOOKMARK [2][-]{subsection.5.7}{\376\377\176\323\213\272}{section.5}% 41
\BOOKMARK [1][-]{section.6}{\376\377\000S\000-\167\351\226\065\136\172\153\143\140\047\377\032\145\160\120\074\232\214\213\301}{part.2}% 42
\BOOKMARK [2][-]{subsection.6.1}{\376\377\137\025\212\000}{section.6}% 43
\BOOKMARK [2][-]{subsection.6.2}{\376\377\136\172\153\143\140\047\147\141\116\366}{section.6}% 44
\BOOKMARK [2][-]{subsection.6.3}{\376\377\232\214\213\301\150\106\147\266}{section.6}% 45
\BOOKMARK [3][-]{subsubsection.6.3.1}{\376\377\122\006\147\220\166\204\217\307\172\013}{subsection.6.3}% 46
\BOOKMARK [3][-]{subsubsection.6.3.2}{\376\377\145\160\120\074\145\271\154\325}{subsection.6.3}% 47
\BOOKMARK [2][-]{subsection.6.4}{\376\377\176\323\147\234}{section.6}% 48
\BOOKMARK [3][-]{subsubsection.6.4.1}{\376\377\217\307\172\013\0001\377\032\143\040\163\207\000-\143\040\163\207\137\071\140\047\145\143\134\004}{subsection.6.4}% 49
\BOOKMARK [3][-]{subsubsection.6.4.2}{\376\377\217\307\172\013\0002\377\032\143\040\163\207\210\160\123\330\122\060\215\071\174\163\133\120\133\371}{subsection.6.4}% 50
\BOOKMARK [3][-]{subsubsection.6.4.3}{\376\377\217\307\172\013\0003\377\032\215\071\174\163\133\120\000-\123\315\215\071\174\163\133\120\156\156\160\155}{subsection.6.4}% 51
\BOOKMARK [3][-]{subsubsection.6.4.4}{\376\377\217\307\172\013\0004\377\032\211\304\203\003\163\273\202\162\133\120\145\143\134\004}{subsection.6.4}% 52
\BOOKMARK [3][-]{subsubsection.6.4.5}{\376\377\217\307\172\013\0005\377\032\136\014\150\074\145\257\000-\143\040\163\207\155\367\124\010}{subsection.6.4}% 53
\BOOKMARK [3][-]{subsubsection.6.4.6}{\376\377\217\307\172\013\0006\377\032\137\025\122\233\133\120\000-\143\040\163\207\145\143\134\004}{subsection.6.4}% 54
\BOOKMARK [3][-]{subsubsection.6.4.7}{\376\377\217\307\172\013\0007\377\032\116\055\137\256\133\120\143\057\203\141}{subsection.6.4}% 55
\BOOKMARK [2][-]{subsection.6.5}{\376\377\140\073\176\323\210\150}{section.6}% 56
\BOOKMARK [2][-]{subsection.6.6}{\376\377\200\375\221\317\117\235\215\126\140\047}{section.6}% 57
\BOOKMARK [2][-]{subsection.6.7}{\376\377\176\323\213\272}{section.6}% 58
\BOOKMARK [1][-]{section.7}{\376\377\145\160\120\074\176\323\147\234\116\016\232\214\213\301\176\306\202\202}{part.2}% 59
\BOOKMARK [2][-]{subsection.7.1}{\376\377\137\025\212\000}{section.7}% 60
\BOOKMARK [2][-]{subsection.7.2}{\376\377\217\307\172\013\0001\377\032\143\040\163\207\000-\143\040\163\207\137\071\140\047\145\143\134\004}{section.7}% 61
\BOOKMARK [3][-]{subsubsection.7.2.1}{\376\377\167\351\226\065\121\103}{subsection.7.2}% 62
\BOOKMARK [3][-]{subsubsection.7.2.2}{\376\377\136\172\153\143\140\047\150\300\232\214}{subsection.7.2}% 63
\BOOKMARK [2][-]{subsection.7.3}{\376\377\217\307\172\013\0002\377\032\143\040\163\207\210\160\123\330}{section.7}% 64
\BOOKMARK [3][-]{subsubsection.7.3.1}{\376\377\122\006\133\275\136\246}{subsection.7.3}% 65
\BOOKMARK [3][-]{subsubsection.7.3.2}{\376\377\136\172\153\143\140\047\124\214\211\304\122\031}{subsection.7.3}% 66
\BOOKMARK [2][-]{subsection.7.4}{\376\377\217\307\172\013\0003\000-\0007\377\032\154\107\140\073\210\150}{section.7}% 67
\BOOKMARK [2][-]{subsection.7.5}{\376\377\145\066\145\133\140\047\170\024\172\166}{section.7}% 68
\BOOKMARK [3][-]{subsubsection.7.5.1}{\376\377\150\074\160\271\225\364\215\335\117\235\215\126\140\047}{subsection.7.5}% 69
\BOOKMARK [2][-]{subsection.7.6}{\376\377\213\357\135\356\230\204\173\227}{section.7}% 70
\BOOKMARK [0][-]{part.3}{\376\377\000I\000I\000I\000\040\166\370\116\222\117\134\165\050\221\317\133\120\127\072}{}% 71
\BOOKMARK [1][-]{section.8}{\376\377\166\370\116\222\117\134\165\050\000W\000i\000g\000h\000t\000m\000a\000n\121\375\145\160}{part.3}% 72
\BOOKMARK [2][-]{subsection.8.1}{\376\377\137\025\212\000}{section.8}% 73
\BOOKMARK [2][-]{subsection.8.2}{\376\377\137\256\142\160\213\272}{section.8}% 74
\BOOKMARK [2][-]{subsection.8.3}{\376\377\145\366\225\364\177\026\136\217\121\163\200\124\121\375\145\160}{section.8}% 75
\BOOKMARK [2][-]{subsection.8.4}{\376\377\215\071\146\374\211\304\122\031}{section.8}% 76
\BOOKMARK [2][-]{subsection.8.5}{\376\377\217\333\134\125\162\266\140\001\377\010\0007\0000\000\045\377\011}{section.8}% 77
\BOOKMARK [3][-]{subsubsection.8.5.1}{\376\377\135\362\133\214\142\020}{subsection.8.5}% 78
\BOOKMARK [3][-]{subsubsection.8.5.2}{\376\377\217\333\210\114\116\055}{subsection.8.5}% 79
\BOOKMARK [2][-]{subsection.8.6}{\376\377\214\061\140\047\215\050}{section.8}% 80
\BOOKMARK [1][-]{section.9}{\376\377\000L\000S\000Z\176\246\123\026\137\142\137\017}{part.3}% 81
\BOOKMARK [2][-]{subsection.9.1}{\376\377\137\025\212\000}{section.9}% 82
\BOOKMARK [2][-]{subsection.9.2}{\376\377\176\246\123\026\121\154\137\017\143\250\133\374}{section.9}% 83
\BOOKMARK [3][-]{subsubsection.9.2.1}{\376\377\123\125\174\222\133\120\176\246\123\026}{subsection.9.2}% 84
\BOOKMARK [3][-]{subsubsection.9.2.2}{\376\377\000S\000-\167\351\226\065\121\103\166\204\176\246\123\026}{subsection.9.2}% 85
\BOOKMARK [2][-]{subsection.9.3}{\376\377\143\250\217\337\124\214\215\205\122\115\121\375\145\160}{section.9}% 86
\BOOKMARK [2][-]{subsection.9.4}{\376\377\214\061\210\150\171\072}{section.9}% 87
\BOOKMARK [2][-]{subsection.9.5}{\376\377\127\050\136\172\153\143\140\047\116\055\166\204\136\224\165\050}{section.9}% 88
\BOOKMARK [1][-]{section.10}{\376\377\221\315\145\164\123\026\116\016\156\020\217\321\133\211\121\150}{part.3}% 89
\BOOKMARK [2][-]{subsection.10.1}{\376\377\137\025\212\000}{section.10}% 90
\BOOKMARK [2][-]{subsection.10.2}{\376\377\176\364\145\160\153\143\211\304\123\026}{section.10}% 91
\BOOKMARK [2][-]{subsection.10.3}{\376\377\142\265\155\210\230\171}{section.10}% 92
\BOOKMARK [2][-]{subsection.10.4}{\376\377\221\315\145\164\123\026\177\244\155\101}{section.10}% 93
\BOOKMARK [2][-]{subsection.10.5}{\376\377\156\020\217\321\133\211\121\150}{section.10}% 94
\BOOKMARK [2][-]{subsection.10.6}{\376\377\162\151\164\006\141\017\116\111}{section.10}% 95
\BOOKMARK [0][-]{part.4}{\376\377\000I\000V\000\040\116\343\145\160\221\317\133\120\127\072\213\272}{}% 96
\BOOKMARK [1][-]{section.11}{\376\377\000T\000o\000m\000i\000t\000a\000-\000T\000a\000k\000e\000s\000a\000k\000i\152\041\164\006\213\272\116\016\160\355\140\001}{part.4}% 97
\BOOKMARK [2][-]{subsection.11.1}{\376\377\137\025\212\000}{section.11}% 98
\BOOKMARK [2][-]{subsection.11.2}{\376\377\152\041\173\227\173\046}{section.11}% 99
\BOOKMARK [2][-]{subsection.11.3}{\376\377\000T\000o\000m\000i\000t\000a\000-\000T\000a\000k\000e\000s\000a\000k\000i\133\232\164\006}{section.11}% 100
\BOOKMARK [2][-]{subsection.11.4}{\376\377\127\050\151\124\137\142\123\072\127\337\116\055\166\204\136\224\165\050}{section.11}% 101
\BOOKMARK [2][-]{subsection.11.5}{\376\377\152\041\124\310\133\306\230\177\221\317}{section.11}% 102
\BOOKMARK [2][-]{subsection.11.6}{\376\377\116\016\000H\000a\000w\000k\000i\000n\000g\156\051\136\246\166\204\200\124\174\373}{section.11}% 103
\BOOKMARK [2][-]{subsection.11.7}{\376\377\217\333\134\125\377\032\000C\000T\000U\000F\000T\116\055\166\204\000T\000o\000m\000i\000t\000a\000-\000T\000a\000k\000e\000s\000a\000k\000i\164\006\213\272\377\010\0004\0005\000\045\377\011}{section.11}% 104
\BOOKMARK [3][-]{subsubsection.11.7.1}{\376\377\135\362\133\214\142\020}{subsection.11.7}% 105
\BOOKMARK [3][-]{subsubsection.11.7.2}{\376\377\217\333\210\114\116\055}{subsection.11.7}% 106
\BOOKMARK [3][-]{subsubsection.11.7.3}{\376\377\137\000\145\076\225\356\230\230}{subsection.11.7}% 107
\BOOKMARK [2][-]{subsection.11.8}{\376\377\000K\000M\000S\140\001\116\016\160\355\136\163\210\141}{section.11}% 108
\BOOKMARK [2][-]{subsection.11.9}{\376\377\137\123\122\115\162\266\140\001}{section.11}% 109
\BOOKMARK [1][-]{section.12}{\376\377\000K\000M\000S\140\001\116\016\160\355\136\163\210\141}{part.4}% 110
\BOOKMARK [2][-]{subsection.12.1}{\376\377\137\025\212\000}{section.12}% 111
\BOOKMARK [2][-]{subsection.12.2}{\376\377\000K\000M\000S\147\141\116\366}{section.12}% 112
\BOOKMARK [2][-]{subsection.12.3}{\376\377\167\037\172\172\117\134\116\072\000K\000M\000S\140\001}{section.12}% 113
\BOOKMARK [2][-]{subsection.12.4}{\376\377\000C\000T\000U\000F\000T\116\055\166\204\000U\000n\000r\000u\000h\145\110\136\224}{section.12}% 114
\BOOKMARK [2][-]{subsection.12.5}{\376\377\160\355\122\233\133\146\116\000\201\364\140\047}{section.12}% 115
\BOOKMARK [1][-]{section.13}{\376\377\000I\000I\000I\127\213\126\340\133\120\116\016\000S\000p\000l\000i\000t\140\047\215\050}{part.4}% 116
\BOOKMARK [2][-]{subsection.13.1}{\376\377\137\025\212\000}{section.13}% 117
\BOOKMARK [2][-]{subsection.13.2}{\376\377\174\173\127\213\122\006\174\173}{section.13}% 118
\BOOKMARK [2][-]{subsection.13.3}{\376\377\000C\000T\000U\000F\000T\134\100\127\337\116\343\145\160}{section.13}% 119
\BOOKMARK [2][-]{subsection.13.4}{\376\377\000S\000p\000l\000i\000t\140\047\215\050}{section.13}% 120
\BOOKMARK [2][-]{subsection.13.5}{\376\377\137\123\122\115\162\266\140\001}{section.13}% 121
\BOOKMARK [0][-]{part.5}{\376\377\000V\000\040\121\340\117\125\221\317\133\120\123\026}{}% 122
\BOOKMARK [1][-]{section.14}{\376\377\121\340\117\125\221\317\133\120\123\026\377\032\230\204\221\317\133\120\123\026}{part.5}% 123
\BOOKMARK [2][-]{subsection.14.1}{\376\377\137\025\212\000}{section.14}% 124
\BOOKMARK [2][-]{subsection.14.2}{\376\377\176\317\121\170\166\370\172\172\225\364}{section.14}% 125
\BOOKMARK [2][-]{subsection.14.3}{\376\377\230\204\221\317\133\120\123\026\176\277\116\033}{section.14}% 126
\BOOKMARK [2][-]{subsection.14.4}{\376\377\230\204\221\317\133\120\173\227\173\046}{section.14}% 127
\BOOKMARK [2][-]{subsection.14.5}{\376\377\230\204\221\317\133\120\136\014\134\024\117\057\162\171\172\172\225\364}{section.14}% 128
\BOOKMARK [2][-]{subsection.14.6}{\376\377\217\333\134\125\377\032\230\204\221\317\133\120\123\026\377\010\0009\0000\000\045\377\011}{section.14}% 129
\BOOKMARK [3][-]{subsubsection.14.6.1}{\376\377\135\362\133\214\142\020}{subsection.14.6}% 130
\BOOKMARK [3][-]{subsubsection.14.6.2}{\376\377\122\151\117\131}{subsection.14.6}% 131
\BOOKMARK [2][-]{subsection.14.7}{\376\377\171\072\117\213\377\032\123\125\152\041\230\204\221\317\133\120\123\026}{section.14}% 132
\BOOKMARK [2][-]{subsection.14.8}{\376\377\116\016\000F\000o\000c\000k\172\172\225\364\166\204\200\124\174\373}{section.14}% 133
\BOOKMARK [1][-]{section.15}{\376\377\121\340\117\125\221\317\133\120\123\026\116\055\166\204\147\201\123\026}{part.5}% 134
\BOOKMARK [2][-]{subsection.15.1}{\376\377\137\025\212\000}{section.15}% 135
\BOOKMARK [2][-]{subsection.15.2}{\376\377\000K\000\344\000h\000l\000e\000r\147\201\123\026}{section.15}% 136
\BOOKMARK [2][-]{subsection.15.3}{\376\377\147\201\123\026\142\052\227\142}{section.15}% 137
\BOOKMARK [2][-]{subsection.15.4}{\376\377\121\205\171\357}{section.15}% 138
\BOOKMARK [2][-]{subsection.15.5}{\376\377\116\016\000F\000o\000c\000k\172\172\225\364\166\204\173\111\116\367\140\047}{section.15}% 139
\BOOKMARK [1][-]{section.16}{\376\377\121\340\117\125\221\317\133\120\123\026\116\016\000F\000o\000c\000k\210\150\171\072\166\204\173\111\116\367\140\047}{part.5}% 140
\BOOKMARK [2][-]{subsection.16.1}{\376\377\137\025\212\000}{section.16}% 141
\BOOKMARK [2][-]{subsection.16.2}{\376\377\000K\000\344\000h\000l\000e\000r\147\201\123\026}{section.16}% 142
\BOOKMARK [2][-]{subsection.16.3}{\376\377\221\317\133\120\136\014\134\024\117\057\162\171\172\172\225\364}{section.16}% 143
\BOOKMARK [2][-]{subsection.16.4}{\376\377\116\247\165\037\124\214\156\156\160\155\173\227\173\046}{section.16}% 144
\BOOKMARK [2][-]{subsection.16.5}{\376\377\116\073\211\201\173\111\116\367\140\047\133\232\164\006}{section.16}% 145
\BOOKMARK [2][-]{subsection.16.6}{\376\377\173\227\173\046\133\371\136\224}{section.16}% 146
\BOOKMARK [2][-]{subsection.16.7}{\376\377\162\151\164\006\141\017\116\111}{section.16}% 147
\BOOKMARK [2][-]{subsection.16.8}{\376\377\127\050\236\321\155\036\161\265\116\055\166\204\136\224\165\050}{section.16}% 148
\BOOKMARK [2][-]{subsection.16.9}{\376\377\176\323\213\272}{section.16}% 149
\BOOKMARK [1][-]{section.17}{\376\377\121\340\117\125\221\317\133\120\123\026\166\204\236\321\155\036\161\265}{part.5}% 150
\BOOKMARK [2][-]{subsection.17.1}{\376\377\137\025\212\000}{section.17}% 151
\BOOKMARK [2][-]{subsection.17.2}{\376\377\211\306\165\114\121\340\117\125}{section.17}% 152
\BOOKMARK [2][-]{subsection.17.3}{\376\377\211\306\165\114\116\012\166\204\166\370\172\172\225\364}{section.17}% 153
\BOOKMARK [2][-]{subsection.17.4}{\376\377\161\265\213\241\173\227}{section.17}% 154
\BOOKMARK [2][-]{subsection.17.5}{\376\377\221\317\133\120\117\356\153\143}{section.17}% 155
\BOOKMARK [2][-]{subsection.17.6}{\376\377\117\341\140\157\140\226\213\272\211\343\121\263}{section.17}% 156
\BOOKMARK [0][-]{part.6}{\376\377\000V\000I\000\040\116\000\201\364\140\047\116\016\134\125\147\033}{}% 157
\BOOKMARK [1][-]{section.18}{\376\377\215\350\121\154\164\006\116\000\201\364\140\047}{part.6}% 158
\BOOKMARK [2][-]{subsection.18.1}{\376\377\137\025\212\000}{section.18}% 159
\BOOKMARK [2][-]{subsection.18.2}{\376\377\000W\000i\000g\000h\000t\000m\000a\000n\000-\000H\000a\000a\000g\000-\000K\000a\000s\000t\000l\000e\000r\173\111\116\367\140\047}{section.18}% 160
\BOOKMARK [2][-]{subsection.18.3}{\376\377\214\061\116\000\201\364\140\047}{section.18}% 161
\BOOKMARK [2][-]{subsection.18.4}{\376\377\126\340\147\234\140\047\116\000\201\364\140\047}{section.18}% 162
\BOOKMARK [2][-]{subsection.18.5}{\376\377\176\323\213\272}{section.18}% 163
\BOOKMARK [1][-]{section.19}{\376\377\137\000\145\076\225\356\230\230\116\016\147\052\147\145\145\271\124\021}{part.6}% 164
\BOOKMARK [2][-]{subsection.19.1}{\376\377\145\160\133\146\143\021\142\030}{section.19}% 165
\BOOKMARK [3][-]{subsubsection.19.1.1}{\376\377\000I\000I\000I\127\213\126\340\133\120\176\323\147\204}{subsection.19.1}% 166
\BOOKMARK [3][-]{subsubsection.19.1.2}{\376\377\227\136\137\256\142\160\147\204\220\040}{subsection.19.1}% 167
\BOOKMARK [3][-]{subsubsection.19.1.3}{\376\377\145\340\226\120\176\364\155\113\136\246\164\006\213\272}{subsection.19.1}% 168
\BOOKMARK [2][-]{subsection.19.2}{\376\377\162\151\164\006\142\151\134\125}{section.19}% 169
\BOOKMARK [3][-]{subsubsection.19.2.1}{\376\377\221\317\133\120\117\341\140\157\213\272}{subsection.19.2}% 170
\BOOKMARK [3][-]{subsubsection.19.2.2}{\376\377\133\207\133\231\133\146\136\224\165\050}{subsection.19.2}% 171
\BOOKMARK [2][-]{subsection.19.3}{\376\377\215\350\133\146\171\321\200\124\174\373}{section.19}% 172
\BOOKMARK [3][-]{subsubsection.19.3.1}{\376\377\227\136\116\244\143\142\121\340\117\125}{subsection.19.3}% 173
\BOOKMARK [3][-]{subsubsection.19.3.2}{\376\377\137\046\164\006\213\272}{subsection.19.3}% 174
\BOOKMARK [2][-]{subsection.19.4}{\376\377\133\236\232\214\141\017\116\111}{section.19}% 175
\BOOKMARK [1][-]{section.20}{\376\377\176\323\213\272}{part.6}% 176
\BOOKMARK [2][-]{subsection.20.1}{\376\377\142\020\134\061\140\073\176\323}{section.20}% 177
\BOOKMARK [3][-]{subsubsection.20.1.1}{\376\377\121\154\164\006\123\026\127\372\170\100}{subsection.20.1}% 178
\BOOKMARK [3][-]{subsubsection.20.1.2}{\376\377\145\143\134\004\164\006\213\272}{subsection.20.1}% 179
\BOOKMARK [3][-]{subsubsection.20.1.3}{\376\377\166\370\116\222\117\134\165\050\127\072}{subsection.20.1}% 180
\BOOKMARK [3][-]{subsubsection.20.1.4}{\376\377\116\343\145\160\145\271\154\325}{subsection.20.1}% 181
\BOOKMARK [3][-]{subsubsection.20.1.5}{\376\377\121\340\117\125\221\317\133\120\123\026}{subsection.20.1}% 182
\BOOKMARK [2][-]{subsection.20.2}{\376\377\162\266\140\001\140\073\176\323}{section.20}% 183
\BOOKMARK [2][-]{subsection.20.3}{\376\377\145\160\133\146\116\045\150\074\140\047\133\236\163\260}{section.20}% 184
\BOOKMARK [2][-]{subsection.20.4}{\376\377\137\000\145\076\225\356\230\230\116\016\147\052\147\145\135\345\117\134}{section.20}% 185
\BOOKMARK [2][-]{subsection.20.5}{\376\377\116\016\162\151\164\006\230\204\155\113\166\204\121\163\174\373}{section.20}% 186
\BOOKMARK [2][-]{subsection.20.6}{\376\377\146\364\136\177\154\333\166\204\141\017\116\111}{section.20}% 187
\BOOKMARK [2][-]{subsection.20.7}{\376\377\176\323\213\355}{section.20}% 188
\BOOKMARK [1][-]{appendix.A}{\376\377\154\333\121\375\122\006\147\220\200\314\146\157}{part.6}% 189
\BOOKMARK [2][-]{subsection.A.1}{\376\377\136\014\134\024\117\057\162\171\172\172\225\364}{appendix.A}% 190
\BOOKMARK [2][-]{subsection.A.2}{\376\377\173\227\173\046\164\006\213\272}{appendix.A}% 191
\BOOKMARK [2][-]{subsection.A.3}{\376\377\214\061\133\232\164\006}{appendix.A}% 192
\BOOKMARK [2][-]{subsection.A.4}{\376\377\122\006\136\003\164\006\213\272}{appendix.A}% 193
\BOOKMARK [1][-]{appendix.B}{\376\377\000C\000T\000U\000F\000T\116\055\166\204\122\006\136\003\164\006\213\272}{part.6}% 194
\BOOKMARK [2][-]{subsection.B.1}{\376\377\155\113\213\325\121\375\145\160\172\172\225\364}{appendix.B}% 195
\BOOKMARK [2][-]{subsection.B.2}{\376\377\173\227\173\046\120\074\122\006\136\003}{appendix.B}% 196
\BOOKMARK [2][-]{subsection.B.3}{\376\377\000W\000i\000g\000h\000t\000m\000a\000n\121\375\145\160\117\134\116\072\122\006\136\003}{appendix.B}% 197
\BOOKMARK [2][-]{subsection.B.4}{\376\377\153\143\122\031\123\026}{appendix.B}% 198
\BOOKMARK [1][-]{appendix.C}{\376\377\145\160\120\074\145\271\154\325}{part.6}% 199
\BOOKMARK [2][-]{subsection.C.1}{\376\377\171\357\122\006\142\200\147\057}{appendix.C}% 200
\BOOKMARK [3][-]{subsubsection.C.1.1}{\376\377\201\352\220\002\136\224\000G\000a\000u\000s\000s\154\102\171\357}{subsection.C.1}% 201
\BOOKMARK [2][-]{subsection.C.2}{\376\377\167\351\226\065\217\320\173\227}{appendix.C}% 202
\BOOKMARK [2][-]{subsection.C.3}{\376\377\000M\000o\000n\000t\000e\000\040\000C\000a\000r\000l\000o\232\214\213\301}{appendix.C}% 203
\BOOKMARK [2][-]{subsection.C.4}{\376\377\116\343\170\001\116\323\136\223}{appendix.C}% 204
\BOOKMARK [1][-]{appendix.D}{\376\377\116\016\121\166\116\326\176\337\116\000\164\006\213\272\166\204\133\371\153\324}{part.6}% 205
\BOOKMARK [2][-]{subsection.D.1}{\376\377\151\202\217\360}{appendix.D}% 206
\BOOKMARK [2][-]{subsection.D.2}{\376\377\145\160\133\146\176\323\147\204}{appendix.D}% 207
\BOOKMARK [2][-]{subsection.D.3}{\376\377\000C\000T\000U\000F\000T\166\204\121\163\225\056\123\072\122\053}{appendix.D}% 208
