\BOOKMARK [1][-]{section.1}{\376\377\000I\000n\000t\000r\000o\000d\000u\000c\000t\000i\000o\000n}{}% 1
\BOOKMARK [2][-]{subsection.1.1}{\376\377\000T\000h\000e\000\040\000C\000h\000a\000l\000l\000e\000n\000g\000e\000\040\000o\000f\000\040\000Q\000u\000a\000n\000t\000u\000m\000\040\000G\000r\000a\000v\000i\000t\000y}{section.1}% 2
\BOOKMARK [2][-]{subsection.1.2}{\376\377\000C\000l\000a\000s\000s\000i\000c\000a\000l\000\040\000A\000n\000a\000l\000o\000g\000s\000\040\000i\000n\000\040\000P\000h\000y\000s\000i\000c\000s}{section.1}% 3
\BOOKMARK [2][-]{subsection.1.3}{\376\377\000T\000h\000e\000\040\000F\000r\000a\000c\000t\000a\000l\000-\000T\000o\000r\000s\000i\000o\000n\000\040\000D\000u\000a\000l\000i\000t\000y\000:\000\040\000C\000o\000r\000e\000\040\000F\000r\000a\000m\000e\000w\000o\000r\000k}{section.1}% 4
\BOOKMARK [3][-]{subsubsection.1.3.1}{\376\377\000K\000e\000y\000\040\000D\000i\000s\000t\000i\000n\000c\000t\000i\000o\000n\000\040\000f\000r\000o\000m\000\040\000C\000o\000n\000v\000e\000n\000t\000i\000o\000n\000a\000l\000\040\000Q\000u\000a\000n\000t\000u\000m\000\040\000G\000r\000a\000v\000i\000t\000y}{subsection.1.3}% 5
\BOOKMARK [3][-]{subsubsection.1.3.2}{\376\377\000R\000e\000c\000i\000p\000r\000o\000c\000a\000l\000-\000I\000n\000t\000e\000r\000n\000a\000l\000\040\000D\000u\000a\000l\000i\000t\000y}{subsection.1.3}% 6
\BOOKMARK [2][-]{subsection.1.4}{\376\377\000T\000h\000e\000\040\000R\000o\000t\000a\000t\000i\000n\000g\000\040\000S\000p\000h\000e\000r\000e\000\040\000a\000s\000\040\000C\000l\000a\000s\000s\000i\000c\000a\000l\000\040\000A\000n\000a\000l\000o\000g}{section.1}% 7
\BOOKMARK [2][-]{subsection.1.5}{\376\377\000P\000a\000p\000e\000r\000\040\000O\000r\000g\000a\000n\000i\000z\000a\000t\000i\000o\000n}{section.1}% 8
\BOOKMARK [1][-]{section.2}{\376\377\000T\000h\000e\000o\000r\000e\000t\000i\000c\000a\000l\000\040\000B\000a\000c\000k\000g\000r\000o\000u\000n\000d}{}% 9
\BOOKMARK [2][-]{subsection.2.1}{\376\377\000S\000p\000e\000c\000t\000r\000a\000l\000\040\000D\000i\000m\000e\000n\000s\000i\000o\000n\000\040\000i\000n\000\040\000Q\000u\000a\000n\000t\000u\000m\000\040\000G\000r\000a\000v\000i\000t\000y}{section.2}% 10
\BOOKMARK [3][-]{subsubsection.2.1.1}{\376\377\000D\000e\000f\000i\000n\000i\000t\000i\000o\000n\000\040\000a\000n\000d\000\040\000P\000r\000o\000p\000e\000r\000t\000i\000e\000s}{subsection.2.1}% 11
\BOOKMARK [3][-]{subsubsection.2.1.2}{\376\377\000P\000h\000e\000n\000o\000m\000e\000n\000o\000l\000o\000g\000i\000c\000a\000l\000\040\000M\000o\000d\000e\000l\000s}{subsection.2.1}% 12
\BOOKMARK [2][-]{subsection.2.2}{\376\377\000F\000r\000a\000c\000t\000a\000l\000-\000T\000o\000r\000s\000i\000o\000n\000\040\000D\000u\000a\000l\000i\000t\000y\000:\000\040\000D\000e\000t\000a\000i\000l\000e\000d\000\040\000F\000r\000a\000m\000e\000w\000o\000r\000k}{section.2}% 13
\BOOKMARK [3][-]{subsubsection.2.2.1}{\376\377\000M\000a\000t\000h\000e\000m\000a\000t\000i\000c\000a\000l\000\040\000S\000t\000r\000u\000c\000t\000u\000r\000e}{subsection.2.2}% 14
\BOOKMARK [3][-]{subsubsection.2.2.2}{\376\377\000T\000h\000e\000\040\000E\000q\000u\000i\000v\000a\000l\000e\000n\000c\000e\000\040\000T\000h\000e\000o\000r\000e\000m}{subsection.2.2}% 15
\BOOKMARK [3][-]{subsubsection.2.2.3}{\376\377\000P\000h\000y\000s\000i\000c\000a\000l\000\040\000I\000n\000t\000e\000r\000p\000r\000e\000t\000a\000t\000i\000o\000n}{subsection.2.2}% 16
\BOOKMARK [2][-]{subsection.2.3}{\376\377\000M\000u\000l\000t\000i\000p\000l\000e\000\040\000T\000w\000i\000s\000t\000i\000n\000g\000\040\000M\000e\000c\000h\000a\000n\000i\000s\000m}{section.2}% 17
\BOOKMARK [3][-]{subsubsection.2.3.1}{\376\377\000F\000i\000b\000e\000r\000\040\000B\000u\000n\000d\000l\000e\000\040\000E\000n\000e\000r\000g\000y\000\040\000S\000p\000e\000c\000t\000r\000u\000m}{subsection.2.3}% 18
\BOOKMARK [2][-]{subsection.2.4}{\376\377\000E\000x\000p\000e\000r\000i\000m\000e\000n\000t\000a\000l\000\040\000S\000e\000t\000u\000p}{section.2}% 19
\BOOKMARK [2][-]{subsection.2.5}{\376\377\000T\000r\000a\000d\000i\000t\000i\000o\000n\000a\000l\000\040\000I\000n\000t\000e\000r\000p\000r\000e\000t\000a\000t\000i\000o\000n}{section.2}% 20
\BOOKMARK [2][-]{subsection.2.6}{\376\377\000O\000b\000s\000e\000r\000v\000e\000d\000\040\000P\000h\000e\000n\000o\000m\000e\000n\000a}{section.2}% 21
\BOOKMARK [2][-]{subsection.2.7}{\376\377\000M\000a\000s\000s\000\040\000D\000e\000p\000e\000n\000d\000e\000n\000c\000e}{section.2}% 22
\BOOKMARK [1][-]{section.3}{\376\377\000T\000o\000r\000s\000i\000o\000n\000\040\000R\000e\000i\000n\000t\000e\000r\000p\000r\000e\000t\000a\000t\000i\000o\000n}{}% 23
\BOOKMARK [2][-]{subsection.3.1}{\376\377\000C\000e\000n\000t\000r\000i\000f\000u\000g\000a\000l\000\040\000F\000o\000r\000c\000e\000\040\000a\000s\000\040\000T\000o\000r\000s\000i\000o\000n}{section.3}% 24
\BOOKMARK [3][-]{subsubsection.3.1.1}{\376\377\000T\000h\000e\000\040\000C\000o\000r\000r\000e\000s\000p\000o\000n\000d\000e\000n\000c\000e}{subsection.3.1}% 25
\BOOKMARK [3][-]{subsubsection.3.1.2}{\376\377\000M\000a\000t\000h\000e\000m\000a\000t\000i\000c\000a\000l\000\040\000D\000e\000r\000i\000v\000a\000t\000i\000o\000n}{subsection.3.1}% 26
\BOOKMARK [3][-]{subsubsection.3.1.3}{\376\377\000P\000h\000y\000s\000i\000c\000a\000l\000\040\000I\000n\000t\000e\000r\000p\000r\000e\000t\000a\000t\000i\000o\000n}{subsection.3.1}% 27
\BOOKMARK [2][-]{subsection.3.2}{\376\377\000T\000o\000r\000s\000i\000o\000n\000\040\000P\000h\000a\000s\000e\000\040\000T\000r\000a\000n\000s\000i\000t\000i\000o\000n}{section.3}% 28
\BOOKMARK [3][-]{subsubsection.3.2.1}{\376\377\000O\000r\000d\000e\000r\000\040\000P\000a\000r\000a\000m\000e\000t\000e\000r}{subsection.3.2}% 29
\BOOKMARK [3][-]{subsubsection.3.2.2}{\376\377\000C\000r\000i\000t\000i\000c\000a\000l\000\040\000B\000e\000h\000a\000v\000i\000o\000r}{subsection.3.2}% 30
\BOOKMARK [3][-]{subsubsection.3.2.3}{\376\377\000T\000h\000r\000e\000e\000\040\000S\000t\000a\000g\000e\000s\000\040\000o\000f\000\040\000t\000h\000e\000\040\000T\000r\000a\000n\000s\000i\000t\000i\000o\000n}{subsection.3.2}% 31
\BOOKMARK [2][-]{subsection.3.3}{\376\377\000M\000u\000l\000t\000i\000p\000l\000e\000\040\000T\000w\000i\000s\000t\000i\000n\000g\000\040\000i\000n\000\040\000C\000l\000a\000s\000s\000i\000c\000a\000l\000\040\000S\000y\000s\000t\000e\000m}{section.3}% 32
\BOOKMARK [3][-]{subsubsection.3.3.1}{\376\377\000M\000a\000s\000s\000-\000T\000o\000r\000s\000i\000o\000n\000\040\000C\000o\000r\000r\000e\000s\000p\000o\000n\000d\000e\000n\000c\000e}{subsection.3.3}% 33
\BOOKMARK [3][-]{subsubsection.3.3.2}{\376\377\000E\000x\000p\000e\000r\000i\000m\000e\000n\000t\000a\000l\000\040\000P\000r\000e\000d\000i\000c\000t\000i\000o\000n\000s}{subsection.3.3}% 34
\BOOKMARK [1][-]{section.4}{\376\377\000E\000x\000p\000e\000r\000i\000m\000e\000n\000t\000a\000l\000\040\000T\000e\000s\000t\000s}{}% 35
\BOOKMARK [2][-]{subsection.4.1}{\376\377\000T\000e\000s\000t\000\040\0001\000:\000\040\000T\000o\000r\000s\000i\000o\000n\000\040\000S\000t\000i\000f\000f\000n\000e\000s\000s\000\040\000M\000e\000a\000s\000u\000r\000e\000m\000e\000n\000t}{section.4}% 36
\BOOKMARK [3][-]{subsubsection.4.1.1}{\376\377\000P\000r\000i\000n\000c\000i\000p\000l\000e}{subsection.4.1}% 37
\BOOKMARK [3][-]{subsubsection.4.1.2}{\376\377\000P\000r\000o\000t\000o\000c\000o\000l}{subsection.4.1}% 38
\BOOKMARK [3][-]{subsubsection.4.1.3}{\376\377\000E\000x\000p\000e\000c\000t\000e\000d\000\040\000R\000e\000s\000u\000l\000t\000s}{subsection.4.1}% 39
\BOOKMARK [3][-]{subsubsection.4.1.4}{\376\377\000P\000r\000e\000c\000i\000s\000i\000o\000n\000\040\000R\000e\000q\000u\000i\000r\000e\000m\000e\000n\000t\000s}{subsection.4.1}% 40
\BOOKMARK [2][-]{subsection.4.2}{\376\377\000T\000e\000s\000t\000\040\0002\000:\000\040\000R\000e\000l\000a\000x\000a\000t\000i\000o\000n\000\040\000D\000y\000n\000a\000m\000i\000c\000s}{section.4}% 41
\BOOKMARK [3][-]{subsubsection.4.2.1}{\376\377\000P\000r\000i\000n\000c\000i\000p\000l\000e}{subsection.4.2}% 42
\BOOKMARK [3][-]{subsubsection.4.2.2}{\376\377\000P\000r\000o\000t\000o\000c\000o\000l}{subsection.4.2}% 43
\BOOKMARK [3][-]{subsubsection.4.2.3}{\376\377\000E\000x\000p\000e\000c\000t\000e\000d\000\040\000R\000e\000s\000u\000l\000t\000s}{subsection.4.2}% 44
\BOOKMARK [2][-]{subsection.4.3}{\376\377\000T\000e\000s\000t\000\040\0003\000:\000\040\000M\000a\000s\000s\000\040\000Q\000u\000a\000n\000t\000i\000z\000a\000t\000i\000o\000n}{section.4}% 45
\BOOKMARK [3][-]{subsubsection.4.3.1}{\376\377\000P\000r\000i\000n\000c\000i\000p\000l\000e}{subsection.4.3}% 46
\BOOKMARK [3][-]{subsubsection.4.3.2}{\376\377\000P\000r\000o\000t\000o\000c\000o\000l}{subsection.4.3}% 47
\BOOKMARK [3][-]{subsubsection.4.3.3}{\376\377\000E\000x\000p\000e\000c\000t\000e\000d\000\040\000R\000e\000s\000u\000l\000t\000s}{subsection.4.3}% 48
\BOOKMARK [3][-]{subsubsection.4.3.4}{\376\377\000S\000t\000a\000t\000i\000s\000t\000i\000c\000a\000l\000\040\000A\000n\000a\000l\000y\000s\000i\000s}{subsection.4.3}% 49
\BOOKMARK [2][-]{subsection.4.4}{\376\377\000T\000e\000s\000t\000\040\0004\000:\000\040\000T\000o\000r\000s\000i\000o\000n\000\040\000I\000n\000t\000e\000r\000a\000c\000t\000i\000o\000n}{section.4}% 50
\BOOKMARK [3][-]{subsubsection.4.4.1}{\376\377\000P\000r\000i\000n\000c\000i\000p\000l\000e}{subsection.4.4}% 51
\BOOKMARK [3][-]{subsubsection.4.4.2}{\376\377\000P\000r\000o\000t\000o\000c\000o\000l}{subsection.4.4}% 52
\BOOKMARK [3][-]{subsubsection.4.4.3}{\376\377\000E\000x\000p\000e\000c\000t\000e\000d\000\040\000R\000e\000s\000u\000l\000t\000s}{subsection.4.4}% 53
\BOOKMARK [3][-]{subsubsection.4.4.4}{\376\377\000F\000e\000a\000s\000i\000b\000i\000l\000i\000t\000y}{subsection.4.4}% 54
\BOOKMARK [2][-]{subsection.4.5}{\376\377\000E\000x\000p\000e\000r\000i\000m\000e\000n\000t\000a\000l\000\040\000P\000r\000o\000b\000e\000s\000\040\000o\000f\000\040\000S\000p\000e\000c\000t\000r\000a\000l\000\040\000D\000i\000m\000e\000n\000s\000i\000o\000n\000\040\000F\000l\000o\000w}{section.4}% 55
\BOOKMARK [3][-]{subsubsection.4.5.1}{\376\377\000C\000o\000s\000m\000o\000l\000o\000g\000i\000c\000a\000l\000\040\000O\000b\000s\000e\000r\000v\000a\000t\000i\000o\000n\000s}{subsection.4.5}% 56
\BOOKMARK [3][-]{subsubsection.4.5.2}{\376\377\000H\000i\000g\000h\000-\000E\000n\000e\000r\000g\000y\000\040\000P\000a\000r\000t\000i\000c\000l\000e\000\040\000P\000h\000y\000s\000i\000c\000s}{subsection.4.5}% 57
\BOOKMARK [3][-]{subsubsection.4.5.3}{\376\377\000G\000r\000a\000v\000i\000t\000a\000t\000i\000o\000n\000a\000l\000\040\000W\000a\000v\000e\000\040\000O\000b\000s\000e\000r\000v\000a\000t\000i\000o\000n\000s}{subsection.4.5}% 58
\BOOKMARK [3][-]{subsubsection.4.5.4}{\376\377\000A\000t\000o\000m\000i\000c\000\040\000P\000h\000y\000s\000i\000c\000s\000\040\000P\000r\000e\000c\000i\000s\000i\000o\000n\000\040\000T\000e\000s\000t\000s}{subsection.4.5}% 59
\BOOKMARK [1][-]{section.5}{\376\377\000C\000o\000r\000r\000e\000s\000p\000o\000n\000d\000e\000n\000c\000e\000\040\000t\000o\000\040\000Q\000u\000a\000n\000t\000u\000m\000\040\000G\000r\000a\000v\000i\000t\000y}{}% 60
\BOOKMARK [2][-]{subsection.5.1}{\376\377\000M\000a\000t\000h\000e\000m\000a\000t\000i\000c\000a\000l\000\040\000I\000s\000o\000m\000o\000r\000p\000h\000i\000s\000m}{section.5}% 61
\BOOKMARK [2][-]{subsection.5.2}{\376\377\000U\000n\000i\000v\000e\000r\000s\000a\000l\000\040\000S\000c\000a\000l\000i\000n\000g}{section.5}% 62
\BOOKMARK [2][-]{subsection.5.3}{\376\377\000P\000h\000y\000s\000i\000c\000a\000l\000\040\000M\000e\000c\000h\000a\000n\000i\000s\000m\000s\000:\000\040\000C\000o\000m\000p\000l\000e\000m\000e\000n\000t\000a\000r\000y\000\040\000R\000e\000a\000l\000i\000z\000a\000t\000i\000o\000n\000s}{section.5}% 63
\BOOKMARK [2][-]{subsection.5.4}{\376\377\000P\000a\000r\000t\000i\000t\000i\000o\000n\000\040\000F\000u\000n\000c\000t\000i\000o\000n\000\040\000U\000n\000i\000f\000i\000c\000a\000t\000i\000o\000n\000:\000\040\000A\000\040\000D\000e\000e\000p\000e\000r\000\040\000P\000e\000r\000s\000p\000e\000c\000t\000i\000v\000e}{section.5}% 64
\BOOKMARK [3][-]{subsubsection.5.4.1}{\376\377\000T\000h\000e\000\040\000U\000n\000i\000v\000e\000r\000s\000a\000l\000\040\000F\000o\000r\000m\000u\000l\000a}{subsection.5.4}% 65
\BOOKMARK [3][-]{subsubsection.5.4.2}{\376\377\000Q\000u\000a\000n\000t\000u\000m\000\040\000G\000r\000a\000v\000i\000t\000y\000:\000\040\000Q\000u\000a\000n\000t\000u\000m\000\040\000T\000r\000a\000c\000e}{subsection.5.4}% 66
\BOOKMARK [3][-]{subsubsection.5.4.3}{\376\377\000R\000o\000t\000a\000t\000i\000n\000g\000\040\000S\000p\000h\000e\000r\000e\000:\000\040\000C\000l\000a\000s\000s\000i\000c\000a\000l\000\040\000I\000n\000t\000e\000g\000r\000a\000l}{subsection.5.4}% 67
\BOOKMARK [3][-]{subsubsection.5.4.4}{\376\377\000W\000h\000y\000\040\000t\000h\000e\000\040\000S\000a\000m\000e\000\040\000E\000x\000p\000o\000n\000e\000n\000t\000?\000\040\000=\000\040\0002}{subsection.5.4}% 68
\BOOKMARK [3][-]{subsubsection.5.4.5}{\376\377\000D\000i\000f\000f\000e\000r\000e\000n\000t\000\040\000D\000i\000r\000e\000c\000t\000i\000o\000n\000s\000,\000\040\000S\000a\000m\000e\000\040\000S\000t\000r\000u\000c\000t\000u\000r\000e}{subsection.5.4}% 69
\BOOKMARK [3][-]{subsubsection.5.4.6}{\376\377\000P\000h\000y\000s\000i\000c\000a\000l\000\040\000I\000n\000t\000e\000r\000p\000r\000e\000t\000a\000t\000i\000o\000n\000\040\000o\000f\000\040\000t\000h\000e\000\040\000C\000o\000r\000r\000e\000s\000p\000o\000n\000d\000e\000n\000c\000e}{subsection.5.4}% 70
\BOOKMARK [2][-]{subsection.5.5}{\376\377\000S\000p\000e\000c\000t\000r\000a\000l\000\040\000G\000e\000o\000m\000e\000t\000r\000y\000\040\000F\000l\000o\000w\000:\000\040\000T\000h\000e\000\040\000D\000e\000e\000p\000e\000s\000t\000\040\000U\000n\000i\000f\000i\000c\000a\000t\000i\000o\000n}{section.5}% 71
\BOOKMARK [3][-]{subsubsection.5.5.1}{\376\377\000S\000p\000e\000c\000t\000r\000a\000l\000\040\000G\000e\000o\000m\000e\000t\000r\000y\000\040\000a\000n\000d\000\040\000t\000h\000e\000\040\000L\000a\000p\000l\000a\000c\000i\000a\000n}{subsection.5.5}% 72
\BOOKMARK [3][-]{subsubsection.5.5.2}{\376\377\000R\000e\000n\000o\000r\000m\000a\000l\000i\000z\000a\000t\000i\000o\000n\000\040\000G\000r\000o\000u\000p\000\040\000F\000l\000o\000w}{subsection.5.5}% 73
\BOOKMARK [3][-]{subsubsection.5.5.3}{\376\377\000T\000h\000e\000\040\000S\000p\000e\000c\000t\000r\000a\000l\000\040\000F\000l\000o\000w\000\040\000E\000q\000u\000a\000t\000i\000o\000n}{subsection.5.5}% 74
\BOOKMARK [3][-]{subsubsection.5.5.4}{\376\377\000U\000V\000\040\000v\000s\000\040\000I\000R\000:\000\040\000C\000o\000m\000p\000l\000e\000m\000e\000n\000t\000a\000r\000y\000\040\000F\000i\000x\000e\000d\000\040\000P\000o\000i\000n\000t\000s}{subsection.5.5}% 75
\BOOKMARK [3][-]{subsubsection.5.5.5}{\376\377\000I\000s\000o\000s\000p\000e\000c\000t\000r\000a\000l\000\040\000D\000e\000f\000o\000r\000m\000a\000t\000i\000o\000n\000\040\000a\000n\000d\000\040\000D\000u\000a\000l\000i\000t\000y}{subsection.5.5}% 76
\BOOKMARK [3][-]{subsubsection.5.5.6}{\376\377\000P\000h\000y\000s\000i\000c\000a\000l\000\040\000I\000n\000t\000e\000r\000p\000r\000e\000t\000a\000t\000i\000o\000n\000:\000\040\000G\000e\000o\000m\000e\000t\000r\000y\000\040\000a\000s\000\040\000F\000l\000o\000w}{subsection.5.5}% 77
\BOOKMARK [3][-]{subsubsection.5.5.7}{\376\377\000I\000m\000p\000l\000i\000c\000a\000t\000i\000o\000n\000s\000\040\000f\000o\000r\000\040\000Q\000u\000a\000n\000t\000u\000m\000\040\000G\000r\000a\000v\000i\000t\000y}{subsection.5.5}% 78
\BOOKMARK [1][-]{section.6}{\376\377\000P\000h\000i\000l\000o\000s\000o\000p\000h\000i\000c\000a\000l\000\040\000I\000m\000p\000l\000i\000c\000a\000t\000i\000o\000n\000s}{}% 79
\BOOKMARK [2][-]{subsection.6.1}{\376\377\000C\000o\000n\000s\000t\000r\000a\000i\000n\000t\000-\000D\000e\000p\000e\000n\000d\000e\000n\000t\000\040\000D\000i\000m\000e\000n\000s\000i\000o\000n}{section.6}% 80
\BOOKMARK [3][-]{subsubsection.6.1.1}{\376\377\000D\000i\000s\000t\000i\000n\000g\000u\000i\000s\000h\000i\000n\000g\000\040\000T\000w\000o\000\040\000T\000y\000p\000e\000s\000\040\000o\000f\000\040\000`\000`\000D\000e\000p\000e\000n\000d\000e\000n\000c\000e\000'\000'}{subsection.6.1}% 81
\BOOKMARK [3][-]{subsubsection.6.1.2}{\376\377\000T\000h\000e\000\040\000C\000r\000i\000t\000i\000c\000a\000l\000\040\000D\000i\000s\000t\000i\000n\000c\000t\000i\000o\000n}{subsection.6.1}% 82
\BOOKMARK [3][-]{subsubsection.6.1.3}{\376\377\000W\000h\000y\000\040\000T\000h\000i\000s\000\040\000M\000a\000t\000t\000e\000r\000s}{subsection.6.1}% 83
\BOOKMARK [2][-]{subsection.6.2}{\376\377\000T\000h\000e\000\040\000N\000a\000t\000u\000r\000e\000\040\000o\000f\000\040\000P\000h\000y\000s\000i\000c\000a\000l\000\040\000R\000e\000a\000l\000i\000t\000y}{section.6}% 84
\BOOKMARK [2][-]{subsection.6.3}{\376\377\000P\000e\000d\000a\000g\000o\000g\000i\000c\000a\000l\000\040\000V\000a\000l\000u\000e}{section.6}% 85
\BOOKMARK [1][-]{section.7}{\376\377\000C\000o\000n\000c\000l\000u\000s\000i\000o\000n\000\040\000a\000n\000d\000\040\000F\000u\000t\000u\000r\000e\000\040\000D\000i\000r\000e\000c\000t\000i\000o\000n\000s}{}% 86
\BOOKMARK [2][-]{subsection.7.1}{\376\377\000K\000e\000y\000\040\000R\000e\000s\000u\000l\000t\000s}{section.7}% 87
\BOOKMARK [2][-]{subsection.7.2}{\376\377\000F\000u\000t\000u\000r\000e\000\040\000D\000i\000r\000e\000c\000t\000i\000o\000n\000s}{section.7}% 88
\BOOKMARK [2][-]{subsection.7.3}{\376\377\000F\000i\000n\000a\000l\000\040\000R\000e\000m\000a\000r\000k\000s}{section.7}% 89
\BOOKMARK [1][-]{appendix.A}{\376\377\000N\000u\000m\000e\000r\000i\000c\000a\000l\000\040\000S\000i\000m\000u\000l\000a\000t\000i\000o\000n\000s}{}% 90
\BOOKMARK [2][-]{subsection.A.1}{\376\377\000S\000i\000m\000u\000l\000a\000t\000i\000o\000n\000\040\000P\000a\000r\000a\000m\000e\000t\000e\000r\000s}{appendix.A}% 91
\BOOKMARK [2][-]{subsection.A.2}{\376\377\000D\000i\000m\000e\000n\000s\000i\000o\000n\000\040\000C\000a\000l\000c\000u\000l\000a\000t\000i\000o\000n}{appendix.A}% 92
\BOOKMARK [2][-]{subsection.A.3}{\376\377\000R\000e\000s\000u\000l\000t\000s}{appendix.A}% 93
\BOOKMARK [1][-]{appendix.B}{\376\377\000D\000e\000t\000a\000i\000l\000e\000d\000\040\000D\000e\000r\000i\000v\000a\000t\000i\000o\000n\000s}{}% 94
\BOOKMARK [2][-]{subsection.B.1}{\376\377\000T\000o\000r\000s\000i\000o\000n\000\040\000F\000i\000e\000l\000d\000\040\000E\000q\000u\000a\000t\000i\000o\000n\000s}{appendix.B}% 95
\BOOKMARK [2][-]{subsection.B.2}{\376\377\000G\000e\000o\000d\000e\000s\000i\000c\000\040\000E\000q\000u\000a\000t\000i\000o\000n\000\040\000w\000i\000t\000h\000\040\000T\000o\000r\000s\000i\000o\000n}{appendix.B}% 96
\BOOKMARK [1][-]{appendix.C}{\376\377\000E\000x\000p\000e\000r\000i\000m\000e\000n\000t\000a\000l\000\040\000P\000r\000o\000t\000o\000c\000o\000l\000\040\000D\000e\000t\000a\000i\000l\000s}{}% 97
\BOOKMARK [2][-]{subsection.C.1}{\376\377\000E\000q\000u\000i\000p\000m\000e\000n\000t\000\040\000L\000i\000s\000t}{appendix.C}% 98
\BOOKMARK [2][-]{subsection.C.2}{\376\377\000C\000a\000l\000i\000b\000r\000a\000t\000i\000o\000n\000\040\000P\000r\000o\000c\000e\000d\000u\000r\000e\000s}{appendix.C}% 99
\BOOKMARK [2][-]{subsection.C.3}{\376\377\000D\000a\000t\000a\000\040\000A\000n\000a\000l\000y\000s\000i\000s\000\040\000C\000o\000d\000e}{appendix.C}% 100
\BOOKMARK [1][-]{appendix.D}{\376\377\000G\000e\000o\000m\000e\000t\000r\000i\000c\000-\000E\000n\000e\000r\000g\000y\000\040\000C\000o\000n\000v\000e\000r\000s\000i\000o\000n\000\040\000a\000n\000d\000\040\000C\000o\000n\000s\000t\000r\000a\000i\000n\000t\000\040\000H\000i\000e\000r\000a\000r\000c\000h\000y}{}% 101
\BOOKMARK [2][-]{subsection.D.1}{\376\377\000F\000u\000n\000d\000a\000m\000e\000n\000t\000a\000l\000\040\000P\000r\000i\000n\000c\000i\000p\000l\000e\000:\000\040\000C\000o\000n\000s\000t\000r\000a\000i\000n\000t\000\040\000a\000s\000\040\000E\000n\000e\000r\000g\000y}{appendix.D}% 102
\BOOKMARK [2][-]{subsection.D.2}{\376\377\000M\000a\000t\000h\000e\000m\000a\000t\000i\000c\000a\000l\000\040\000F\000o\000r\000m\000u\000l\000a\000t\000i\000o\000n}{appendix.D}% 103
\BOOKMARK [2][-]{subsection.D.3}{\376\377\000C\000o\000n\000v\000e\000r\000s\000i\000o\000n\000\040\000E\000x\000a\000m\000p\000l\000e\000s}{appendix.D}% 104
\BOOKMARK [1][-]{appendix.E}{\376\377\000B\000i\000d\000i\000r\000e\000c\000t\000i\000o\000n\000a\000l\000\040\000S\000p\000e\000c\000t\000r\000a\000l\000\040\000D\000i\000m\000e\000n\000s\000i\000o\000n\000\040\000F\000l\000o\000w}{}% 105
\BOOKMARK [2][-]{subsection.E.1}{\376\377\000D\000y\000n\000a\000m\000i\000c\000\040\000R\000a\000n\000g\000e\000:\000\040\000d\000s\000\040\000[\0002\000,\000\040\0001\0000\000]}{appendix.E}% 106
\BOOKMARK [2][-]{subsection.E.2}{\376\377\000U\000n\000i\000f\000i\000e\000d\000\040\000F\000o\000r\000m\000u\000l\000a\000:\000\040\000E\000n\000e\000r\000g\000y\000\040\000D\000e\000t\000e\000r\000m\000i\000n\000e\000s\000\040\000A\000l\000l}{appendix.E}% 107
\BOOKMARK [2][-]{subsection.E.3}{\376\377\000P\000h\000y\000s\000i\000c\000a\000l\000\040\000I\000n\000t\000e\000r\000p\000r\000e\000t\000a\000t\000i\000o\000n}{appendix.E}% 108
\BOOKMARK [2][-]{subsection.E.4}{\376\377\000C\000r\000i\000t\000i\000c\000a\000l\000\040\000B\000e\000h\000a\000v\000i\000o\000r}{appendix.E}% 109
\BOOKMARK [2][-]{subsection.E.5}{\376\377\000M\000u\000l\000t\000i\000p\000l\000e\000\040\000T\000w\000i\000s\000t\000i\000n\000g\000\040\000O\000r\000i\000g\000i\000n\000\040\000o\000f\000\040\000E\000t\000o\000r\000s\000i\000o\000n}{appendix.E}% 110
\BOOKMARK [2][-]{subsection.E.6}{\376\377\000M\000u\000l\000t\000i\000p\000l\000e\000\040\000T\000w\000i\000s\000t\000i\000n\000g\000\040\000a\000n\000d\000\040\000F\000u\000l\000l\000\040\000D\000y\000n\000a\000m\000i\000c\000\040\000R\000a\000n\000g\000e}{appendix.E}% 111
\BOOKMARK [1][-]{appendix.F}{\376\377\000A\000p\000p\000l\000i\000c\000a\000t\000i\000o\000n\000s\000\040\000t\000o\000\040\000P\000h\000y\000s\000i\000c\000a\000l\000\040\000S\000y\000s\000t\000e\000m\000s}{}% 112
\BOOKMARK [2][-]{subsection.F.1}{\376\377\000B\000l\000a\000c\000k\000\040\000H\000o\000l\000e\000s\000:\000\040\000E\000v\000e\000n\000t\000\040\000H\000o\000r\000i\000z\000o\000n\000\040\000a\000s\000\040\000G\000e\000o\000m\000e\000t\000r\000i\000c\000\040\000C\000o\000n\000s\000t\000r\000a\000i\000n\000t}{appendix.F}% 113
\BOOKMARK [2][-]{subsection.F.2}{\376\377\000A\000t\000o\000m\000i\000c\000\040\000P\000h\000y\000s\000i\000c\000s\000:\000\040\000C\000o\000u\000l\000o\000m\000b\000\040\000P\000o\000t\000e\000n\000t\000i\000a\000l\000\040\000a\000s\000\040\000G\000e\000o\000m\000e\000t\000r\000i\000c\000\040\000C\000o\000n\000s\000t\000r\000a\000i\000n\000t}{appendix.F}% 114
\BOOKMARK [2][-]{subsection.F.3}{\376\377\000E\000n\000e\000r\000g\000y\000\040\000C\000y\000c\000l\000e\000:\000\040\000I\000n\000t\000e\000r\000n\000a\000l\000\040\000\040\000R\000e\000c\000i\000p\000r\000o\000c\000a\000l\000\040\000S\000p\000a\000c\000e}{appendix.F}% 115
\BOOKMARK [1][-]{appendix.G}{\376\377\000C\000K\000M\000\040\000M\000a\000t\000r\000i\000x\000\040\000a\000n\000d\000\040\000S\000p\000e\000c\000t\000r\000a\000l\000\040\000D\000i\000m\000e\000n\000s\000i\000o\000n\000\040\000F\000l\000o\000w}{}% 116
\BOOKMARK [2][-]{subsection.G.1}{\376\377\000C\000K\000M\000\040\000H\000i\000e\000r\000a\000r\000c\000h\000y\000\040\000f\000r\000o\000m\000\040\000E\000n\000e\000r\000g\000y\000-\000D\000e\000p\000e\000n\000d\000e\000n\000t\000\040\000M\000i\000x\000i\000n\000g}{appendix.G}% 117
\BOOKMARK [2][-]{subsection.G.2}{\376\377\000M\000a\000t\000h\000e\000m\000a\000t\000i\000c\000a\000l\000\040\000F\000o\000r\000m\000u\000l\000a\000t\000i\000o\000n}{appendix.G}% 118
\BOOKMARK [2][-]{subsection.G.3}{\376\377\000S\000p\000e\000c\000t\000r\000a\000l\000\040\000D\000i\000m\000e\000n\000s\000i\000o\000n\000\040\000D\000e\000p\000e\000n\000d\000e\000n\000c\000e\000\040\000o\000f\000\040\000M\000i\000x\000i\000n\000g\000\040\000A\000n\000g\000l\000e\000s}{appendix.G}% 119
\BOOKMARK [2][-]{subsection.G.4}{\376\377\000M\000u\000l\000t\000i\000p\000l\000e\000\040\000T\000w\000i\000s\000t\000i\000n\000g\000\040\000a\000n\000d\000\040\000C\000K\000M\000\040\000S\000t\000r\000u\000c\000t\000u\000r\000e}{appendix.G}% 120
\BOOKMARK [2][-]{subsection.G.5}{\376\377\000O\000b\000s\000e\000r\000v\000a\000b\000l\000e\000\040\000P\000r\000e\000d\000i\000c\000t\000i\000o\000n\000s}{appendix.G}% 121
\BOOKMARK [1][-]{appendix.H}{\376\377\000T\000h\000r\000e\000e\000-\000L\000a\000y\000e\000r\000\040\000C\000o\000n\000s\000e\000r\000v\000a\000t\000i\000o\000n\000\040\000a\000n\000d\000\040\000S\000p\000e\000c\000t\000r\000a\000l\000\040\000D\000i\000m\000e\000n\000s\000i\000o\000n}{}% 122
\BOOKMARK [2][-]{subsection.H.1}{\376\377\000C\000o\000n\000s\000e\000r\000v\000a\000t\000i\000o\000n\000\040\000H\000i\000e\000r\000a\000r\000c\000h\000y}{appendix.H}% 123
\BOOKMARK [2][-]{subsection.H.2}{\376\377\000P\000a\000r\000t\000i\000t\000i\000o\000n\000\040\000F\000u\000n\000c\000t\000i\000o\000n\000\040\000U\000n\000i\000f\000i\000c\000a\000t\000i\000o\000n}{appendix.H}% 124
\BOOKMARK [2][-]{subsection.H.3}{\376\377\000S\000p\000e\000c\000t\000r\000a\000l\000\040\000D\000i\000m\000e\000n\000s\000i\000o\000n\000\040\000a\000s\000\040\000C\000o\000n\000s\000e\000r\000v\000a\000t\000i\000o\000n\000\040\000M\000e\000a\000s\000u\000r\000e}{appendix.H}% 125
