\BOOKMARK [0][-]{section*.1}{}{}% 1
\BOOKMARK [1][-]{section*.2}{\376\377\000C\000o\000n\000t\000e\000n\000t\000s}{section*.1}% 2
\BOOKMARK [1][-]{section*.3}{\376\377\137\025\212\000}{section*.1}% 3
\BOOKMARK [2][-]{section*.4}{\376\377\133\373\154\102\176\337\116\000}{section*.3}% 4
\BOOKMARK [2][-]{section*.5}{\376\377\163\260\147\011\145\271\154\325\123\312\121\166\134\100\226\120\140\047}{section*.3}% 5
\BOOKMARK [2][-]{section*.6}{\376\377\147\054\145\271\154\325}{section*.3}% 6
\BOOKMARK [2][-]{section*.7}{\376\377\121\163\225\056\176\323\147\234\116\016\230\204\212\000}{section*.3}% 7
\BOOKMARK [2][-]{section*.8}{\376\377\213\272\145\207\176\323\147\204}{section*.3}% 8
\BOOKMARK [2][-]{section*.9}{\376\377\173\046\123\367\124\214\176\246\133\232}{section*.3}% 9
\BOOKMARK [1][-]{section*.10}{\376\377\145\160\133\146\127\372\170\100}{section*.1}% 10
\BOOKMARK [2][-]{section*.11}{\376\377\121\113\122\051\171\217\137\267\116\343\145\160\000\040\000C\000l\000\050\0003\000,\0001\000\051\000\040\124\214\000\040\000C\000l\000\050\0001\000,\0009\000\051}{section*.10}% 11
\BOOKMARK [3][-]{section*.12}{\376\377\126\333\176\364\145\366\172\172\116\343\145\160\000\040\000C\000l\000\050\0003\000,\0001\000\051}{section*.11}% 12
\BOOKMARK [3][-]{section*.13}{\376\377\123\101\176\364\121\205\220\350\172\172\225\364\116\343\145\160\000\040\000C\000l\000\050\0001\000,\0009\000\051}{section*.11}% 13
\BOOKMARK [3][-]{section*.14}{\376\377\116\343\145\160\116\113\225\364\166\204\133\371\120\166\121\163\174\373}{section*.11}% 14
\BOOKMARK [2][-]{section*.15}{\376\377\145\313\221\317\177\244\116\016\211\206\166\326\146\040\134\004}{section*.10}% 15
\BOOKMARK [2][-]{section*.16}{\376\377\214\061\176\364\145\160}{section*.10}% 16
\BOOKMARK [2][-]{section*.17}{\376\377\122\006\137\142\155\113\136\246}{section*.10}% 17
\BOOKMARK [2][-]{section*.18}{\376\377\142\155\146\362\121\113\122\051\171\217\137\267\116\343\145\160}{section*.10}% 18
\BOOKMARK [2][-]{section*.19}{\376\377\116\016\211\304\203\003\164\006\213\272\166\204\200\124\174\373}{section*.10}% 19
\BOOKMARK [2][-]{section*.20}{\376\377\134\017\176\323}{section*.10}% 20
\BOOKMARK [1][-]{section*.21}{\376\377\150\070\137\303\164\006\213\272\150\106\147\266}{section*.1}% 21
\BOOKMARK [2][-]{section*.22}{\376\377\0004\000D\142\323\142\121\000-\0001\0000\000D\214\061\133\371\120\166\140\047}{section*.21}% 22
\BOOKMARK [2][-]{section*.23}{\376\377\122\250\140\001\214\061\176\364\145\160}{section*.21}% 23
\BOOKMARK [2][-]{section*.24}{\376\377\172\172\225\364\116\113\225\364\166\204\200\375\221\317\155\101}{section*.21}% 24
\BOOKMARK [2][-]{section*.25}{\376\377\133\210\140\122\137\213\134\102\153\041\176\323\147\204}{section*.21}% 25
\BOOKMARK [2][-]{section*.26}{\376\377\122\006\137\142\000-\142\155\146\362\173\111\116\367\140\047}{section*.21}% 26
\BOOKMARK [2][-]{section*.27}{\376\377\176\337\116\000\122\250\122\233\133\146}{section*.21}% 27
\BOOKMARK [2][-]{section*.28}{\376\377\116\011\117\115\116\000\117\123\150\106\147\266}{section*.21}% 28
\BOOKMARK [2][-]{section*.29}{\376\377\0000\000\040\166\204\173\054\116\000\140\047\123\237\164\006\143\250\133\374}{section*.21}% 29
\BOOKMARK [2][-]{section*.30}{\376\377\134\017\176\323}{section*.21}% 30
\BOOKMARK [1][-]{section*.31}{\376\377\126\333\171\315\127\372\147\054\122\233\166\204\121\340\117\125\176\337\116\000}{section*.1}% 31
\BOOKMARK [2][-]{section*.32}{\376\377\176\337\116\000\122\233\134\102\153\041\176\323\147\204}{section*.31}% 32
\BOOKMARK [2][-]{section*.33}{\376\377\121\113\122\051\171\217\137\267\116\343\145\160\176\323\147\204\166\204\122\233\215\167\156\220}{section*.31}% 33
\BOOKMARK [3][-]{section*.34}{\376\377\137\025\122\233\377\032\0004\000D\120\022\146\023\172\172\225\364\166\204\121\340\117\125\146\362\163\207}{section*.33}% 34
\BOOKMARK [3][-]{section*.35}{\376\377\165\065\170\301\133\146\377\032\147\145\201\352\0001\0005\000\260\142\155\146\362\166\204\000\040\000U\000\050\0001\000\051}{section*.33}% 35
\BOOKMARK [3][-]{section*.36}{\376\377\137\061\122\233\377\032\147\145\201\352\0003\0000\000\260\142\155\146\362\166\204\000\040\000S\000U\000\050\0002\000\051}{section*.33}% 36
\BOOKMARK [3][-]{section*.37}{\376\377\137\072\122\233\377\032\147\145\201\352\0004\0005\000\260\142\155\146\362\166\204\000\040\000S\000U\000\050\0003\000\051}{section*.33}% 37
\BOOKMARK [2][-]{section*.38}{\376\377\116\007\202\261\173\122\142\225\137\161\147\072\122\066}{section*.31}% 38
\BOOKMARK [2][-]{section*.39}{\376\377\215\321\122\250\200\046\124\010\116\016\176\337\116\000}{section*.31}% 39
\BOOKMARK [2][-]{section*.40}{\376\377\134\017\176\323\377\032\121\340\117\125\176\337\116\000}{section*.31}% 40
\BOOKMARK [2][-]{section*.41}{\376\377\123\314\124\021\214\061\155\101}{section*.31}% 41
\BOOKMARK [3][-]{section*.42}{\376\377\127\372\147\054\121\154\137\017}{section*.41}% 42
\BOOKMARK [3][-]{section*.43}{\376\377\162\151\164\006\140\305\146\157\133\371\136\224}{section*.41}% 43
\BOOKMARK [3][-]{section*.44}{\376\377\137\122\116\000\123\026\133\210\140\122\137\213}{section*.41}% 44
\BOOKMARK [3][-]{section*.45}{\376\377\116\016\123\237\131\313\121\154\137\017\166\204\121\174\133\271\140\047}{section*.41}% 45
\BOOKMARK [2][-]{section*.46}{\376\377\214\061\155\101\166\204\162\151\164\006\211\343\221\312}{section*.31}% 46
\BOOKMARK [3][-]{section*.47}{\376\377\146\264\200\300\117\134\116\072\166\370\123\330}{section*.46}% 47
\BOOKMARK [3][-]{section*.48}{\376\377\236\321\155\036\117\134\116\072\145\366\225\364\146\166\117\123}{section*.46}% 48
\BOOKMARK [3][-]{section*.49}{\376\377\146\227\200\375\221\317\117\134\116\072\136\163\210\141\137\040\122\233}{section*.46}% 49
\BOOKMARK [2][-]{section*.50}{\376\377\176\337\116\000\126\376\146\157}{section*.31}% 50
\BOOKMARK [2][-]{section*.51}{\376\377\116\016\123\237\131\313\121\154\137\017\166\204\121\163\174\373}{section*.31}% 51
\BOOKMARK [2][-]{section*.52}{\376\377\131\032\221\315\142\155\146\362\134\125\137\000}{section*.31}% 52
\BOOKMARK [3][-]{section*.53}{\376\377\142\155\146\362\134\102\153\041\176\323\147\204}{section*.52}% 53
\BOOKMARK [3][-]{section*.54}{\376\377\200\375\221\317\117\235\215\126\137\142\162\266\126\340\133\120}{section*.52}% 54
\BOOKMARK [3][-]{section*.55}{\376\377\116\224\116\052\162\354\172\313\000\040\000Z\040\202\000\040\126\340\133\120}{section*.52}% 55
\BOOKMARK [3][-]{section*.56}{\376\377\142\155\146\362\152\041\137\017\166\370\116\222\117\134\165\050}{section*.52}% 56
\BOOKMARK [2][-]{section*.57}{\376\377\122\006\137\142\000-\142\155\146\362\173\111\116\367\140\047\377\032\213\346\176\306\143\250\133\374}{section*.31}% 57
\BOOKMARK [3][-]{section*.58}{\376\377\122\006\137\142\155\113\136\246\164\006\213\272}{section*.57}% 58
\BOOKMARK [3][-]{section*.59}{\376\377\173\111\116\367\146\040\134\004}{section*.57}% 59
\BOOKMARK [3][-]{section*.60}{\376\377\162\151\164\006\211\343\221\312}{section*.57}% 60
\BOOKMARK [3][-]{section*.61}{\376\377\123\357\211\302\155\113\124\016\147\234}{section*.57}% 61
\BOOKMARK [2][-]{section*.62}{\376\377\121\163\225\056\121\163\174\373\140\073\176\323}{section*.31}% 62
\BOOKMARK [1][-]{section*.63}{\376\377\137\025\122\233\164\006\213\272}{section*.1}% 63
\BOOKMARK [2][-]{section*.64}{\376\377\116\316\236\316\146\374\122\060\236\316\146\374\000-\126\011\137\123\121\340\117\125}{section*.63}% 64
\BOOKMARK [2][-]{section*.65}{\376\377\162\061\126\340\145\257\127\146\000-\126\011\137\123\127\072\145\271\172\013}{section*.63}% 65
\BOOKMARK [2][-]{section*.66}{\376\377\121\155\171\315\137\025\122\233\154\342\120\117\143\057\152\041\137\017}{section*.63}% 66
\BOOKMARK [2][-]{section*.67}{\376\377\117\040\144\255\220\037\136\246\116\016\202\162\145\143}{section*.63}% 67
\BOOKMARK [2][-]{section*.68}{\376\377\137\061\127\072\147\201\226\120}{section*.63}% 68
\BOOKMARK [2][-]{section*.69}{\376\377\137\072\127\072\123\072\127\337}{section*.63}% 69
\BOOKMARK [2][-]{section*.70}{\376\377\143\242\155\113\122\115\146\157}{section*.63}% 70
\BOOKMARK [2][-]{section*.71}{\376\377\116\016\136\177\116\111\166\370\133\371\213\272\166\204\116\000\201\364\140\047}{section*.63}% 71
\BOOKMARK [2][-]{section*.72}{\376\377\134\017\176\323}{section*.63}% 72
\BOOKMARK [1][-]{section*.73}{\376\377\214\061\176\364\155\101\116\016\145\366\172\172\142\323\142\121}{section*.1}% 73
\BOOKMARK [2][-]{section*.74}{\376\377\127\372\147\054\123\072\122\006\377\032\142\323\142\121\176\364\145\160\116\016\214\061\176\364\145\160}{section*.73}% 74
\BOOKMARK [2][-]{section*.75}{\376\377\116\007\202\261\173\122\142\225\137\161\147\072\122\066}{section*.73}% 75
\BOOKMARK [2][-]{section*.76}{\376\377\172\177\215\212\211\306\165\114\166\204\200\375\221\317\140\001\215\303\217\301}{section*.73}% 76
\BOOKMARK [2][-]{section*.77}{\376\377\124\021\121\205\122\006\137\142\142\151\134\125}{section*.73}% 77
\BOOKMARK [2][-]{section*.78}{\376\377\137\025\122\233\117\134\116\072\121\205\220\350\172\172\225\364\200\375\221\317\150\257\136\246}{section*.73}% 78
\BOOKMARK [2][-]{section*.79}{\376\377\176\337\116\000\126\376\146\157\377\032\116\044\116\052\225\356\230\230\146\057\124\014\116\000\217\307\172\013}{section*.73}% 79
\BOOKMARK [2][-]{section*.80}{\376\377\145\313\217\154\164\003\133\236\232\214\117\134\116\072\236\321\155\036\174\173\153\324}{section*.73}% 80
\BOOKMARK [2][-]{section*.81}{\376\377\000G\000U\000T\134\072\136\246\131\004\166\204\122\233\145\271\124\021\123\072\122\006}{section*.73}% 81
\BOOKMARK [2][-]{section*.82}{\376\377\134\017\176\323}{section*.73}% 82
\BOOKMARK [1][-]{section*.83}{\376\377\116\016\136\177\116\111\166\370\133\371\213\272\166\204\207\215\124\010}{section*.1}% 83
\BOOKMARK [2][-]{section*.84}{\376\377\164\006\213\272\166\204\134\102\153\041\176\323\147\204}{section*.83}% 84
\BOOKMARK [2][-]{section*.85}{\376\377\147\201\226\120\166\204\162\151\164\006\211\343\221\312}{section*.83}% 85
\BOOKMARK [2][-]{section*.86}{\376\377\131\051\117\123\162\151\164\006\200\314\146\157\116\013\166\204\143\040\163\207\117\356\153\143}{section*.83}% 86
\BOOKMARK [2][-]{section*.87}{\376\377\214\061\176\364\145\160\116\016\136\177\116\111\166\370\133\371\213\272\121\174\133\271\140\047}{section*.83}% 87
\BOOKMARK [2][-]{section*.88}{\376\377\137\025\122\233\154\342\120\117\143\057\377\032\116\000\116\052\123\072\122\006\166\204\230\204\212\000}{section*.83}% 88
\BOOKMARK [2][-]{section*.89}{\376\377\133\207\133\231\133\146\117\356\153\143}{section*.83}% 89
\BOOKMARK [2][-]{section*.90}{\376\377\147\145\201\352\121\340\117\125\143\040\163\207\166\204\146\227\200\375\221\317}{section*.83}% 90
\BOOKMARK [2][-]{section*.91}{\376\377\124\362\133\146\124\053\116\111}{section*.83}% 91
\BOOKMARK [2][-]{section*.92}{\376\377\134\017\176\323}{section*.83}% 92
\BOOKMARK [1][-]{section*.93}{\376\377\147\145\201\352\121\340\117\125\166\204\211\304\203\003\164\006\213\272}{section*.1}% 93
\BOOKMARK [2][-]{section*.94}{\376\377\211\304\203\003\133\371\171\360\140\047\166\204\121\340\117\125\215\167\156\220}{section*.93}% 94
\BOOKMARK [2][-]{section*.95}{\376\377\150\070\122\006\211\343}{section*.93}% 95
\BOOKMARK [2][-]{section*.96}{\376\377\165\065\170\301\133\146\377\032\000U\000\050\0001\000\051}{section*.93}% 96
\BOOKMARK [2][-]{section*.97}{\376\377\137\061\166\370\116\222\117\134\165\050\377\032\000S\000U\000\050\0002\000\051}{section*.93}% 97
\BOOKMARK [2][-]{section*.98}{\376\377\137\072\166\370\116\222\117\134\165\050\377\032\000S\000U\000\050\0003\000\051}{section*.93}% 98
\BOOKMARK [2][-]{section*.99}{\376\377\000C\000K\000M\124\214\000P\000M\000N\000S\167\351\226\065}{section*.93}% 99
\BOOKMARK [2][-]{section*.100}{\376\377\215\071\174\163\133\120\215\050\221\317}{section*.93}% 100
\BOOKMARK [2][-]{section*.101}{\376\377\200\046\124\010\136\070\145\160\176\337\116\000}{section*.93}% 101
\BOOKMARK [2][-]{section*.102}{\376\377\134\017\176\323}{section*.93}% 102
\BOOKMARK [2][-]{section*.103}{\376\377\147\011\145\110\000C\000K\000M\152\041\127\213\377\032\173\200\123\026\123\302\145\160\123\026}{section*.93}% 103
\BOOKMARK [3][-]{section*.104}{\376\377\116\011\123\302\145\160\147\011\145\110\152\041\127\213}{section*.103}% 104
\BOOKMARK [3][-]{section*.105}{\376\377\215\050\221\317\153\324\217\223\121\145}{section*.103}% 105
\BOOKMARK [3][-]{section*.106}{\376\377\147\011\145\110\152\041\127\213\166\204\134\100\226\120\140\047}{section*.103}% 106
\BOOKMARK [3][-]{section*.107}{\376\377\116\016\133\214\145\164\164\006\213\272\166\204\121\163\174\373}{section*.103}% 107
\BOOKMARK [3][-]{section*.108}{\376\377\117\125\145\366\117\177\165\050\124\352\171\315\152\041\127\213}{section*.103}% 108
\BOOKMARK [3][-]{section*.109}{\376\377\145\131\133\146\116\367\120\074}{section*.103}% 109
\BOOKMARK [3][-]{section*.110}{\376\377\140\073\176\323}{section*.103}% 110
\BOOKMARK [2][-]{section*.111}{\376\377\122\006\137\142\000-\143\040\163\207\133\371\120\166\166\204\000C\000K\000M\167\351\226\065}{section*.93}% 111
\BOOKMARK [3][-]{section*.112}{\376\377\133\371\120\166\117\134\116\072\213\241\173\227\135\345\121\167}{section*.111}% 112
\BOOKMARK [3][-]{section*.113}{\376\377\153\145\232\244\0001\377\032\122\006\137\142\150\007\136\246\166\204\131\070\121\113\215\050\221\317\134\102\153\041}{section*.111}% 113
\BOOKMARK [3][-]{section*.114}{\376\377\153\145\232\244\0002\377\032\143\040\163\207\152\041\137\017\200\046\124\010\166\204\155\367\124\010\211\322}{section*.111}% 114
\BOOKMARK [3][-]{section*.115}{\376\377\153\145\232\244\0003\377\032\167\037\172\172\142\323\142\121\166\204\000C\000P\170\064\127\117}{section*.111}% 115
\BOOKMARK [3][-]{section*.116}{\376\377\133\214\145\164\000C\000K\000M\167\351\226\065}{section*.111}% 116
\BOOKMARK [3][-]{section*.117}{\376\377\116\072\116\300\116\110\133\371\120\166\221\315\211\201\377\032\213\241\173\227\145\110\163\207}{section*.111}% 117
\BOOKMARK [3][-]{section*.118}{\376\377\142\151\134\125\122\060\000P\000M\000N\000S\167\351\226\065}{section*.111}% 118
\BOOKMARK [3][-]{section*.119}{\376\377\215\367\215\367\147\177\121\340\117\125\166\204\116\055\137\256\133\120\215\050\221\317}{section*.111}% 119
\BOOKMARK [3][-]{section*.120}{\376\377\142\155\217\154\221\315\123\340\166\204\000P\000M\000N\000S\155\367\124\010\211\322}{section*.111}% 120
\BOOKMARK [3][-]{section*.121}{\376\377\217\173\133\120\000C\000P\170\064\127\117}{section*.111}% 121
\BOOKMARK [3][-]{section*.122}{\376\377\174\276\133\306\131\070\121\113\215\050\221\317\153\324}{section*.111}% 122
\BOOKMARK [3][-]{section*.123}{\376\377\172\000\147\011\210\160\123\330\230\204\212\000}{section*.111}% 123
\BOOKMARK [3][-]{section*.124}{\376\377\124\163\162\151\164\006\230\204\212\000\140\073\176\323}{section*.111}% 124
\BOOKMARK [2][-]{section*.125}{\376\377\145\271\154\325\213\272\123\315\140\035\377\032\122\006\137\142\000-\143\040\163\207\133\371\120\166\166\204\124\362\133\146}{section*.93}% 125
\BOOKMARK [3][-]{section*.126}{\376\377\145\160\133\146\116\015\173\111\116\367\377\014\162\151\164\006\173\111\116\367}{section*.125}% 126
\BOOKMARK [3][-]{section*.127}{\376\377\213\241\173\227\116\055\166\204\116\222\210\145\140\047}{section*.125}% 127
\BOOKMARK [3][-]{section*.128}{\376\377\133\371\120\166\117\134\116\072\163\260\133\236\166\204\162\171\137\201}{section*.125}% 128
\BOOKMARK [3][-]{section*.129}{\376\377\123\206\123\362\174\173\153\324}{section*.125}% 129
\BOOKMARK [3][-]{section*.130}{\376\377\214\061\176\364\145\160\166\204\117\134\165\050}{section*.125}% 130
\BOOKMARK [3][-]{section*.131}{\376\377\133\371\221\317\133\120\137\025\122\233\166\204\124\053\116\111}{section*.125}% 131
\BOOKMARK [3][-]{section*.132}{\376\377\116\000\116\052\153\324\125\273}{section*.125}% 132
\BOOKMARK [3][-]{section*.133}{\376\377\176\323\213\272}{section*.125}% 133
\BOOKMARK [1][-]{section*.134}{\376\377\116\316\0001\0000\000D\121\340\117\125\133\374\121\372\133\214\145\164\000Q\000F\000T\142\311\150\074\147\027\145\345\221\317}{section*.1}% 134
\BOOKMARK [2][-]{section*.135}{\376\377\137\025\212\000}{section*.134}% 135
\BOOKMARK [2][-]{section*.136}{\376\377\0001\0000\000D\116\055\166\204\116\073\142\311\150\074\147\027\145\345\221\317}{section*.134}% 136
\BOOKMARK [3][-]{section*.137}{\376\377\121\340\117\125\117\134\165\050\221\317}{section*.136}% 137
\BOOKMARK [3][-]{section*.138}{\376\377\121\113\122\051\171\217\137\267\116\343\145\160\000\040\000C\000l\000\050\0001\000,\0009\000\051}{section*.136}% 138
\BOOKMARK [2][-]{section*.139}{\376\377\176\364\136\246\176\246\123\026\377\032\220\032\217\307\142\155\217\154\201\234\166\204\0001\0000\000D\000\040\000\040\0004\000D}{section*.134}% 139
\BOOKMARK [3][-]{section*.140}{\376\377\201\234\000-\142\155\217\154\147\072\122\066}{section*.139}% 140
\BOOKMARK [3][-]{section*.141}{\376\377\211\304\203\003\133\371\171\360\140\047\166\204\155\214\163\260}{section*.139}% 141
\BOOKMARK [2][-]{section*.142}{\376\377\137\025\122\233\220\350\122\006}{section*.134}% 142
\BOOKMARK [3][-]{section*.143}{\376\377\162\061\126\340\145\257\127\146\000-\136\014\134\024\117\057\162\171\230\171}{section*.142}% 143
\BOOKMARK [3][-]{section*.144}{\376\377\143\040\163\207\230\171}{section*.142}% 144
\BOOKMARK [2][-]{section*.145}{\376\377\211\304\203\003\220\350\122\006}{section*.134}% 145
\BOOKMARK [3][-]{section*.146}{\376\377\000U\000\050\0001\000\051\000Y\377\032\215\205\203\167\211\304\203\003\127\072}{section*.145}% 146
\BOOKMARK [3][-]{section*.147}{\376\377\000S\000U\000\050\0002\000\051\000L\377\032\137\061\211\304\203\003\127\072}{section*.145}% 147
\BOOKMARK [3][-]{section*.148}{\376\377\000S\000U\000\050\0003\000\051\000C\377\032\202\162\211\304\203\003\127\072}{section*.145}% 148
\BOOKMARK [2][-]{section*.149}{\376\377\215\071\174\163\133\120\220\350\122\006}{section*.134}% 149
\BOOKMARK [3][-]{section*.150}{\376\377\162\304\142\311\121\113\142\311\150\074\147\027\145\345\221\317}{section*.149}% 150
\BOOKMARK [3][-]{section*.151}{\376\377\211\304\203\003\166\370\116\222\117\134\165\050}{section*.149}% 151
\BOOKMARK [3][-]{section*.152}{\376\377\142\113\137\201\176\323\147\204}{section*.149}% 152
\BOOKMARK [2][-]{section*.153}{\376\377\136\014\150\074\145\257\220\350\122\006}{section*.134}% 153
\BOOKMARK [3][-]{section*.154}{\376\377\117\134\116\072\175\047\201\364\123\026\172\172\225\364\152\041\137\017\166\204\136\014\150\074\145\257\127\072}{section*.153}% 154
\BOOKMARK [3][-]{section*.155}{\376\377\136\014\150\074\145\257\122\277}{section*.153}% 155
\BOOKMARK [3][-]{section*.156}{\376\377\136\014\150\074\145\257\000V\000E\000V\124\214\215\050\221\317}{section*.153}% 156
\BOOKMARK [2][-]{section*.157}{\376\377\154\144\135\335\200\046\124\010}{section*.134}% 157
\BOOKMARK [3][-]{section*.158}{\376\377\121\340\117\125\215\167\156\220}{section*.157}% 158
\BOOKMARK [3][-]{section*.159}{\376\377\215\050\221\317\116\247\165\037}{section*.157}% 159
\BOOKMARK [2][-]{section*.160}{\376\377\133\214\145\164\150\007\121\306\152\041\127\213\142\311\150\074\147\027\145\345\221\317}{section*.134}% 160
\BOOKMARK [3][-]{section*.161}{\376\377\211\304\203\003\116\015\123\330\137\142\137\017}{section*.160}% 161
\BOOKMARK [2][-]{section*.162}{\376\377\133\214\145\164\000C\000T\000U\000F\000T\142\311\150\074\147\027\145\345\221\317}{section*.134}% 162
\BOOKMARK [2][-]{section*.163}{\376\377\116\316\121\340\117\125\133\374\121\372\166\204\123\302\145\160}{section*.134}% 163
\BOOKMARK [2][-]{section*.164}{\376\377\140\073\176\323}{section*.134}% 164
\BOOKMARK [1][-]{section*.165}{\376\377\137\025\212\000\377\032\117\134\116\072\122\250\122\233\133\146\123\330\221\317\166\204\145\366\225\364}{section*.1}% 165
\BOOKMARK [1][-]{section*.166}{\376\377\145\366\225\364\117\134\116\072\214\061\176\364\145\160\155\101}{section*.1}% 166
\BOOKMARK [2][-]{section*.167}{\376\377\145\366\225\364\000-\214\061\133\371\136\224}{section*.166}% 167
\BOOKMARK [2][-]{section*.168}{\376\377\145\366\225\364\227\136\123\125\214\003\140\047}{section*.166}% 168
\BOOKMARK [1][-]{section*.169}{\376\377\145\366\225\364\225\134\120\317\116\016\121\205\172\172\225\364}{section*.1}% 169
\BOOKMARK [2][-]{section*.170}{\376\377\145\366\225\364\133\371\120\166\140\047}{section*.169}% 170
\BOOKMARK [2][-]{section*.171}{\376\377\142\323\142\121\225\134\120\317\123\315\157\024}{section*.169}% 171
\BOOKMARK [1][-]{section*.172}{\376\377\145\366\225\364\173\255\131\064\166\204\121\340\117\125\215\167\156\220}{section*.1}% 172
\BOOKMARK [2][-]{section*.173}{\376\377\161\265\117\134\116\072\121\340\117\125\131\015\147\102\140\047}{section*.172}% 173
\BOOKMARK [2][-]{section*.174}{\376\377\133\207\133\231\133\146\145\366\225\364\173\255\131\064}{section*.172}% 174
\BOOKMARK [1][-]{section*.175}{\376\377\221\317\133\120\145\366\225\364\116\016\227\136\133\232\127\337\140\047}{section*.1}% 175
\BOOKMARK [2][-]{section*.176}{\376\377\145\366\225\364\176\240\177\040}{section*.175}% 176
\BOOKMARK [2][-]{section*.177}{\376\377\221\317\133\120\000-\176\317\121\170\217\154\123\330}{section*.175}% 177
\BOOKMARK [1][-]{section*.178}{\376\377\147\201\172\357\147\141\116\366\116\013\166\204\145\366\225\364}{section*.1}% 178
\BOOKMARK [2][-]{section*.179}{\376\377\236\321\155\036\226\104\217\321}{section*.178}% 179
\BOOKMARK [2][-]{section*.180}{\376\377\133\207\133\231\133\146\145\366\147\037}{section*.178}% 180
\BOOKMARK [1][-]{section*.181}{\376\377\140\073\176\323}{section*.1}% 181
\BOOKMARK [1][-]{section*.182}{\376\377\221\317\133\120\122\233\133\146\166\204\121\340\117\125\211\343\221\312}{section*.1}% 182
\BOOKMARK [2][-]{section*.183}{\376\377\137\025\212\000\377\032\221\317\133\120\122\233\133\146\166\204\121\340\117\125\123\026}{section*.182}% 183
\BOOKMARK [2][-]{section*.184}{\376\377\117\134\116\072\176\244\176\364\116\033\142\052\227\142\166\204\221\317\133\120\140\001}{section*.182}% 184
\BOOKMARK [3][-]{section*.185}{\376\377\133\371\136\224\121\163\174\373}{section*.184}% 185
\BOOKMARK [2][-]{section*.186}{\376\377\155\113\221\317\166\204\121\340\117\125\377\032\173\054\116\000\140\047\123\237\164\006\143\250\133\374}{section*.182}% 186
\BOOKMARK [3][-]{section*.187}{\376\377\155\113\221\317\117\134\116\072\116\073\122\250\166\370\116\222\117\134\165\050}{section*.186}% 187
\BOOKMARK [3][-]{section*.188}{\376\377\155\113\221\317\145\366\225\364\121\154\137\017}{section*.186}% 188
\BOOKMARK [3][-]{section*.189}{\376\377\221\317\133\120\155\113\221\317\225\356\230\230\166\204\155\210\211\343}{section*.186}% 189
\BOOKMARK [2][-]{section*.190}{\376\377\221\317\133\120\176\240\177\040\166\204\121\340\117\125\211\343\221\312}{section*.182}% 190
\BOOKMARK [3][-]{section*.191}{\376\377\176\240\177\040\117\134\116\072\121\161\116\253\121\205\145\366\225\364}{section*.190}% 191
\BOOKMARK [3][-]{section*.192}{\376\377\116\072\116\300\116\110\154\241\147\011\117\341\123\367\117\040\217\223\377\037}{section*.190}% 192
\BOOKMARK [3][-]{section*.193}{\376\377\176\240\177\040\161\265\166\204\121\340\117\125\121\154\137\017}{section*.190}% 193
\BOOKMARK [2][-]{section*.194}{\376\377\131\032\174\222\133\120\174\373\176\337\116\016\121\340\117\125\221\317\133\120\127\072\213\272}{section*.182}% 194
\BOOKMARK [3][-]{section*.195}{\376\377\131\032\174\222\133\120\136\014\134\024\117\057\162\171\172\172\225\364}{section*.194}% 195
\BOOKMARK [3][-]{section*.196}{\376\377\121\150\124\014\174\222\133\120\116\016\116\244\143\142\133\371\171\360\140\047}{section*.194}% 196
\BOOKMARK [3][-]{section*.197}{\376\377\000F\000o\000c\000k\172\172\225\364\116\016\127\072\173\227\173\046}{section*.194}% 197
\BOOKMARK [3][-]{section*.198}{\376\377\227\136\133\232\127\337\140\047\000v\000s\126\340\147\234\140\047}{section*.194}% 198
\BOOKMARK [2][-]{section*.199}{\376\377\140\073\176\323}{section*.182}% 199
\BOOKMARK [2][-]{section*.200}{\376\377\176\240\177\040\121\340\117\125\377\010\137\205\177\373\213\321\377\011}{section*.182}% 200
\BOOKMARK [2][-]{section*.201}{\376\377\131\032\174\222\133\120\000Q\000F\000T\377\010\137\205\177\373\213\321\377\011}{section*.182}% 201
\BOOKMARK [2][-]{section*.202}{\376\377\000Y\000u\000k\000a\000w\000a\200\046\124\010\377\010\137\205\177\373\213\321\377\011}{section*.182}% 202
\BOOKMARK [2][-]{section*.203}{\376\377\215\071\174\163\133\120\215\050\221\317\133\214\145\164\213\241\173\227\377\010\137\205\177\373\213\321\377\011}{section*.182}% 203
\BOOKMARK [2][-]{section*.204}{\376\377\121\340\117\125\221\315\145\164\123\026\177\244\155\101\377\010\137\205\177\373\213\321\377\011}{section*.182}% 204
\BOOKMARK [2][-]{section*.205}{\376\377\215\205\215\212\150\007\121\306\152\041\127\213\377\010\137\205\177\373\213\321\377\011}{section*.182}% 205
\BOOKMARK [2][-]{section*.206}{\376\377\133\236\232\214\150\300\232\214\377\010\137\205\177\373\213\321\377\011}{section*.182}% 206
\BOOKMARK [1][-]{section*.207}{\376\377\215\071\174\163\133\120\215\050\221\317\116\016\174\222\133\120\162\151\164\006}{section*.1}% 207
\BOOKMARK [2][-]{section*.208}{\376\377\137\025\212\000\377\032\215\050\221\317\166\204\121\340\117\125\215\167\156\220}{section*.207}% 208
\BOOKMARK [2][-]{section*.209}{\376\377\000Y\000u\000k\000a\000w\000a\200\046\124\010\166\204\121\340\117\125\147\145\156\220}{section*.207}% 209
\BOOKMARK [3][-]{section*.210}{\376\377\221\315\123\340\171\357\122\006\121\154\137\017}{section*.209}% 210
\BOOKMARK [3][-]{section*.211}{\376\377\142\155\217\154\211\322\116\016\215\050\221\317\134\102\176\247}{section*.209}% 211
\BOOKMARK [2][-]{section*.212}{\376\377\133\214\145\164\215\071\174\163\133\120\215\050\221\317\230\204\155\113}{section*.207}% 212
\BOOKMARK [3][-]{section*.213}{\376\377\131\070\121\113\215\050\221\317\167\351\226\065}{section*.212}% 213
\BOOKMARK [3][-]{section*.214}{\376\377\217\173\133\120\215\050\221\317}{section*.212}% 214
\BOOKMARK [3][-]{section*.215}{\376\377\176\337\213\241\142\337\124\010}{section*.212}% 215
\BOOKMARK [2][-]{section*.216}{\376\377\000C\000K\000M\167\351\226\065\166\204\121\340\117\125\143\250\133\374}{section*.207}% 216
\BOOKMARK [3][-]{section*.217}{\376\377\155\367\124\010\167\351\226\065\117\134\116\072\142\155\217\154\145\313\217\154}{section*.216}% 217
\BOOKMARK [3][-]{section*.218}{\376\377\000C\000P\170\064\127\117\123\302\145\160}{section*.216}% 218
\BOOKMARK [2][-]{section*.219}{\376\377\221\315\145\164\123\026\177\244\155\101}{section*.207}% 219
\BOOKMARK [3][-]{section*.220}{\376\377\121\340\117\125\000B\000e\000t\000a\121\375\145\160}{section*.219}% 220
\BOOKMARK [3][-]{section*.221}{\376\377\131\047\176\337\116\000}{section*.219}% 221
\BOOKMARK [2][-]{section*.222}{\376\377\215\205\215\212\150\007\121\306\152\041\127\213}{section*.207}% 222
\BOOKMARK [3][-]{section*.223}{\376\377\116\055\137\256\133\120\215\050\221\317}{section*.222}% 223
\BOOKMARK [3][-]{section*.224}{\376\377\146\227\162\151\215\050\120\031\220\011\200\005}{section*.222}% 224
\BOOKMARK [3][-]{section*.225}{\376\377\221\315\133\120\145\160\116\015\133\210\140\122}{section*.222}% 225
\BOOKMARK [2][-]{section*.226}{\376\377\133\236\232\214\150\300\232\214}{section*.207}% 226
\BOOKMARK [3][-]{section*.227}{\376\377\123\357\150\300\232\214\230\204\212\000}{section*.226}% 227
\BOOKMARK [3][-]{section*.228}{\376\377\147\052\147\145\155\113\213\325}{section*.226}% 228
\BOOKMARK [2][-]{section*.229}{\376\377\140\073\176\323}{section*.207}% 229
\BOOKMARK [1][-]{section*.230}{\376\377\236\321\155\036\164\006\213\272}{section*.1}% 230
\BOOKMARK [2][-]{section*.231}{\376\377\137\025\212\000\377\032\236\321\155\036\166\204\116\011\131\047\214\034\230\230}{section*.230}% 231
\BOOKMARK [2][-]{section*.232}{\376\377\176\317\121\170\000G\000R\116\055\166\204\131\107\160\271\225\356\230\230}{section*.230}% 232
\BOOKMARK [2][-]{section*.233}{\376\377\226\066\153\265\000A\377\032\142\155\217\154\127\072\166\204\153\143\122\031\221\317\133\120\123\026}{section*.230}% 233
\BOOKMARK [3][-]{section*.234}{\376\377\145\340\226\120\176\364\217\233\121\340\117\125\150\106\147\266}{section*.233}% 234
\BOOKMARK [3][-]{section*.235}{\376\377\142\155\217\154\127\072\166\204\154\312\147\176\142\354\123\367}{section*.233}% 235
\BOOKMARK [3][-]{section*.236}{\376\377\153\143\122\031\133\371\146\023\121\163\174\373}{section*.233}% 236
\BOOKMARK [3][-]{section*.237}{\376\377\000F\000o\000c\000k\172\172\225\364\210\150\171\072}{section*.233}% 237
\BOOKMARK [2][-]{section*.238}{\376\377\226\066\153\265\000B\377\032\121\340\117\125\221\317\133\120\123\026}{section*.230}% 238
\BOOKMARK [3][-]{section*.239}{\376\377\230\204\221\317\133\120\123\026\176\277\116\033}{section*.238}% 239
\BOOKMARK [3][-]{section*.240}{\376\377\000K\000\344\000h\000l\000e\000r\147\201\123\026}{section*.238}% 240
\BOOKMARK [3][-]{section*.241}{\376\377\121\150\176\257\154\342\121\375\145\160}{section*.238}% 241
\BOOKMARK [3][-]{section*.242}{\376\377\116\016\000F\000o\000c\000k\172\172\225\364\166\204\124\014\147\204}{section*.238}% 242
\BOOKMARK [2][-]{section*.243}{\376\377\226\066\153\265\000C\377\032\236\321\155\036\161\265\166\204\137\256\211\302\215\167\156\220}{section*.230}% 243
\BOOKMARK [3][-]{section*.244}{\376\377\000B\000e\000k\000e\000n\000s\000t\000e\000i\000n\000-\000H\000a\000w\000k\000i\000n\000g\161\265}{section*.243}% 244
\BOOKMARK [3][-]{section*.245}{\376\377\176\337\213\241\122\233\133\146\225\356\230\230}{section*.243}% 245
\BOOKMARK [3][-]{section*.246}{\376\377\000C\000T\000U\000F\000T\211\343\121\263\145\271\150\110\377\032\214\061\176\364\155\101\122\250}{section*.243}% 246
\BOOKMARK [3][-]{section*.247}{\376\377\121\163\225\056\155\036\211\301}{section*.243}% 247
\BOOKMARK [3][-]{section*.248}{\376\377\133\371\145\160\117\356\153\143}{section*.243}% 248
\BOOKMARK [3][-]{section*.249}{\376\377\146\156\220\002\140\047}{section*.243}% 249
\BOOKMARK [3][-]{section*.250}{\376\377\116\016\121\166\116\326\164\006\213\272\166\204\153\324\217\203}{section*.243}% 250
\BOOKMARK [2][-]{section*.251}{\376\377\122\006\137\142\000-\142\155\217\154\236\321\155\036\152\041\127\213}{section*.230}% 251
\BOOKMARK [3][-]{section*.252}{\376\377\150\070\137\303\176\323\147\204}{section*.251}% 252
\BOOKMARK [3][-]{section*.253}{\376\377\117\341\140\157\117\335\143\001}{section*.251}% 253
\BOOKMARK [2][-]{section*.254}{\376\377\117\341\140\157\140\226\213\272\166\204\211\343\121\263}{section*.230}% 254
\BOOKMARK [2][-]{section*.255}{\376\377\236\321\155\036\204\270\123\321\116\016\221\317\133\120\220\127\217\371}{section*.230}% 255
\BOOKMARK [2][-]{section*.256}{\376\377\226\066\153\265\000D\377\032\123\237\122\035\236\321\155\036\116\016\211\302\155\113\162\171\137\201}{section*.230}% 256
\BOOKMARK [3][-]{section*.257}{\376\377\123\237\122\035\236\321\155\036\137\142\142\020}{section*.256}% 257
\BOOKMARK [3][-]{section*.258}{\376\377\000P\000B\000H\166\204\227\015\221\321\217\220\134\004}{section*.256}% 258
\BOOKMARK [3][-]{section*.259}{\376\377\227\015\221\321\214\061\166\204\000C\000T\000U\000F\000T\117\356\153\143}{section*.256}% 259
\BOOKMARK [3][-]{section*.260}{\376\377\160\160\117\123\126\340\133\120\116\016\174\222\133\120\123\321\134\004}{section*.256}% 260
\BOOKMARK [3][-]{section*.261}{\376\377\133\207\133\231\117\075\232\154\134\004\176\277\200\314\146\157\226\120\122\066}{section*.256}% 261
\BOOKMARK [3][-]{section*.262}{\376\377\131\032\143\242\224\210\226\120\122\066}{section*.256}% 262
\BOOKMARK [3][-]{section*.263}{\376\377\147\052\147\145\211\302\155\113\122\115\146\157}{section*.256}% 263
\BOOKMARK [2][-]{section*.264}{\376\377\000C\000T\000U\000F\000T\133\371\000P\000B\000H\166\204\123\357\213\301\117\052\230\204\212\000}{section*.230}% 264
\BOOKMARK [2][-]{section*.265}{\376\377\122\006\137\142\000-\142\155\217\154\236\321\155\036\152\041\127\213\377\010\213\346\176\306\176\323\147\204\377\011}{section*.230}% 265
\BOOKMARK [3][-]{section*.266}{\376\377\131\107\160\271\155\210\226\144\116\016\124\021\121\205\122\006\137\142\134\125\137\000}{section*.265}% 266
\BOOKMARK [2][-]{section*.267}{\376\377\117\341\140\157\140\226\213\272\166\204\211\343\121\263\377\010\213\346\176\306\147\072\122\066\377\011}{section*.230}% 267
\BOOKMARK [3][-]{section*.268}{\376\377\000C\000T\000U\000F\000T\211\343\121\263\377\032\117\341\140\157\133\210\140\122}{section*.267}% 268
\BOOKMARK [3][-]{section*.269}{\376\377\000P\000a\000g\000e\146\362\176\277}{section*.267}% 269
\BOOKMARK [3][-]{section*.270}{\376\377\226\062\160\153\130\231\140\226\213\272\166\204\211\343\121\263}{section*.267}% 270
\BOOKMARK [2][-]{section*.271}{\376\377\236\321\155\036\121\205\220\350\176\323\147\204}{section*.230}% 271
\BOOKMARK [3][-]{section*.272}{\376\377\122\006\134\102\121\340\117\125}{section*.271}% 272
\BOOKMARK [3][-]{section*.273}{\376\377\000P\000e\000n\000r\000o\000s\000e\126\376}{section*.271}% 273
\BOOKMARK [2][-]{section*.274}{\376\377\145\313\217\154\124\214\136\046\165\065\236\321\155\036}{section*.230}% 274
\BOOKMARK [2][-]{section*.275}{\376\377\236\321\155\036\204\270\123\321\166\204\117\356\153\143\156\051\136\246}{section*.230}% 275
\BOOKMARK [2][-]{section*.276}{\376\377\211\302\155\113\117\341\123\367}{section*.230}% 276
\BOOKMARK [3][-]{section*.277}{\376\377\124\010\136\166\137\025\122\233\154\342}{section*.276}% 277
\BOOKMARK [3][-]{section*.278}{\376\377\146\227\162\151\215\050\143\242\155\113}{section*.276}% 278
\BOOKMARK [2][-]{section*.279}{\376\377\140\073\176\323\377\032\000C\000T\000U\000F\000T\116\055\166\204\236\321\155\036}{section*.230}% 279
\BOOKMARK [2][-]{section*.280}{\376\377\236\321\155\036\162\151\164\006\133\214\145\164\213\250\213\272\377\010\137\205\177\373\213\321\377\011}{section*.230}% 280
\BOOKMARK [1][-]{section*.281}{\376\377\133\207\133\231\133\146}{section*.1}% 281
\BOOKMARK [2][-]{section*.282}{\376\377\145\351\147\037\133\207\133\231}{section*.281}% 282
\BOOKMARK [2][-]{section*.283}{\376\377\133\207\133\231\122\240\220\037}{section*.281}% 283
\BOOKMARK [2][-]{section*.284}{\376\377\123\237\122\035\236\321\155\036}{section*.281}% 284
\BOOKMARK [1][-]{section*.285}{\376\377\146\227\123\072}{section*.1}% 285
\BOOKMARK [2][-]{section*.286}{\376\377\121\340\117\125\146\227\200\375\221\317}{section*.285}% 286
\BOOKMARK [2][-]{section*.287}{\376\377\146\227\162\151\215\050\120\031\220\011\200\005}{section*.285}% 287
\BOOKMARK [1][-]{section*.288}{\376\377\133\214\145\164\133\207\133\231\133\146}{section*.1}% 288
\BOOKMARK [2][-]{section*.289}{\376\377\146\264\200\300}{section*.288}% 289
\BOOKMARK [2][-]{section*.290}{\376\377\146\132\147\037\122\240\220\037}{section*.288}% 290
\BOOKMARK [2][-]{section*.291}{\376\377\133\207\133\231\145\366\225\364\176\277}{section*.288}% 291
\BOOKMARK [1][-]{section*.292}{\376\377\133\207\133\231\133\146}{section*.1}% 292
\BOOKMARK [2][-]{section*.293}{\376\377\137\025\212\000\377\032\133\207\133\231\157\024\123\026\126\376\146\157}{section*.292}% 293
\BOOKMARK [2][-]{section*.294}{\376\377\142\155\217\154\232\161\122\250\146\264\200\300}{section*.292}% 294
\BOOKMARK [3][-]{section*.295}{\376\377\146\264\200\300\166\204\121\340\117\125\147\072\122\066}{section*.294}% 295
\BOOKMARK [3][-]{section*.296}{\376\377\117\134\116\072\214\061\176\364\166\204\146\264\200\300\127\072}{section*.294}% 296
\BOOKMARK [3][-]{section*.297}{\376\377\141\142\156\332\123\302\145\160}{section*.294}% 297
\BOOKMARK [2][-]{section*.298}{\376\377\145\351\147\037\133\207\133\231\116\055\166\204\214\061\176\364\157\024\123\026}{section*.292}% 298
\BOOKMARK [3][-]{section*.299}{\376\377\176\364\136\246\217\154\123\330\122\250\122\233\133\146}{section*.298}% 299
\BOOKMARK [3][-]{section*.300}{\376\377\116\016\160\355\123\206\123\362\166\204\121\163\200\124}{section*.298}% 300
\BOOKMARK [2][-]{section*.301}{\376\377\123\237\122\035\236\321\155\036\137\142\142\020}{section*.292}% 301
\BOOKMARK [3][-]{section*.302}{\376\377\137\142\142\020\147\072\122\066}{section*.301}% 302
\BOOKMARK [3][-]{section*.303}{\376\377\215\050\221\317\214\061}{section*.301}% 303
\BOOKMARK [2][-]{section*.304}{\376\377\146\227\162\151\215\050\377\032\123\237\122\035\236\321\155\036\220\127\217\371}{section*.292}% 304
\BOOKMARK [3][-]{section*.305}{\376\377\117\134\116\072\146\227\162\151\215\050\166\204\221\317\133\120\220\127\217\371}{section*.304}% 305
\BOOKMARK [3][-]{section*.306}{\376\377\116\060\136\246\117\060\213\241}{section*.304}% 306
\BOOKMARK [2][-]{section*.307}{\376\377\146\227\200\375\221\317\377\032\000\040\166\204\121\340\117\125\215\167\156\220}{section*.292}% 307
\BOOKMARK [3][-]{section*.308}{\376\377\133\207\133\231\133\146\136\070\145\160\225\356\230\230}{section*.307}% 308
\BOOKMARK [3][-]{section*.309}{\376\377\000C\000T\000U\000F\000T\211\343\121\263\377\032\142\155\217\154\167\037\172\172\200\375\221\317}{section*.307}% 309
\BOOKMARK [3][-]{section*.310}{\376\377\201\352\161\066\120\074}{section*.307}% 310
\BOOKMARK [2][-]{section*.311}{\376\377\123\237\122\035\137\025\122\233\154\342}{section*.292}% 311
\BOOKMARK [2][-]{section*.312}{\376\377\176\323\147\204\137\142\142\020}{section*.292}% 312
\BOOKMARK [3][-]{section*.313}{\376\377\122\237\163\207\214\061}{section*.312}% 313
\BOOKMARK [3][-]{section*.314}{\376\377\116\016\000C\000M\000B\116\000\201\364}{section*.312}% 314
\BOOKMARK [2][-]{section*.315}{\376\377\162\151\215\050\000-\123\315\162\151\215\050\116\015\133\371\171\360\140\047}{section*.292}% 315
\BOOKMARK [3][-]{section*.316}{\376\377\000C\000P\170\064\127\117\166\204\121\340\117\125\215\167\156\220}{section*.315}% 316
\BOOKMARK [3][-]{section*.317}{\376\377\221\315\133\120\165\037\142\020}{section*.315}% 317
\BOOKMARK [2][-]{section*.318}{\376\377\133\207\133\231\157\024\123\026\145\366\225\364\176\277}{section*.292}% 318
\BOOKMARK [2][-]{section*.319}{\376\377\146\132\147\037\133\207\133\231\133\146}{section*.292}% 319
\BOOKMARK [3][-]{section*.320}{\376\377\122\240\220\037\201\250\200\300}{section*.319}% 320
\BOOKMARK [3][-]{section*.321}{\376\377\147\052\147\145\157\024\123\026}{section*.319}% 321
\BOOKMARK [2][-]{section*.322}{\376\377\140\073\176\323}{section*.292}% 322
\BOOKMARK [1][-]{section*.323}{\376\377\133\236\232\214\232\214\213\301}{section*.1}% 323
\BOOKMARK [2][-]{section*.324}{\376\377\123\357\150\300\232\214\230\204\212\000\151\202\217\360}{section*.323}% 324
\BOOKMARK [2][-]{section*.325}{\376\377\226\066\153\265\000D\377\032\123\237\122\035\236\321\155\036\211\302\155\113\226\120\122\066}{section*.323}% 325
\BOOKMARK [3][-]{section*.326}{\376\377\137\025\212\000\377\032\117\134\116\072\221\317\133\120\137\025\122\233\143\242\224\210\166\204\000P\000B\000H}{section*.325}% 326
\BOOKMARK [3][-]{section*.327}{\376\377\137\123\122\115\211\302\155\113\226\120\122\066}{section*.325}% 327
\BOOKMARK [3][-]{section*.328}{\376\377\133\207\133\231\117\075\232\154\134\004\176\277\200\314\146\157\122\006\147\220}{section*.325}% 328
\BOOKMARK [3][-]{section*.329}{\376\377\000C\000T\000U\000F\000T\162\171\133\232\211\302\155\113\117\341\123\367}{section*.325}% 329
\BOOKMARK [3][-]{section*.330}{\376\377\137\025\122\233\154\342\117\341\123\367}{section*.325}% 330
\BOOKMARK [2][-]{section*.331}{\376\377\137\025\122\233\154\342\143\242\155\113\377\010\000L\000I\000S\000A\123\312\146\364\217\334\377\011}{section*.323}% 331
\BOOKMARK [3][-]{section*.332}{\376\377\000L\000I\000S\000A\377\032\116\073\211\201\143\242\155\113\220\032\220\123}{section*.331}% 332
\BOOKMARK [3][-]{section*.333}{\376\377\133\207\133\231\143\242\175\042\200\005\124\214\162\061\126\340\145\257\127\146\147\033\217\334\225\134}{section*.331}% 333
\BOOKMARK [3][-]{section*.334}{\376\377\201\011\121\262\146\037\213\241\145\366\226\065\122\027}{section*.331}% 334
\BOOKMARK [2][-]{section*.335}{\376\377\123\237\133\120\124\214\174\222\133\120\162\151\164\006\150\300\232\214}{section*.323}% 335
\BOOKMARK [3][-]{section*.336}{\376\377\123\237\133\120\224\237\226\120\122\066}{section*.335}% 336
\BOOKMARK [3][-]{section*.337}{\376\377\154\042\123\237\133\120\121\111\214\061\133\146}{section*.335}% 337
\BOOKMARK [3][-]{section*.338}{\376\377\131\047\162\006\160\270\150\070\124\010\142\020}{section*.335}% 338
\BOOKMARK [2][-]{section*.339}{\376\377\133\207\133\231\133\146\211\302\155\113}{section*.323}% 339
\BOOKMARK [3][-]{section*.340}{\376\377\000C\000M\000B\214\061\165\170\123\330}{section*.339}% 340
\BOOKMARK [3][-]{section*.341}{\376\377\131\047\134\072\136\246\176\323\147\204}{section*.339}% 341
\BOOKMARK [3][-]{section*.342}{\376\377\146\227\162\151\215\050\143\242\155\113}{section*.339}% 342
\BOOKMARK [2][-]{section*.343}{\376\377\143\242\155\113\122\115\146\157\140\073\176\323}{section*.323}% 343
\BOOKMARK [2][-]{section*.344}{\376\377\123\357\213\301\117\052\140\047}{section*.323}% 344
\BOOKMARK [1][-]{section*.345}{\376\377\150\007\121\306\152\041\127\213\153\324\217\203}{section*.1}% 345
\BOOKMARK [2][-]{section*.346}{\376\377\211\304\203\003\176\323\147\204}{section*.345}% 346
\BOOKMARK [2][-]{section*.347}{\376\377\215\071\174\163\133\120\215\050\221\317}{section*.345}% 347
\BOOKMARK [2][-]{section*.348}{\376\377\200\046\124\010\136\070\145\160}{section*.345}% 348
\BOOKMARK [1][-]{section*.349}{\376\377\116\016\121\166\116\326\164\006\213\272\166\204\200\124\174\373}{section*.1}% 349
\BOOKMARK [2][-]{section*.350}{\376\377\151\202\217\360}{section*.349}% 350
\BOOKMARK [2][-]{section*.351}{\376\377\137\046\164\006\213\272}{section*.349}% 351
\BOOKMARK [3][-]{section*.352}{\376\377\166\370\117\074\140\047}{section*.351}% 352
\BOOKMARK [3][-]{section*.353}{\376\377\135\356\137\002}{section*.351}% 353
\BOOKMARK [3][-]{section*.354}{\376\377\157\134\127\050\176\337\116\000}{section*.351}% 354
\BOOKMARK [2][-]{section*.355}{\376\377\127\010\221\317\133\120\137\025\122\233}{section*.349}% 355
\BOOKMARK [3][-]{section*.356}{\376\377\166\370\117\074\140\047}{section*.355}% 356
\BOOKMARK [3][-]{section*.357}{\376\377\135\356\137\002}{section*.355}% 357
\BOOKMARK [3][-]{section*.358}{\376\377\116\222\210\145\166\204\211\301\211\343}{section*.355}% 358
\BOOKMARK [2][-]{section*.359}{\376\377\227\136\116\244\143\142\121\340\117\125}{section*.349}% 359
\BOOKMARK [3][-]{section*.360}{\376\377\220\032\217\307\214\061\116\011\121\103\166\204\200\124\174\373}{section*.359}% 360
\BOOKMARK [3][-]{section*.361}{\376\377\145\271\154\325\166\204\176\337\116\000}{section*.359}% 361
\BOOKMARK [2][-]{section*.362}{\376\377\126\340\147\234\226\306\164\006\213\272}{section*.349}% 362
\BOOKMARK [3][-]{section*.363}{\376\377\122\006\172\313\145\366\172\172}{section*.362}% 363
\BOOKMARK [2][-]{section*.364}{\376\377\155\214\163\260\137\025\122\233}{section*.349}% 364
\BOOKMARK [3][-]{section*.365}{\376\377\160\355\122\233\133\146\211\343\221\312}{section*.364}% 365
\BOOKMARK [2][-]{section*.366}{\376\377\142\021\116\354\164\006\213\272\166\204\162\354\162\171\127\060\117\115}{section*.349}% 366
\BOOKMARK [2][-]{section*.367}{\376\377\140\073\176\323}{section*.349}% 367
\BOOKMARK [1][-]{section*.368}{\376\377\164\006\213\272\153\324\217\203}{section*.1}% 368
\BOOKMARK [2][-]{section*.369}{\376\377\137\046\164\006\213\272}{section*.368}% 369
\BOOKMARK [2][-]{section*.370}{\376\377\127\010\221\317\133\120\137\025\122\233}{section*.368}% 370
\BOOKMARK [2][-]{section*.371}{\376\377\121\166\116\326\145\271\154\325}{section*.368}% 371
\BOOKMARK [1][-]{section*.372}{\376\377\176\323\213\272\116\016\134\125\147\033}{section*.1}% 372
\BOOKMARK [2][-]{section*.373}{\376\377\142\020\134\061\140\073\176\323}{section*.372}% 373
\BOOKMARK [2][-]{section*.374}{\376\377\116\073\211\201\176\323\147\234}{section*.372}% 374
\BOOKMARK [3][-]{section*.375}{\376\377\174\222\133\120\162\151\164\006}{section*.374}% 375
\BOOKMARK [3][-]{section*.376}{\376\377\133\207\133\231\133\146}{section*.374}% 376
\BOOKMARK [3][-]{section*.377}{\376\377\236\321\155\036\162\151\164\006}{section*.374}% 377
\BOOKMARK [3][-]{section*.378}{\376\377\221\317\133\120\127\372\170\100}{section*.374}% 378
\BOOKMARK [2][-]{section*.379}{\376\377\116\016\121\166\116\326\145\271\154\325\166\204\153\324\217\203}{section*.372}% 379
\BOOKMARK [2][-]{section*.380}{\376\377\123\357\213\301\117\052\166\204\230\204\212\000}{section*.372}% 380
\BOOKMARK [2][-]{section*.381}{\376\377\137\000\145\076\225\356\230\230\116\016\147\052\147\145\145\271\124\021}{section*.372}% 381
\BOOKMARK [2][-]{section*.382}{\376\377\124\362\133\146\141\017\155\265}{section*.372}% 382
\BOOKMARK [2][-]{section*.383}{\376\377\176\323\213\355}{section*.372}% 383
\BOOKMARK [1][-]{section*.384}{\376\377\213\250\213\272\116\016\134\125\147\033}{section*.1}% 384
\BOOKMARK [2][-]{section*.385}{\376\377\215\041\163\056\140\073\176\323}{section*.384}% 385
\BOOKMARK [2][-]{section*.386}{\376\377\123\125\116\000\201\352\165\061\123\302\145\160}{section*.384}% 386
\BOOKMARK [2][-]{section*.387}{\376\377\137\000\145\076\225\356\230\230\116\016\147\052\147\145\145\271\124\021}{section*.384}% 387
\BOOKMARK [3][-]{section*.388}{\376\377\145\160\133\146\116\045\214\050\140\047}{section*.387}% 388
\BOOKMARK [3][-]{section*.389}{\376\377\116\016\121\166\116\326\221\317\133\120\137\025\122\233\145\271\154\325\166\204\145\164\124\010}{section*.387}% 389
\BOOKMARK [3][-]{section*.390}{\376\377\213\241\173\227\143\021\142\030}{section*.387}% 390
\BOOKMARK [3][-]{section*.391}{\376\377\125\057\214\141\133\146\142\151\134\125}{section*.387}% 391
\BOOKMARK [2][-]{section*.392}{\376\377\133\236\232\214\213\241\122\022}{section*.384}% 392
\BOOKMARK [2][-]{section*.393}{\376\377\124\362\133\146\141\017\155\265}{section*.384}% 393
\BOOKMARK [2][-]{section*.394}{\376\377\176\323\213\272}{section*.384}% 394
\BOOKMARK [1][-]{section*.395}{\376\377\000A\000c\000k\000n\000o\000w\000l\000e\000d\000g\000m\000e\000n\000t\000s}{section*.1}% 395
