\BOOKMARK [0][-]{section*.2}{}{}% 2
\BOOKMARK [1][-]{section*.1}{\376\377\000A\000b\000s\000t\000r\000a\000c\000t}{section*.2}% 1
\BOOKMARK [1][-]{section*.3}{\376\377\000C\000o\000n\000t\000e\000n\000t\000s}{section*.2}% 3
\BOOKMARK [1][-]{section*.4}{\376\377\000I\000n\000t\000r\000o\000d\000u\000c\000t\000i\000o\000n}{section*.2}% 4
\BOOKMARK [2][-]{section*.5}{\376\377\000T\000h\000e\000\040\000Q\000u\000e\000s\000t\000\040\000f\000o\000r\000\040\000U\000n\000i\000f\000i\000c\000a\000t\000i\000o\000n}{section*.4}% 5
\BOOKMARK [2][-]{section*.6}{\376\377\000E\000x\000i\000s\000t\000i\000n\000g\000\040\000A\000p\000p\000r\000o\000a\000c\000h\000e\000s\000\040\000a\000n\000d\000\040\000T\000h\000e\000i\000r\000\040\000L\000i\000m\000i\000t\000a\000t\000i\000o\000n\000s}{section*.4}% 6
\BOOKMARK [2][-]{section*.7}{\376\377\000T\000h\000e\000\040\000P\000r\000e\000s\000e\000n\000t\000\040\000A\000p\000p\000r\000o\000a\000c\000h}{section*.4}% 7
\BOOKMARK [2][-]{section*.8}{\376\377\000K\000e\000y\000\040\000R\000e\000s\000u\000l\000t\000s\000\040\000a\000n\000d\000\040\000P\000r\000e\000d\000i\000c\000t\000i\000o\000n\000s}{section*.4}% 8
\BOOKMARK [2][-]{section*.9}{\376\377\000S\000t\000r\000u\000c\000t\000u\000r\000e\000\040\000o\000f\000\040\000t\000h\000e\000\040\000P\000a\000p\000e\000r}{section*.4}% 9
\BOOKMARK [2][-]{section*.10}{\376\377\000N\000o\000t\000a\000t\000i\000o\000n\000\040\000a\000n\000d\000\040\000C\000o\000n\000v\000e\000n\000t\000i\000o\000n\000s}{section*.4}% 10
\BOOKMARK [1][-]{section*.11}{\376\377\000M\000a\000t\000h\000e\000m\000a\000t\000i\000c\000a\000l\000\040\000F\000o\000u\000n\000d\000a\000t\000i\000o\000n\000s}{section*.2}% 11
\BOOKMARK [2][-]{section*.12}{\376\377\000C\000l\000i\000f\000f\000o\000r\000d\000\040\000A\000l\000g\000e\000b\000r\000a\000\040\000C\000l\000\050\0003\000,\0001\000\051}{section*.11}% 12
\BOOKMARK [2][-]{section*.13}{\376\377\000S\000p\000i\000n\000\040\000G\000r\000o\000u\000p\000\040\000a\000n\000d\000\040\000C\000o\000v\000e\000r\000i\000n\000g\000\040\000M\000a\000p\000s}{section*.11}% 13
\BOOKMARK [2][-]{section*.14}{\376\377\000S\000p\000e\000c\000t\000r\000a\000l\000\040\000D\000i\000m\000e\000n\000s\000i\000o\000n}{section*.11}% 14
\BOOKMARK [2][-]{section*.15}{\376\377\000F\000r\000a\000c\000t\000a\000l\000\040\000M\000e\000a\000s\000u\000r\000e\000s}{section*.11}% 15
\BOOKMARK [2][-]{section*.16}{\376\377\000T\000w\000i\000s\000t\000e\000d\000\040\000C\000l\000i\000f\000f\000o\000r\000d\000\040\000A\000l\000g\000e\000b\000r\000a}{section*.11}% 16
\BOOKMARK [2][-]{section*.17}{\376\377\000C\000o\000n\000n\000e\000c\000t\000i\000o\000n\000\040\000t\000o\000\040\000G\000a\000u\000g\000e\000\040\000T\000h\000e\000o\000r\000y}{section*.11}% 17
\BOOKMARK [2][-]{section*.18}{\376\377\000S\000u\000m\000m\000a\000r\000y}{section*.11}% 18
\BOOKMARK [1][-]{section*.19}{\376\377\000C\000o\000r\000e\000\040\000T\000h\000e\000o\000r\000e\000t\000i\000c\000a\000l\000\040\000F\000r\000a\000m\000e\000w\000o\000r\000k}{section*.2}% 19
\BOOKMARK [2][-]{section*.20}{\376\377\000T\000h\000e\000\040\000R\000e\000c\000i\000p\000r\000o\000c\000a\000l\000-\000I\000n\000t\000e\000r\000n\000a\000l\000\040\000S\000p\000a\000c\000e\000\040\000D\000u\000a\000l\000i\000t\000y}{section*.19}% 20
\BOOKMARK [2][-]{section*.21}{\376\377\000D\000y\000n\000a\000m\000i\000c\000\040\000S\000p\000e\000c\000t\000r\000a\000l\000\040\000D\000i\000m\000e\000n\000s\000i\000o\000n}{section*.19}% 21
\BOOKMARK [2][-]{section*.22}{\376\377\000E\000n\000e\000r\000g\000y\000\040\000F\000l\000o\000w\000\040\000B\000e\000t\000w\000e\000e\000n\000\040\000S\000p\000a\000c\000e\000s}{section*.19}% 22
\BOOKMARK [2][-]{section*.23}{\376\377\000C\000o\000n\000s\000e\000r\000v\000a\000t\000i\000o\000n\000\040\000L\000a\000w\000s\000\040\000H\000i\000e\000r\000a\000r\000c\000h\000y}{section*.19}% 23
\BOOKMARK [2][-]{section*.24}{\376\377\000F\000r\000a\000c\000t\000a\000l\000-\000T\000o\000r\000s\000i\000o\000n\000\040\000E\000q\000u\000i\000v\000a\000l\000e\000n\000c\000e}{section*.19}% 24
\BOOKMARK [2][-]{section*.25}{\376\377\000U\000n\000i\000f\000i\000e\000d\000\040\000D\000y\000n\000a\000m\000i\000c\000s}{section*.19}% 25
\BOOKMARK [2][-]{section*.26}{\376\377\000T\000h\000e\000\040\000T\000r\000i\000n\000i\000t\000y\000\040\000F\000r\000a\000m\000e\000w\000o\000r\000k}{section*.19}% 26
\BOOKMARK [2][-]{section*.27}{\376\377\000S\000u\000m\000m\000a\000r\000y}{section*.19}% 27
\BOOKMARK [1][-]{section*.28}{\376\377\000G\000r\000a\000v\000i\000t\000a\000t\000i\000o\000n\000a\000l\000\040\000T\000h\000e\000o\000r\000y}{section*.2}% 28
\BOOKMARK [2][-]{section*.29}{\376\377\000F\000r\000o\000m\000\040\000R\000i\000e\000m\000a\000n\000n\000\040\000t\000o\000\040\000R\000i\000e\000m\000a\000n\000n\000-\000C\000a\000r\000t\000a\000n\000\040\000G\000e\000o\000m\000e\000t\000r\000y}{section*.28}% 29
\BOOKMARK [2][-]{section*.30}{\376\377\000E\000i\000n\000s\000t\000e\000i\000n\000-\000C\000a\000r\000t\000a\000n\000\040\000F\000i\000e\000l\000d\000\040\000E\000q\000u\000a\000t\000i\000o\000n\000s}{section*.28}% 30
\BOOKMARK [2][-]{section*.31}{\376\377\000S\000i\000x\000\040\000G\000r\000a\000v\000i\000t\000a\000t\000i\000o\000n\000a\000l\000\040\000W\000a\000v\000e\000\040\000P\000o\000l\000a\000r\000i\000z\000a\000t\000i\000o\000n\000s}{section*.28}% 31
\BOOKMARK [2][-]{section*.32}{\376\377\000P\000r\000o\000p\000a\000g\000a\000t\000i\000o\000n\000\040\000S\000p\000e\000e\000d\000s\000\040\000a\000n\000d\000\040\000D\000i\000s\000p\000e\000r\000s\000i\000o\000n}{section*.28}% 32
\BOOKMARK [2][-]{section*.33}{\376\377\000W\000e\000a\000k\000\040\000F\000i\000e\000l\000d\000\040\000L\000i\000m\000i\000t}{section*.28}% 33
\BOOKMARK [2][-]{section*.34}{\376\377\000S\000t\000r\000o\000n\000g\000\040\000F\000i\000e\000l\000d\000\040\000R\000e\000g\000i\000m\000e}{section*.28}% 34
\BOOKMARK [2][-]{section*.35}{\376\377\000D\000e\000t\000e\000c\000t\000i\000o\000n\000\040\000P\000r\000o\000s\000p\000e\000c\000t\000s}{section*.28}% 35
\BOOKMARK [2][-]{section*.36}{\376\377\000C\000o\000r\000r\000e\000s\000p\000o\000n\000d\000e\000n\000c\000e\000\040\000w\000i\000t\000h\000\040\000G\000e\000n\000e\000r\000a\000l\000\040\000R\000e\000l\000a\000t\000i\000v\000i\000t\000y}{section*.28}% 36
\BOOKMARK [2][-]{section*.37}{\376\377\000S\000u\000m\000m\000a\000r\000y}{section*.28}% 37
\BOOKMARK [1][-]{section*.38}{\376\377\000G\000a\000u\000g\000e\000\040\000T\000h\000e\000o\000r\000y\000\040\000f\000r\000o\000m\000\040\000G\000e\000o\000m\000e\000t\000r\000y}{section*.2}% 38
\BOOKMARK [2][-]{section*.39}{\376\377\000T\000h\000e\000\040\000G\000e\000o\000m\000e\000t\000r\000i\000c\000\040\000O\000r\000i\000g\000i\000n\000\040\000o\000f\000\040\000G\000a\000u\000g\000e\000\040\000S\000y\000m\000m\000e\000t\000r\000i\000e\000s}{section*.38}% 39
\BOOKMARK [2][-]{section*.40}{\376\377\000K\000e\000r\000n\000e\000l\000\040\000D\000e\000c\000o\000m\000p\000o\000s\000i\000t\000i\000o\000n}{section*.38}% 40
\BOOKMARK [2][-]{section*.41}{\376\377\000E\000l\000e\000c\000t\000r\000o\000m\000a\000g\000n\000e\000t\000i\000s\000m\000:\000\040\000U\000\050\0001\000\051}{section*.38}% 41
\BOOKMARK [2][-]{section*.42}{\376\377\000W\000e\000a\000k\000\040\000I\000n\000t\000e\000r\000a\000c\000t\000i\000o\000n\000:\000\040\000S\000U\000\050\0002\000\051}{section*.38}% 42
\BOOKMARK [2][-]{section*.43}{\376\377\000S\000t\000r\000o\000n\000g\000\040\000I\000n\000t\000e\000r\000a\000c\000t\000i\000o\000n\000:\000\040\000S\000U\000\050\0003\000\051}{section*.38}% 43
\BOOKMARK [2][-]{section*.44}{\376\377\000C\000K\000M\000\040\000a\000n\000d\000\040\000P\000M\000N\000S\000\040\000M\000a\000t\000r\000i\000c\000e\000s}{section*.38}% 44
\BOOKMARK [2][-]{section*.45}{\376\377\000F\000e\000r\000m\000i\000o\000n\000\040\000M\000a\000s\000s\000e\000s}{section*.38}% 45
\BOOKMARK [2][-]{section*.46}{\376\377\000C\000o\000u\000p\000l\000i\000n\000g\000\040\000C\000o\000n\000s\000t\000a\000n\000t\000\040\000U\000n\000i\000f\000i\000c\000a\000t\000i\000o\000n}{section*.38}% 46
\BOOKMARK [2][-]{section*.47}{\376\377\000S\000u\000m\000m\000a\000r\000y}{section*.38}% 47
\BOOKMARK [1][-]{section*.48}{\376\377\000I\000n\000t\000r\000o\000d\000u\000c\000t\000i\000o\000n\000:\000\040\000T\000i\000m\000e\000\040\000a\000s\000\040\000a\000\040\000D\000y\000n\000a\000m\000i\000c\000a\000l\000\040\000V\000a\000r\000i\000a\000b\000l\000e}{section*.2}% 48
\BOOKMARK [1][-]{section*.49}{\376\377\000T\000i\000m\000e\000\040\000a\000s\000\040\000S\000p\000e\000c\000t\000r\000a\000l\000\040\000D\000i\000m\000e\000n\000s\000i\000o\000n\000\040\000F\000l\000o\000w}{section*.2}% 49
\BOOKMARK [2][-]{section*.50}{\376\377\000T\000h\000e\000\040\000T\000e\000m\000p\000o\000r\000a\000l\000-\000S\000p\000e\000c\000t\000r\000a\000l\000\040\000C\000o\000r\000r\000e\000s\000p\000o\000n\000d\000e\000n\000c\000e}{section*.49}% 50
\BOOKMARK [2][-]{section*.51}{\376\377\000T\000i\000m\000e\000\040\000N\000o\000n\000-\000M\000o\000n\000o\000t\000o\000n\000i\000c\000i\000t\000y}{section*.49}% 51
\BOOKMARK [1][-]{section*.52}{\376\377\000T\000e\000m\000p\000o\000r\000a\000l\000\040\000M\000i\000r\000r\000o\000r\000i\000n\000g\000\040\000a\000n\000d\000\040\000t\000h\000e\000\040\000I\000n\000t\000e\000r\000n\000a\000l\000\040\000S\000p\000a\000c\000e}{section*.2}% 52
\BOOKMARK [2][-]{section*.53}{\376\377\000T\000h\000e\000\040\000T\000i\000m\000e\000\040\000D\000u\000a\000l\000i\000t\000y}{section*.52}% 53
\BOOKMARK [2][-]{section*.54}{\376\377\000T\000o\000p\000o\000l\000o\000g\000i\000c\000a\000l\000\040\000M\000i\000r\000r\000o\000r\000\040\000I\000n\000v\000e\000r\000s\000i\000o\000n}{section*.52}% 54
\BOOKMARK [1][-]{section*.55}{\376\377\000T\000h\000e\000\040\000G\000e\000o\000m\000e\000t\000r\000i\000c\000\040\000O\000r\000i\000g\000i\000n\000\040\000o\000f\000\040\000T\000i\000m\000e\000'\000s\000\040\000A\000r\000r\000o\000w}{section*.2}% 55
\BOOKMARK [2][-]{section*.56}{\376\377\000E\000n\000t\000r\000o\000p\000y\000\040\000a\000s\000\040\000G\000e\000o\000m\000e\000t\000r\000i\000c\000\040\000C\000o\000m\000p\000l\000e\000x\000i\000t\000y}{section*.55}% 56
\BOOKMARK [2][-]{section*.57}{\376\377\000C\000o\000s\000m\000o\000l\000o\000g\000i\000c\000a\000l\000\040\000T\000i\000m\000e\000\040\000A\000r\000r\000o\000w}{section*.55}% 57
\BOOKMARK [1][-]{section*.58}{\376\377\000Q\000u\000a\000n\000t\000u\000m\000\040\000T\000i\000m\000e\000\040\000a\000n\000d\000\040\000N\000o\000n\000-\000L\000o\000c\000a\000l\000i\000t\000y}{section*.2}% 58
\BOOKMARK [2][-]{section*.59}{\376\377\000T\000e\000m\000p\000o\000r\000a\000l\000\040\000E\000n\000t\000a\000n\000g\000l\000e\000m\000e\000n\000t}{section*.58}% 59
\BOOKMARK [2][-]{section*.60}{\376\377\000T\000h\000e\000\040\000Q\000u\000a\000n\000t\000u\000m\000-\000C\000l\000a\000s\000s\000i\000c\000a\000l\000\040\000T\000r\000a\000n\000s\000i\000t\000i\000o\000n}{section*.58}% 60
\BOOKMARK [1][-]{section*.61}{\376\377\000T\000i\000m\000e\000\040\000i\000n\000\040\000E\000x\000t\000r\000e\000m\000e\000\040\000C\000o\000n\000d\000i\000t\000i\000o\000n\000s}{section*.2}% 61
\BOOKMARK [2][-]{section*.62}{\376\377\000N\000e\000a\000r\000\040\000B\000l\000a\000c\000k\000\040\000H\000o\000l\000e\000s}{section*.61}% 62
\BOOKMARK [2][-]{section*.63}{\376\377\000C\000o\000s\000m\000o\000l\000o\000g\000i\000c\000a\000l\000\040\000E\000p\000o\000c\000h\000s}{section*.61}% 63
\BOOKMARK [1][-]{section*.64}{\376\377\000S\000u\000m\000m\000a\000r\000y}{section*.2}% 64
\BOOKMARK [1][-]{section*.65}{\376\377\000G\000e\000o\000m\000e\000t\000r\000i\000c\000\040\000I\000n\000t\000e\000r\000p\000r\000e\000t\000a\000t\000i\000o\000n\000\040\000o\000f\000\040\000Q\000u\000a\000n\000t\000u\000m\000\040\000M\000e\000c\000h\000a\000n\000i\000c\000s}{section*.2}% 65
\BOOKMARK [2][-]{section*.66}{\376\377\000Q\000u\000a\000n\000t\000u\000m\000\040\000S\000t\000a\000t\000e\000s\000\040\000a\000s\000\040\000F\000i\000b\000e\000r\000\040\000B\000u\000n\000d\000l\000e\000\040\000S\000e\000c\000t\000i\000o\000n\000s}{section*.65}% 66
\BOOKMARK [2][-]{section*.67}{\376\377\000E\000l\000i\000m\000i\000n\000a\000t\000i\000o\000n\000\040\000o\000f\000\040\000W\000a\000v\000e\000\040\000F\000u\000n\000c\000t\000i\000o\000n\000\040\000C\000o\000l\000l\000a\000p\000s\000e}{section*.65}% 67
\BOOKMARK [3][-]{section*.68}{\376\377\000T\000h\000e\000\040\000M\000e\000a\000s\000u\000r\000e\000m\000e\000n\000t\000\040\000P\000r\000o\000c\000e\000s\000s\000\040\000a\000s\000\040\000T\000o\000p\000o\000l\000o\000g\000i\000c\000a\000l\000\040\000E\000v\000o\000l\000u\000t\000i\000o\000n}{section*.67}% 68
\BOOKMARK [3][-]{section*.69}{\376\377\000G\000e\000o\000m\000e\000t\000r\000i\000c\000\040\000R\000e\000s\000o\000l\000u\000t\000i\000o\000n}{section*.67}% 69
\BOOKMARK [2][-]{section*.70}{\376\377\000Q\000u\000a\000n\000t\000u\000m\000\040\000E\000n\000t\000a\000n\000g\000l\000e\000m\000e\000n\000t\000\040\000a\000s\000\040\000T\000o\000p\000o\000l\000o\000g\000i\000c\000a\000l\000\040\000C\000o\000u\000p\000l\000i\000n\000g}{section*.65}% 70
\BOOKMARK [3][-]{section*.71}{\376\377\000G\000e\000o\000m\000e\000t\000r\000i\000c\000\040\000D\000e\000f\000i\000n\000i\000t\000i\000o\000n\000\040\000o\000f\000\040\000E\000n\000t\000a\000n\000g\000l\000e\000m\000e\000n\000t}{section*.70}% 71
\BOOKMARK [3][-]{section*.72}{\376\377\000T\000h\000e\000\040\000C\000o\000n\000n\000e\000c\000t\000i\000o\000n\000\040\000F\000o\000r\000m}{section*.70}% 72
\BOOKMARK [3][-]{section*.73}{\376\377\000N\000o\000-\000S\000i\000g\000n\000a\000l\000i\000n\000g\000\040\000T\000h\000e\000o\000r\000e\000m}{section*.70}% 73
\BOOKMARK [2][-]{section*.74}{\376\377\000T\000h\000e\000\040\000D\000o\000u\000b\000l\000e\000-\000S\000l\000i\000t\000\040\000E\000x\000p\000e\000r\000i\000m\000e\000n\000t\000\040\000G\000e\000o\000m\000e\000t\000r\000i\000c\000a\000l\000l\000y}{section*.65}% 74
\BOOKMARK [3][-]{section*.75}{\376\377\000S\000e\000t\000u\000p}{section*.74}% 75
\BOOKMARK [3][-]{section*.76}{\376\377\000I\000n\000t\000e\000r\000f\000e\000r\000e\000n\000c\000e\000\040\000P\000a\000t\000t\000e\000r\000n}{section*.74}% 76
\BOOKMARK [3][-]{section*.77}{\376\377\000W\000h\000i\000c\000h\000-\000P\000a\000t\000h\000\040\000I\000n\000f\000o\000r\000m\000a\000t\000i\000o\000n}{section*.74}% 77
\BOOKMARK [2][-]{section*.78}{\376\377\000C\000o\000r\000r\000e\000s\000p\000o\000n\000d\000e\000n\000c\000e\000\040\000w\000i\000t\000h\000\040\000S\000t\000a\000n\000d\000a\000r\000d\000\040\000Q\000u\000a\000n\000t\000u\000m\000\040\000M\000e\000c\000h\000a\000n\000i\000c\000s}{section*.65}% 78
\BOOKMARK [2][-]{section*.79}{\376\377\000S\000u\000m\000m\000a\000r\000y}{section*.65}% 79
\BOOKMARK [1][-]{section*.80}{\376\377\000B\000l\000a\000c\000k\000\040\000H\000o\000l\000e\000\040\000T\000h\000e\000o\000r\000y}{section*.2}% 80
\BOOKMARK [2][-]{section*.81}{\376\377\000T\000h\000e\000\040\000S\000i\000n\000g\000u\000l\000a\000r\000i\000t\000y\000\040\000P\000r\000o\000b\000l\000e\000m\000\040\000i\000n\000\040\000C\000l\000a\000s\000s\000i\000c\000a\000l\000\040\000G\000R}{section*.80}% 81
\BOOKMARK [2][-]{section*.82}{\376\377\000T\000h\000e\000\040\000F\000r\000a\000c\000t\000a\000l\000-\000T\000w\000i\000s\000t\000i\000n\000g\000\040\000B\000l\000a\000c\000k\000\040\000H\000o\000l\000e\000\040\000M\000o\000d\000e\000l}{section*.80}% 82
\BOOKMARK [3][-]{section*.83}{\376\377\000C\000o\000r\000e\000\040\000H\000y\000p\000o\000t\000h\000e\000s\000i\000s}{section*.82}% 83
\BOOKMARK [3][-]{section*.84}{\376\377\000F\000o\000r\000m\000a\000t\000i\000o\000n\000\040\000M\000e\000c\000h\000a\000n\000i\000s\000m}{section*.82}% 84
\BOOKMARK [3][-]{section*.85}{\376\377\000S\000i\000n\000g\000u\000l\000a\000r\000i\000t\000y\000\040\000E\000l\000i\000m\000i\000n\000a\000t\000i\000o\000n}{section*.82}% 85
\BOOKMARK [2][-]{section*.86}{\376\377\000R\000e\000s\000o\000l\000u\000t\000i\000o\000n\000\040\000o\000f\000\040\000t\000h\000e\000\040\000I\000n\000f\000o\000r\000m\000a\000t\000i\000o\000n\000\040\000P\000a\000r\000a\000d\000o\000x}{section*.80}% 86
\BOOKMARK [3][-]{section*.87}{\376\377\000I\000n\000f\000o\000r\000m\000a\000t\000i\000o\000n\000\040\000E\000n\000c\000o\000d\000i\000n\000g\000\040\000i\000n\000\040\000T\000w\000i\000s\000t\000i\000n\000g\000\040\000M\000o\000d\000e\000s}{section*.86}% 87
\BOOKMARK [3][-]{section*.88}{\376\377\000H\000a\000w\000k\000i\000n\000g\000\040\000R\000a\000d\000i\000a\000t\000i\000o\000n\000\040\000R\000e\000v\000i\000s\000i\000t\000e\000d}{section*.86}% 88
\BOOKMARK [3][-]{section*.89}{\376\377\000I\000n\000f\000o\000r\000m\000a\000t\000i\000o\000n\000\040\000C\000o\000n\000s\000e\000r\000v\000a\000t\000i\000o\000n}{section*.86}% 89
\BOOKMARK [2][-]{section*.90}{\376\377\000Q\000u\000a\000n\000t\000u\000m\000\040\000B\000l\000a\000c\000k\000\040\000H\000o\000l\000e\000\040\000R\000e\000m\000n\000a\000n\000t\000s}{section*.80}% 90
\BOOKMARK [3][-]{section*.91}{\376\377\000F\000o\000r\000m\000a\000t\000i\000o\000n\000\040\000o\000f\000\040\000R\000e\000m\000n\000a\000n\000t\000s}{section*.90}% 91
\BOOKMARK [3][-]{section*.92}{\376\377\000P\000r\000o\000p\000e\000r\000t\000i\000e\000s\000\040\000o\000f\000\040\000R\000e\000m\000n\000a\000n\000t\000s}{section*.90}% 92
\BOOKMARK [3][-]{section*.93}{\376\377\000D\000a\000r\000k\000\040\000M\000a\000t\000t\000e\000r\000\040\000C\000o\000n\000n\000e\000c\000t\000i\000o\000n}{section*.90}% 93
\BOOKMARK [2][-]{section*.94}{\376\377\000B\000l\000a\000c\000k\000\040\000H\000o\000l\000e\000\040\000E\000n\000t\000r\000o\000p\000y}{section*.80}% 94
\BOOKMARK [2][-]{section*.95}{\376\377\000O\000b\000s\000e\000r\000v\000a\000t\000i\000o\000n\000a\000l\000\040\000S\000i\000g\000n\000a\000t\000u\000r\000e\000s}{section*.80}% 95
\BOOKMARK [3][-]{section*.96}{\376\377\000G\000r\000a\000v\000i\000t\000a\000t\000i\000o\000n\000a\000l\000\040\000W\000a\000v\000e\000s\000\040\000f\000r\000o\000m\000\040\000M\000e\000r\000g\000e\000r\000s}{section*.95}% 96
\BOOKMARK [3][-]{section*.97}{\376\377\000S\000h\000a\000d\000o\000w\000\040\000I\000m\000a\000g\000i\000n\000g}{section*.95}% 97
\BOOKMARK [3][-]{section*.98}{\376\377\000D\000a\000r\000k\000\040\000M\000a\000t\000t\000e\000r\000\040\000D\000e\000t\000e\000c\000t\000i\000o\000n}{section*.95}% 98
\BOOKMARK [2][-]{section*.99}{\376\377\000S\000u\000m\000m\000a\000r\000y}{section*.80}% 99
\BOOKMARK [1][-]{section*.100}{\376\377\000C\000o\000s\000m\000o\000l\000o\000g\000y}{section*.2}% 100
\BOOKMARK [2][-]{section*.101}{\376\377\000T\000o\000r\000s\000i\000o\000n\000-\000D\000r\000i\000v\000e\000n\000\040\000I\000n\000f\000l\000a\000t\000i\000o\000n}{section*.100}% 101
\BOOKMARK [3][-]{section*.102}{\376\377\000T\000h\000e\000\040\000E\000a\000r\000l\000y\000\040\000U\000n\000i\000v\000e\000r\000s\000e}{section*.101}% 102
\BOOKMARK [3][-]{section*.103}{\376\377\000I\000n\000f\000l\000a\000t\000i\000o\000n\000a\000r\000y\000\040\000D\000y\000n\000a\000m\000i\000c\000s}{section*.101}% 103
\BOOKMARK [3][-]{section*.104}{\376\377\000S\000l\000o\000w\000-\000R\000o\000l\000l\000\040\000C\000o\000n\000d\000i\000t\000i\000o\000n\000s}{section*.101}% 104
\BOOKMARK [3][-]{section*.105}{\376\377\000N\000u\000m\000b\000e\000r\000\040\000o\000f\000\040\000E\000-\000f\000o\000l\000d\000s}{section*.101}% 105
\BOOKMARK [2][-]{section*.106}{\376\377\000S\000p\000e\000c\000t\000r\000a\000l\000\040\000D\000i\000m\000e\000n\000s\000i\000o\000n\000\040\000E\000v\000o\000l\000u\000t\000i\000o\000n\000\040\000i\000n\000\040\000t\000h\000e\000\040\000E\000a\000r\000l\000y\000\040\000U\000n\000i\000v\000e\000r\000s\000e}{section*.100}% 106
\BOOKMARK [3][-]{section*.107}{\376\377\000T\000h\000e\000\040\000T\000r\000a\000n\000s\000i\000t\000i\000o\000n\000\040\000d\000s\000:\000\040\0001\0000\000\040\0004}{section*.106}% 107
\BOOKMARK [3][-]{section*.108}{\376\377\000T\000i\000m\000e\000l\000i\000n\000e\000\040\000o\000f\000\040\000D\000i\000m\000e\000n\000s\000i\000o\000n\000a\000l\000i\000t\000y\000\040\000C\000h\000a\000n\000g\000e\000s}{section*.106}% 108
\BOOKMARK [3][-]{section*.109}{\376\377\000E\000f\000f\000e\000c\000t\000\040\000o\000n\000\040\000C\000o\000s\000m\000i\000c\000\040\000E\000v\000o\000l\000u\000t\000i\000o\000n}{section*.106}% 109
\BOOKMARK [2][-]{section*.110}{\376\377\000G\000e\000o\000m\000e\000t\000r\000i\000c\000\040\000D\000a\000r\000k\000\040\000E\000n\000e\000r\000g\000y}{section*.100}% 110
\BOOKMARK [3][-]{section*.111}{\376\377\000T\000h\000e\000\040\000C\000o\000s\000m\000o\000l\000o\000g\000i\000c\000a\000l\000\040\000C\000o\000n\000s\000t\000a\000n\000t\000\040\000P\000r\000o\000b\000l\000e\000m}{section*.110}% 111
\BOOKMARK [3][-]{section*.112}{\376\377\000F\000r\000a\000c\000t\000a\000l\000\040\000S\000u\000p\000p\000r\000e\000s\000s\000i\000o\000n\000\040\000M\000e\000c\000h\000a\000n\000i\000s\000m}{section*.110}% 112
\BOOKMARK [3][-]{section*.113}{\376\377\000D\000a\000r\000k\000\040\000E\000n\000e\000r\000g\000y\000\040\000a\000s\000\040\000G\000e\000o\000m\000e\000t\000r\000i\000c\000\040\000E\000f\000f\000e\000c\000t}{section*.110}% 113
\BOOKMARK [2][-]{section*.114}{\376\377\000P\000r\000i\000m\000o\000r\000d\000i\000a\000l\000\040\000G\000r\000a\000v\000i\000t\000a\000t\000i\000o\000n\000a\000l\000\040\000W\000a\000v\000e\000s}{section*.100}% 114
\BOOKMARK [3][-]{section*.115}{\376\377\000G\000e\000n\000e\000r\000a\000t\000i\000o\000n\000\040\000M\000e\000c\000h\000a\000n\000i\000s\000m}{section*.114}% 115
\BOOKMARK [3][-]{section*.116}{\376\377\000S\000i\000x\000\040\000P\000o\000l\000a\000r\000i\000z\000a\000t\000i\000o\000n\000\040\000M\000o\000d\000e\000s\000\040\000i\000n\000\040\000t\000h\000e\000\040\000E\000a\000r\000l\000y\000\040\000U\000n\000i\000v\000e\000r\000s\000e}{section*.114}% 116
\BOOKMARK [3][-]{section*.117}{\376\377\000D\000e\000t\000e\000c\000t\000i\000o\000n\000\040\000P\000r\000o\000s\000p\000e\000c\000t\000s}{section*.114}% 117
\BOOKMARK [2][-]{section*.118}{\376\377\000S\000t\000r\000u\000c\000t\000u\000r\000e\000\040\000F\000o\000r\000m\000a\000t\000i\000o\000n}{section*.100}% 118
\BOOKMARK [3][-]{section*.119}{\376\377\000P\000o\000w\000e\000r\000\040\000S\000p\000e\000c\000t\000r\000u\000m}{section*.118}% 119
\BOOKMARK [3][-]{section*.120}{\376\377\000D\000a\000r\000k\000\040\000M\000a\000t\000t\000e\000r}{section*.118}% 120
\BOOKMARK [2][-]{section*.121}{\376\377\000S\000u\000m\000m\000a\000r\000y}{section*.100}% 121
\BOOKMARK [1][-]{section*.122}{\376\377\000E\000x\000p\000e\000r\000i\000m\000e\000n\000t\000a\000l\000\040\000V\000e\000r\000i\000f\000i\000c\000a\000t\000i\000o\000n}{section*.2}% 122
\BOOKMARK [2][-]{section*.123}{\376\377\000O\000v\000e\000r\000v\000i\000e\000w\000\040\000o\000f\000\040\000T\000e\000s\000t\000a\000b\000l\000e\000\040\000P\000r\000e\000d\000i\000c\000t\000i\000o\000n\000s}{section*.122}% 123
\BOOKMARK [2][-]{section*.124}{\376\377\000G\000r\000a\000v\000i\000t\000a\000t\000i\000o\000n\000a\000l\000\040\000W\000a\000v\000e\000\040\000D\000e\000t\000e\000c\000t\000i\000o\000n}{section*.122}% 124
\BOOKMARK [3][-]{section*.125}{\376\377\000L\000I\000S\000A\000:\000\040\000T\000h\000e\000\040\000P\000r\000i\000m\000a\000r\000y\000\040\000D\000e\000t\000e\000c\000t\000i\000o\000n\000\040\000C\000h\000a\000n\000n\000e\000l}{section*.124}% 125
\BOOKMARK [3][-]{section*.126}{\376\377\000C\000o\000s\000m\000i\000c\000\040\000E\000x\000p\000l\000o\000r\000e\000r\000\040\000a\000n\000d\000\040\000E\000i\000n\000s\000t\000e\000i\000n\000\040\000T\000e\000l\000e\000s\000c\000o\000p\000e}{section*.124}% 126
\BOOKMARK [3][-]{section*.127}{\376\377\000P\000u\000l\000s\000a\000r\000\040\000T\000i\000m\000i\000n\000g\000\040\000A\000r\000r\000a\000y\000s}{section*.124}% 127
\BOOKMARK [2][-]{section*.128}{\376\377\000A\000t\000o\000m\000i\000c\000\040\000a\000n\000d\000\040\000P\000a\000r\000t\000i\000c\000l\000e\000\040\000P\000h\000y\000s\000i\000c\000s\000\040\000T\000e\000s\000t\000s}{section*.122}% 128
\BOOKMARK [3][-]{section*.129}{\376\377\000A\000t\000o\000m\000i\000c\000\040\000C\000l\000o\000c\000k\000\040\000C\000o\000n\000s\000t\000r\000a\000i\000n\000t\000s}{section*.128}% 129
\BOOKMARK [3][-]{section*.130}{\376\377\000H\000y\000d\000r\000o\000g\000e\000n\000\040\000S\000p\000e\000c\000t\000r\000o\000s\000c\000o\000p\000y}{section*.128}% 130
\BOOKMARK [3][-]{section*.131}{\376\377\000B\000i\000g\000\040\000B\000a\000n\000g\000\040\000N\000u\000c\000l\000e\000o\000s\000y\000n\000t\000h\000e\000s\000i\000s}{section*.128}% 131
\BOOKMARK [2][-]{section*.132}{\376\377\000C\000o\000s\000m\000o\000l\000o\000g\000i\000c\000a\000l\000\040\000O\000b\000s\000e\000r\000v\000a\000t\000i\000o\000n\000s}{section*.122}% 132
\BOOKMARK [3][-]{section*.133}{\376\377\000C\000M\000B\000\040\000S\000p\000e\000c\000t\000r\000a\000l\000\040\000D\000i\000s\000t\000o\000r\000t\000i\000o\000n\000s}{section*.132}% 133
\BOOKMARK [3][-]{section*.134}{\376\377\000L\000a\000r\000g\000e\000\040\000S\000c\000a\000l\000e\000\040\000S\000t\000r\000u\000c\000t\000u\000r\000e}{section*.132}% 134
\BOOKMARK [3][-]{section*.135}{\376\377\000D\000a\000r\000k\000\040\000M\000a\000t\000t\000e\000r\000\040\000D\000e\000t\000e\000c\000t\000i\000o\000n}{section*.132}% 135
\BOOKMARK [2][-]{section*.136}{\376\377\000S\000u\000m\000m\000a\000r\000y\000\040\000o\000f\000\040\000D\000e\000t\000e\000c\000t\000i\000o\000n\000\040\000P\000r\000o\000s\000p\000e\000c\000t\000s}{section*.122}% 136
\BOOKMARK [2][-]{section*.137}{\376\377\000F\000a\000l\000s\000i\000f\000i\000a\000b\000i\000l\000i\000t\000y}{section*.122}% 137
\BOOKMARK [1][-]{section*.138}{\376\377\000C\000o\000n\000n\000e\000c\000t\000i\000o\000n\000s\000\040\000t\000o\000\040\000O\000t\000h\000e\000r\000\040\000T\000h\000e\000o\000r\000i\000e\000s}{section*.2}% 138
\BOOKMARK [2][-]{section*.139}{\376\377\000O\000v\000e\000r\000v\000i\000e\000w}{section*.138}% 139
\BOOKMARK [2][-]{section*.140}{\376\377\000S\000t\000r\000i\000n\000g\000\040\000T\000h\000e\000o\000r\000y}{section*.138}% 140
\BOOKMARK [3][-]{section*.141}{\376\377\000S\000i\000m\000i\000l\000a\000r\000i\000t\000i\000e\000s}{section*.140}% 141
\BOOKMARK [3][-]{section*.142}{\376\377\000D\000i\000f\000f\000e\000r\000e\000n\000c\000e\000s}{section*.140}% 142
\BOOKMARK [3][-]{section*.143}{\376\377\000P\000o\000t\000e\000n\000t\000i\000a\000l\000\040\000U\000n\000i\000f\000i\000c\000a\000t\000i\000o\000n}{section*.140}% 143
\BOOKMARK [2][-]{section*.144}{\376\377\000L\000o\000o\000p\000\040\000Q\000u\000a\000n\000t\000u\000m\000\040\000G\000r\000a\000v\000i\000t\000y}{section*.138}% 144
\BOOKMARK [3][-]{section*.145}{\376\377\000S\000i\000m\000i\000l\000a\000r\000i\000t\000i\000e\000s}{section*.144}% 145
\BOOKMARK [3][-]{section*.146}{\376\377\000D\000i\000f\000f\000e\000r\000e\000n\000c\000e\000s}{section*.144}% 146
\BOOKMARK [3][-]{section*.147}{\376\377\000C\000o\000m\000p\000l\000e\000m\000e\000n\000t\000a\000r\000y\000\040\000I\000n\000s\000i\000g\000h\000t\000s}{section*.144}% 147
\BOOKMARK [2][-]{section*.148}{\376\377\000N\000o\000n\000-\000C\000o\000m\000m\000u\000t\000a\000t\000i\000v\000e\000\040\000G\000e\000o\000m\000e\000t\000r\000y}{section*.138}% 148
\BOOKMARK [3][-]{section*.149}{\376\377\000C\000o\000n\000n\000e\000c\000t\000i\000o\000n\000\040\000v\000i\000a\000\040\000S\000p\000e\000c\000t\000r\000a\000l\000\040\000T\000r\000i\000p\000l\000e\000s}{section*.148}% 149
\BOOKMARK [3][-]{section*.150}{\376\377\000U\000n\000i\000f\000i\000c\000a\000t\000i\000o\000n\000\040\000o\000f\000\040\000A\000p\000p\000r\000o\000a\000c\000h\000e\000s}{section*.148}% 150
\BOOKMARK [2][-]{section*.151}{\376\377\000C\000a\000u\000s\000a\000l\000\040\000S\000e\000t\000\040\000T\000h\000e\000o\000r\000y}{section*.138}% 151
\BOOKMARK [3][-]{section*.152}{\376\377\000D\000i\000s\000c\000r\000e\000t\000e\000\040\000S\000p\000a\000c\000e\000t\000i\000m\000e}{section*.151}% 152
\BOOKMARK [2][-]{section*.153}{\376\377\000E\000m\000e\000r\000g\000e\000n\000t\000\040\000G\000r\000a\000v\000i\000t\000y}{section*.138}% 153
\BOOKMARK [3][-]{section*.154}{\376\377\000T\000h\000e\000r\000m\000o\000d\000y\000n\000a\000m\000i\000c\000\040\000I\000n\000t\000e\000r\000p\000r\000e\000t\000a\000t\000i\000o\000n}{section*.153}% 154
\BOOKMARK [2][-]{section*.155}{\376\377\000T\000h\000e\000\040\000U\000n\000i\000q\000u\000e\000\040\000P\000o\000s\000i\000t\000i\000o\000n\000\040\000o\000f\000\040\000O\000u\000r\000\040\000T\000h\000e\000o\000r\000y}{section*.138}% 155
\BOOKMARK [2][-]{section*.156}{\376\377\000S\000u\000m\000m\000a\000r\000y}{section*.138}% 156
\BOOKMARK [1][-]{section*.157}{\376\377\000D\000i\000s\000c\000u\000s\000s\000i\000o\000n\000\040\000a\000n\000d\000\040\000O\000u\000t\000l\000o\000o\000k}{section*.2}% 157
\BOOKMARK [2][-]{section*.158}{\376\377\000S\000u\000m\000m\000a\000r\000y\000\040\000o\000f\000\040\000C\000o\000n\000t\000r\000i\000b\000u\000t\000i\000o\000n\000s}{section*.157}% 158
\BOOKMARK [2][-]{section*.159}{\376\377\000T\000h\000e\000\040\000S\000i\000n\000g\000l\000e\000\040\000F\000r\000e\000e\000\040\000P\000a\000r\000a\000m\000e\000t\000e\000r}{section*.157}% 159
\BOOKMARK [2][-]{section*.160}{\376\377\000O\000p\000e\000n\000\040\000Q\000u\000e\000s\000t\000i\000o\000n\000s\000\040\000a\000n\000d\000\040\000F\000u\000t\000u\000r\000e\000\040\000D\000i\000r\000e\000c\000t\000i\000o\000n\000s}{section*.157}% 160
\BOOKMARK [3][-]{section*.161}{\376\377\000M\000a\000t\000h\000e\000m\000a\000t\000i\000c\000a\000l\000\040\000R\000i\000g\000o\000r}{section*.160}% 161
\BOOKMARK [3][-]{section*.162}{\376\377\000C\000o\000m\000p\000u\000t\000a\000t\000i\000o\000n\000a\000l\000\040\000C\000h\000a\000l\000l\000e\000n\000g\000e\000s}{section*.160}% 162
\BOOKMARK [3][-]{section*.163}{\376\377\000P\000h\000e\000n\000o\000m\000e\000n\000o\000l\000o\000g\000i\000c\000a\000l\000\040\000E\000x\000t\000e\000n\000s\000i\000o\000n\000s}{section*.160}% 163
\BOOKMARK [2][-]{section*.164}{\376\377\000E\000x\000p\000e\000r\000i\000m\000e\000n\000t\000a\000l\000\040\000P\000r\000o\000g\000r\000a\000m}{section*.157}% 164
\BOOKMARK [2][-]{section*.165}{\376\377\000P\000h\000i\000l\000o\000s\000o\000p\000h\000i\000c\000a\000l\000\040\000I\000m\000p\000l\000i\000c\000a\000t\000i\000o\000n\000s}{section*.157}% 165
\BOOKMARK [2][-]{section*.166}{\376\377\000C\000o\000n\000c\000l\000u\000s\000i\000o\000n}{section*.157}% 166
\BOOKMARK [1][-]{section*.167}{\376\377\000A\000c\000k\000n\000o\000w\000l\000e\000d\000g\000m\000e\000n\000t\000s}{section*.2}% 167
\BOOKMARK [1][-]{section*.168}{\376\377\000R\000e\000f\000e\000r\000e\000n\000c\000e\000s}{section*.2}% 168
\BOOKMARK [1][-]{section*.169}{\376\377\000P\000r\000o\000o\000f\000\040\000o\000f\000\040\000K\000e\000r\000n\000e\000l\000\040\000D\000e\000c\000o\000m\000p\000o\000s\000i\000t\000i\000o\000n\000\040\000T\000h\000e\000o\000r\000e\000m}{section*.2}% 169
\BOOKMARK [1][-]{section*.170}{\376\377\000P\000r\000o\000o\000f\000\040\000o\000f\000\040\000S\000p\000e\000c\000t\000r\000a\000l\000\040\000D\000i\000m\000e\000n\000s\000i\000o\000n\000\040\000F\000o\000r\000m\000u\000l\000a}{section*.2}% 170
\BOOKMARK [1][-]{section*.171}{\376\377\000P\000r\000o\000o\000f\000\040\000o\000f\000\040\000T\000o\000r\000s\000i\000o\000n\000-\000V\000a\000c\000u\000u\000m\000\040\000E\000n\000e\000r\000g\000y\000\040\000C\000a\000n\000c\000e\000l\000l\000a\000t\000i\000o\000n}{section*.2}% 171
\BOOKMARK [1][-]{section*.172}{\376\377\000N\000u\000m\000e\000r\000i\000c\000a\000l\000\040\000S\000i\000m\000u\000l\000a\000t\000i\000o\000n\000\040\000P\000a\000r\000a\000m\000e\000t\000e\000r\000s}{section*.2}% 172
\BOOKMARK [1][-]{section*.173}{\376\377\000S\000p\000e\000c\000t\000r\000a\000l\000\040\000D\000i\000m\000e\000n\000s\000i\000o\000n\000\040\000E\000v\000o\000l\000u\000t\000i\000o\000n}{section*.2}% 173
\BOOKMARK [1][-]{section*.174}{\376\377\000G\000r\000a\000v\000i\000t\000a\000t\000i\000o\000n\000a\000l\000\040\000W\000a\000v\000e\000f\000o\000r\000m\000\040\000T\000e\000m\000p\000l\000a\000t\000e\000s}{section*.2}% 174
\BOOKMARK [1][-]{section*.175}{\376\377\000B\000l\000a\000c\000k\000\040\000H\000o\000l\000e\000\040\000E\000v\000o\000l\000u\000t\000i\000o\000n\000\040\000C\000o\000d\000e}{section*.2}% 175
\BOOKMARK [1][-]{section*.176}{\376\377\000C\000o\000s\000m\000o\000l\000o\000g\000i\000c\000a\000l\000\040\000E\000v\000o\000l\000u\000t\000i\000o\000n}{section*.2}% 176
\BOOKMARK [1][-]{section*.177}{\376\377\000D\000a\000t\000a\000\040\000A\000v\000a\000i\000l\000a\000b\000i\000l\000i\000t\000y}{section*.2}% 177
\BOOKMARK [1][-]{section*.178}{\376\377\000L\000I\000S\000A\000\040\000D\000a\000t\000a\000\040\000A\000n\000a\000l\000y\000s\000i\000s\000\040\000P\000i\000p\000e\000l\000i\000n\000e}{section*.2}% 178
\BOOKMARK [2][-]{section*.179}{\376\377\000P\000o\000l\000a\000r\000i\000z\000a\000t\000i\000o\000n\000\040\000M\000o\000d\000e\000\040\000S\000e\000p\000a\000r\000a\000t\000i\000o\000n}{section*.178}% 179
\BOOKMARK [2][-]{section*.180}{\376\377\000S\000i\000g\000n\000a\000l\000-\000t\000o\000-\000N\000o\000i\000s\000e\000\040\000R\000a\000t\000i\000o\000\040\000C\000a\000l\000c\000u\000l\000a\000t\000i\000o\000n}{section*.178}% 180
\BOOKMARK [2][-]{section*.181}{\376\377\000E\000x\000p\000e\000c\000t\000e\000d\000\040\000D\000e\000t\000e\000c\000t\000i\000o\000n\000\040\000R\000a\000t\000e\000s}{section*.178}% 181
\BOOKMARK [1][-]{section*.182}{\376\377\000A\000t\000o\000m\000i\000c\000\040\000C\000l\000o\000c\000k\000\040\000C\000o\000n\000s\000t\000r\000a\000i\000n\000t\000s}{section*.2}% 182
\BOOKMARK [1][-]{section*.183}{\376\377\000P\000u\000l\000s\000a\000r\000\040\000T\000i\000m\000i\000n\000g\000\040\000A\000r\000r\000a\000y\000\040\000S\000e\000n\000s\000i\000t\000i\000v\000i\000t\000y}{section*.2}% 183
\BOOKMARK [1][-]{section*.184}{\376\377\000P\000a\000r\000a\000m\000e\000t\000e\000r\000\040\000E\000s\000t\000i\000m\000a\000t\000i\000o\000n}{section*.2}% 184
\BOOKMARK [1][-]{section*.185}{\376\377\000D\000a\000t\000a\000\040\000R\000e\000l\000e\000a\000s\000e\000\040\000P\000o\000l\000i\000c\000y}{section*.2}% 185
\BOOKMARK [1][-]{section*.186}{\376\377\000S\000o\000f\000t\000w\000a\000r\000e\000\040\000R\000e\000p\000o\000s\000i\000t\000o\000r\000y\000\040\000S\000t\000r\000u\000c\000t\000u\000r\000e}{section*.2}% 186
\BOOKMARK [1][-]{section*.187}{\376\377\000P\000y\000t\000h\000o\000n\000\040\000A\000P\000I}{section*.2}% 187
\BOOKMARK [2][-]{section*.188}{\376\377\000S\000p\000e\000c\000t\000r\000a\000l\000\040\000D\000i\000m\000e\000n\000s\000i\000o\000n\000\040\000E\000v\000o\000l\000u\000t\000i\000o\000n}{section*.187}% 188
\BOOKMARK [2][-]{section*.189}{\376\377\000G\000r\000a\000v\000i\000t\000a\000t\000i\000o\000n\000a\000l\000\040\000W\000a\000v\000e\000f\000o\000r\000m\000\040\000G\000e\000n\000e\000r\000a\000t\000i\000o\000n}{section*.187}% 189
\BOOKMARK [2][-]{section*.190}{\376\377\000B\000l\000a\000c\000k\000\040\000H\000o\000l\000e\000\040\000E\000v\000o\000l\000u\000t\000i\000o\000n}{section*.187}% 190
\BOOKMARK [1][-]{section*.191}{\376\377\000I\000n\000s\000t\000a\000l\000l\000a\000t\000i\000o\000n}{section*.2}% 191
\BOOKMARK [1][-]{section*.192}{\376\377\000C\000i\000t\000a\000t\000i\000o\000n}{section*.2}% 192
