\BOOKMARK [1][-]{section.1}{\376\377\137\025\212\000}{}% 1
\BOOKMARK [2][-]{subsection.1.1}{\376\377\164\006\213\272\122\250\147\072}{section.1}% 2
\BOOKMARK [2][-]{subsection.1.2}{\376\377\150\070\137\303\122\033\145\260}{section.1}% 3
\BOOKMARK [3][-]{subsubsection.1.2.1}{\376\377\214\061\176\364\155\101}{subsection.1.2}% 4
\BOOKMARK [3][-]{subsubsection.1.2.2}{\376\377\142\155\217\154\117\134\116\072\127\372\147\054\127\072}{subsection.1.2}% 5
\BOOKMARK [3][-]{subsubsection.1.2.3}{\376\377\122\233\166\204\121\340\117\125\176\337\116\000}{subsection.1.2}% 6
\BOOKMARK [3][-]{subsubsection.1.2.4}{\376\377\221\317\133\120\122\233\133\146\166\204\221\315\145\260\211\343\221\312}{subsection.1.2}% 7
\BOOKMARK [2][-]{subsection.1.3}{\376\377\123\357\213\301\117\052\166\204\230\204\155\113}{section.1}% 8
\BOOKMARK [2][-]{subsection.1.4}{\376\377\213\272\145\207\176\323\147\204}{section.1}% 9
\BOOKMARK [1][-]{section.2}{\376\377\145\160\133\146\127\372\170\100}{}% 10
\BOOKMARK [2][-]{subsection.2.1}{\376\377\121\113\122\051\171\217\137\267\116\343\145\160\000\040\000C\000l\000\050\0003\000,\0001\000\051\000\040\116\016\000\040\000C\000l\000\050\0001\000,\0009\000\051\000\040\166\204\133\371\120\166}{section.2}% 11
\BOOKMARK [3][-]{subsubsection.2.1.1}{\376\377\126\333\176\364\145\366\172\172\116\343\145\160\000\040\000C\000l\000\050\0003\000,\0001\000\051}{subsection.2.1}% 12
\BOOKMARK [3][-]{subsubsection.2.1.2}{\376\377\123\101\176\364\121\205\172\172\225\364\116\343\145\160\000\040\000C\000l\000\050\0001\000,\0009\000\051}{subsection.2.1}% 13
\BOOKMARK [3][-]{subsubsection.2.1.3}{\376\377\116\044\171\315\116\343\145\160\166\204\133\371\120\166\121\163\174\373}{subsection.2.1}% 14
\BOOKMARK [2][-]{subsection.2.2}{\376\377\201\352\145\313\177\244\116\016\211\206\166\326\146\040\134\004}{section.2}% 15
\BOOKMARK [2][-]{subsection.2.3}{\376\377\214\061\176\364}{section.2}% 16
\BOOKMARK [2][-]{subsection.2.4}{\376\377\122\006\137\142\155\113\136\246}{section.2}% 17
\BOOKMARK [2][-]{subsection.2.5}{\376\377\142\155\217\154\121\113\122\051\171\217\137\267\116\343\145\160}{section.2}% 18
\BOOKMARK [2][-]{subsection.2.6}{\376\377\116\016\211\304\203\003\164\006\213\272\166\204\121\163\200\124}{section.2}% 19
\BOOKMARK [2][-]{subsection.2.7}{\376\377\140\073\176\323}{section.2}% 20
\BOOKMARK [1][-]{section.3}{\376\377\150\070\137\303\150\106\147\266\377\032\116\222\123\315\000-\121\205\172\172\225\364\133\371\120\166}{}% 21
\BOOKMARK [2][-]{subsection.3.1}{\376\377\133\371\120\166\140\047\123\237\164\006}{section.3}% 22
\BOOKMARK [2][-]{subsection.3.2}{\376\377\145\160\133\146\210\150\217\360}{section.3}% 23
\BOOKMARK [3][-]{subsubsection.3.2.1}{\376\377\116\222\123\315\172\172\225\364}{subsection.3.2}% 24
\BOOKMARK [3][-]{subsubsection.3.2.2}{\376\377\121\205\172\172\225\364}{subsection.3.2}% 25
\BOOKMARK [3][-]{subsubsection.3.2.3}{\376\377\142\155\217\154\127\072}{subsection.3.2}% 26
\BOOKMARK [2][-]{subsection.3.3}{\376\377\214\061\176\364\155\101\122\250}{section.3}% 27
\BOOKMARK [2][-]{subsection.3.4}{\376\377\117\341\140\157\213\272\127\372\170\100}{section.3}% 28
\BOOKMARK [2][-]{subsection.3.5}{\376\377\122\233\166\204\155\214\163\260}{section.3}% 29
\BOOKMARK [2][-]{subsection.3.6}{\376\377\174\222\133\120\117\134\116\072\142\155\217\154\152\041\137\017}{section.3}% 30
\BOOKMARK [1][-]{section.4}{\376\377\126\333\171\315\127\372\147\054\122\233\166\204\121\340\117\125\176\337\116\000}{}% 31
\BOOKMARK [2][-]{subsection.4.1}{\376\377\176\337\116\000\122\233\134\102\153\041\176\323\147\204}{section.4}% 32
\BOOKMARK [2][-]{subsection.4.2}{\376\377\121\113\122\051\171\217\137\267\116\343\145\160\176\323\147\204\166\204\122\233\215\167\156\220}{section.4}% 33
\BOOKMARK [3][-]{subsubsection.4.2.1}{\376\377\137\025\122\233\377\032\0004\176\364\116\222\123\315\172\172\225\364\166\204\121\340\117\125\146\362\163\207}{subsection.4.2}% 34
\BOOKMARK [3][-]{subsubsection.4.2.2}{\376\377\165\065\170\301\122\233\377\032\147\145\201\352\0001\0005\000\260\142\155\217\154\166\204\000\040\000U\000\050\0001\000\051}{subsection.4.2}% 35
\BOOKMARK [3][-]{subsubsection.4.2.3}{\376\377\137\061\122\233\377\032\147\145\201\352\0003\0000\000\260\142\155\217\154\166\204\000\040\000S\000U\000\050\0002\000\051}{subsection.4.2}% 36
\BOOKMARK [3][-]{subsubsection.4.2.4}{\376\377\137\072\122\233\377\032\147\145\201\352\0004\0005\000\260\142\155\217\154\166\204\000\040\000S\000U\000\050\0003\000\051}{subsection.4.2}% 37
\BOOKMARK [2][-]{subsection.4.3}{\376\377\116\007\202\261\173\122\142\225\137\161\147\072\122\066}{section.4}% 38
\BOOKMARK [2][-]{subsection.4.4}{\376\377\215\321\122\250\200\046\124\010\116\016\176\337\116\000}{section.4}% 39
\BOOKMARK [2][-]{subsection.4.5}{\376\377\140\073\176\323\377\032\121\340\117\125\176\337\116\000}{section.4}% 40
\BOOKMARK [2][-]{subsection.4.6}{\376\377\131\032\221\315\142\155\217\154\134\125\137\000}{section.4}% 41
\BOOKMARK [3][-]{subsubsection.4.6.1}{\376\377\142\155\217\154\134\102\153\041\176\323\147\204}{subsection.4.6}% 42
\BOOKMARK [3][-]{subsubsection.4.6.2}{\376\377\200\375\221\317\117\235\215\126\137\142\162\266\126\340\133\120}{subsection.4.6}% 43
\BOOKMARK [3][-]{subsubsection.4.6.3}{\376\377\116\224\116\052\162\354\172\313\166\204\000\040\000Z\040\202\000\040\126\340\133\120}{subsection.4.6}% 44
\BOOKMARK [3][-]{subsubsection.4.6.4}{\376\377\142\155\217\154\152\041\137\017\166\370\116\222\117\134\165\050}{subsection.4.6}% 45
\BOOKMARK [2][-]{subsection.4.7}{\376\377\122\006\137\142\000-\143\040\163\207\173\111\116\367\140\047\377\032\213\346\176\306\143\250\133\374}{section.4}% 46
\BOOKMARK [3][-]{subsubsection.4.7.1}{\376\377\122\006\137\142\155\113\136\246\164\006\213\272}{subsection.4.7}% 47
\BOOKMARK [3][-]{subsubsection.4.7.2}{\376\377\173\111\116\367\146\040\134\004}{subsection.4.7}% 48
\BOOKMARK [3][-]{subsubsection.4.7.3}{\376\377\162\151\164\006\211\343\221\312}{subsection.4.7}% 49
\BOOKMARK [3][-]{subsubsection.4.7.4}{\376\377\123\357\211\302\155\113\124\016\147\234}{subsection.4.7}% 50
\BOOKMARK [2][-]{subsection.4.8}{\376\377\121\163\225\056\121\163\174\373\140\073\176\323}{section.4}% 51
\BOOKMARK [1][-]{section.5}{\376\377\137\025\122\233\164\006\213\272}{}% 52
\BOOKMARK [2][-]{subsection.5.1}{\376\377\116\316\236\316\146\374\122\060\236\316\146\374\000-\123\141\127\146\121\340\117\125}{section.5}% 53
\BOOKMARK [2][-]{subsection.5.2}{\376\377\162\061\126\340\145\257\127\146\000-\123\141\127\146\127\072\145\271\172\013}{section.5}% 54
\BOOKMARK [2][-]{subsection.5.3}{\376\377\121\155\171\315\137\025\122\233\154\342\120\117\143\057}{section.5}% 55
\BOOKMARK [2][-]{subsection.5.4}{\376\377\117\040\144\255\220\037\136\246\124\214\202\162\145\143}{section.5}% 56
\BOOKMARK [2][-]{subsection.5.5}{\376\377\137\061\127\072\147\201\226\120}{section.5}% 57
\BOOKMARK [2][-]{subsection.5.6}{\376\377\137\072\127\072\123\072\127\337}{section.5}% 58
\BOOKMARK [2][-]{subsection.5.7}{\376\377\143\242\155\113\122\115\146\157}{section.5}% 59
\BOOKMARK [2][-]{subsection.5.8}{\376\377\116\016\136\177\116\111\166\370\133\371\213\272\166\204\133\371\136\224}{section.5}% 60
\BOOKMARK [2][-]{subsection.5.9}{\376\377\140\073\176\323}{section.5}% 61
\BOOKMARK [1][-]{section.6}{\376\377\214\061\176\364\155\101\116\016\145\366\172\172\142\323\142\121}{}% 62
\BOOKMARK [2][-]{subsection.6.1}{\376\377\127\372\147\054\123\072\122\006\377\032\142\323\142\121\176\364\145\160\116\016\214\061\176\364\145\160}{section.6}% 63
\BOOKMARK [2][-]{subsection.6.2}{\376\377\116\007\202\261\173\122\142\225\137\161\147\072\122\066}{section.6}% 64
\BOOKMARK [2][-]{subsection.6.3}{\376\377\172\177\215\212\211\306\165\114\166\204\200\375\221\317\140\001\215\303\217\301}{section.6}% 65
\BOOKMARK [2][-]{subsection.6.4}{\376\377\124\021\121\205\122\006\137\142\142\151\134\125}{section.6}% 66
\BOOKMARK [2][-]{subsection.6.5}{\376\377\137\025\122\233\122\277\117\134\116\072\121\205\172\172\225\364\200\375\221\317\150\257\136\246}{section.6}% 67
\BOOKMARK [2][-]{subsection.6.6}{\376\377\176\337\116\000\126\376\146\157\377\032\116\044\116\052\225\356\230\230\117\134\116\072\116\000\116\052\217\307\172\013}{section.6}% 68
\BOOKMARK [2][-]{subsection.6.7}{\376\377\145\313\217\154\164\003\133\236\232\214\117\134\116\072\236\321\155\036\174\173\153\324}{section.6}% 69
\BOOKMARK [2][-]{subsection.6.8}{\376\377\131\047\176\337\116\000\134\072\136\246\116\012\166\204\122\233\145\271\124\021\123\072\122\006}{section.6}% 70
\BOOKMARK [2][-]{subsection.6.9}{\376\377\140\073\176\323}{section.6}% 71
\BOOKMARK [1][-]{section.7}{\376\377\116\016\136\177\116\111\166\370\133\371\213\272\166\204\145\164\124\010}{}% 72
\BOOKMARK [2][-]{subsection.7.1}{\376\377\164\006\213\272\166\204\134\102\153\041\176\323\147\204}{section.7}% 73
\BOOKMARK [2][-]{subsection.7.2}{\376\377\147\201\226\120\166\204\162\151\164\006\211\343\221\312}{section.7}% 74
\BOOKMARK [2][-]{subsection.7.3}{\376\377\131\051\117\123\162\151\164\006\200\314\146\157\116\055\166\204\143\040\163\207\117\356\153\143}{section.7}% 75
\BOOKMARK [2][-]{subsection.7.4}{\376\377\214\061\176\364\145\160\116\016\136\177\116\111\166\370\133\371\213\272\121\174\133\271\140\047}{section.7}% 76
\BOOKMARK [2][-]{subsection.7.5}{\376\377\137\025\122\233\154\342\120\117\143\057\377\032\116\000\116\052\123\072\122\006\140\047\230\204\212\000}{section.7}% 77
\BOOKMARK [2][-]{subsection.7.6}{\376\377\133\207\133\231\133\146\117\356\153\143}{section.7}% 78
\BOOKMARK [2][-]{subsection.7.7}{\376\377\147\145\201\352\121\340\117\125\143\040\163\207\166\204\146\227\200\375\221\317}{section.7}% 79
\BOOKMARK [2][-]{subsection.7.8}{\376\377\124\362\133\146\124\053\116\111}{section.7}% 80
\BOOKMARK [2][-]{subsection.7.9}{\376\377\140\073\176\323}{section.7}% 81
\BOOKMARK [1][-]{section.8}{\376\377\121\340\117\125\215\167\156\220\166\204\211\304\203\003\164\006\213\272}{}% 82
\BOOKMARK [2][-]{subsection.8.1}{\376\377\211\304\203\003\133\371\171\360\140\047\166\204\121\340\117\125\215\167\156\220}{section.8}% 83
\BOOKMARK [2][-]{subsection.8.2}{\376\377\150\070\122\006\211\343}{section.8}% 84
\BOOKMARK [2][-]{subsection.8.3}{\376\377\165\065\170\301\122\233\377\032\000U\000\050\0001\000\051}{section.8}% 85
\BOOKMARK [2][-]{subsection.8.4}{\376\377\137\061\166\370\116\222\117\134\165\050\377\032\000S\000U\000\050\0002\000\051}{section.8}% 86
\BOOKMARK [2][-]{subsection.8.5}{\376\377\137\072\166\370\116\222\117\134\165\050\377\032\000S\000U\000\050\0003\000\051}{section.8}% 87
\BOOKMARK [2][-]{subsection.8.6}{\376\377\000C\000K\000M\116\016\000P\000M\000N\000S\167\351\226\065}{section.8}% 88
\BOOKMARK [2][-]{subsection.8.7}{\376\377\215\071\174\163\133\120\215\050\221\317}{section.8}% 89
\BOOKMARK [2][-]{subsection.8.8}{\376\377\200\046\124\010\136\070\145\160\176\337\116\000}{section.8}% 90
\BOOKMARK [2][-]{subsection.8.9}{\376\377\140\073\176\323}{section.8}% 91
\BOOKMARK [2][-]{subsection.8.10}{\376\377\147\011\145\110\000C\000K\000M\152\041\127\213\377\032\173\200\123\026\123\302\145\160\123\026}{section.8}% 92
\BOOKMARK [3][-]{subsubsection.8.10.1}{\376\377\116\011\123\302\145\160\147\011\145\110\152\041\127\213}{subsection.8.10}% 93
\BOOKMARK [3][-]{subsubsection.8.10.2}{\376\377\215\050\221\317\153\324\217\223\121\145}{subsection.8.10}% 94
\BOOKMARK [3][-]{subsubsection.8.10.3}{\376\377\147\011\145\110\152\041\127\213\166\204\134\100\226\120\140\047}{subsection.8.10}% 95
\BOOKMARK [3][-]{subsubsection.8.10.4}{\376\377\116\016\133\214\145\164\164\006\213\272\166\204\121\163\174\373}{subsection.8.10}% 96
\BOOKMARK [3][-]{subsubsection.8.10.5}{\376\377\117\125\145\366\117\177\165\050\124\352\171\315\152\041\127\213}{subsection.8.10}% 97
\BOOKMARK [3][-]{subsubsection.8.10.6}{\376\377\145\131\133\146\116\367\120\074}{subsection.8.10}% 98
\BOOKMARK [3][-]{subsubsection.8.10.7}{\376\377\140\073\176\323}{subsection.8.10}% 99
\BOOKMARK [2][-]{subsection.8.11}{\376\377\122\006\137\142\000-\143\040\163\207\133\371\120\166\166\204\000C\000K\000M\167\351\226\065}{section.8}% 100
\BOOKMARK [3][-]{subsubsection.8.11.1}{\376\377\133\371\120\166\117\134\116\072\213\241\173\227\135\345\121\167}{subsection.8.11}% 101
\BOOKMARK [3][-]{subsubsection.8.11.2}{\376\377\153\145\232\244\0001\377\032\122\006\137\142\150\007\136\246\166\204\131\070\121\113\215\050\221\317\134\102\153\041}{subsection.8.11}% 102
\BOOKMARK [3][-]{subsubsection.8.11.3}{\376\377\153\145\232\244\0002\377\032\143\040\163\207\152\041\137\017\200\046\124\010\166\204\155\367\124\010\211\322}{subsection.8.11}% 103
\BOOKMARK [3][-]{subsubsection.8.11.4}{\376\377\153\145\232\244\0003\377\032\167\037\172\172\142\323\142\121\166\204\000C\000P\170\064\127\117}{subsection.8.11}% 104
\BOOKMARK [3][-]{subsubsection.8.11.5}{\376\377\133\214\145\164\000C\000K\000M\167\351\226\065}{subsection.8.11}% 105
\BOOKMARK [3][-]{subsubsection.8.11.6}{\376\377\116\072\116\300\116\110\133\371\120\166\221\315\211\201\377\032\213\241\173\227\145\110\163\207}{subsection.8.11}% 106
\BOOKMARK [3][-]{subsubsection.8.11.7}{\376\377\142\151\134\125\122\060\000P\000M\000N\000S\167\351\226\065}{subsection.8.11}% 107
\BOOKMARK [3][-]{subsubsection.8.11.8}{\376\377\215\367\215\367\147\177\121\340\117\125\166\204\116\055\137\256\133\120\215\050\221\317}{subsection.8.11}% 108
\BOOKMARK [3][-]{subsubsection.8.11.9}{\376\377\142\155\217\154\221\315\123\340\166\204\000P\000M\000N\000S\155\367\124\010\211\322}{subsection.8.11}% 109
\BOOKMARK [3][-]{subsubsection.8.11.10}{\376\377\217\173\133\120\000C\000P\170\064\127\117}{subsection.8.11}% 110
\BOOKMARK [2][-]{subsection.8.12}{\376\377\145\271\154\325\213\272\123\315\140\035\377\032\122\006\137\142\000-\143\040\163\207\133\371\120\166\166\204\124\362\133\146}{section.8}% 111
\BOOKMARK [3][-]{subsubsection.8.12.1}{\376\377\145\160\133\146\116\015\173\111\116\367\377\014\162\151\164\006\173\111\116\367}{subsection.8.12}% 112
\BOOKMARK [3][-]{subsubsection.8.12.2}{\376\377\213\241\173\227\116\055\166\204\116\222\210\145\140\047}{subsection.8.12}% 113
\BOOKMARK [3][-]{subsubsection.8.12.3}{\376\377\133\371\120\166\117\134\116\072\163\260\133\236\166\204\162\171\137\201}{subsection.8.12}% 114
\BOOKMARK [3][-]{subsubsection.8.12.4}{\376\377\123\206\123\362\174\173\153\324}{subsection.8.12}% 115
\BOOKMARK [3][-]{subsubsection.8.12.5}{\376\377\214\061\176\364\145\160\166\204\117\134\165\050}{subsection.8.12}% 116
\BOOKMARK [3][-]{subsubsection.8.12.6}{\376\377\133\371\221\317\133\120\137\025\122\233\166\204\124\053\116\111}{subsection.8.12}% 117
\BOOKMARK [3][-]{subsubsection.8.12.7}{\376\377\116\000\116\052\153\324\125\273}{subsection.8.12}% 118
\BOOKMARK [3][-]{subsubsection.8.12.8}{\376\377\176\323\213\272}{subsection.8.12}% 119
\BOOKMARK [1][-]{section.9}{\376\377\116\316\0001\0000\000D\121\340\117\125\133\374\121\372\133\214\145\164\000Q\000F\000T\142\311\150\074\147\027\145\345\221\317}{}% 120
\BOOKMARK [2][-]{subsection.9.1}{\376\377\137\025\212\000}{section.9}% 121
\BOOKMARK [2][-]{subsection.9.2}{\376\377\0001\0000\000D\116\055\166\204\116\073\142\311\150\074\147\027\145\345\221\317}{section.9}% 122
\BOOKMARK [3][-]{subsubsection.9.2.1}{\376\377\121\340\117\125\117\134\165\050\221\317}{subsection.9.2}% 123
\BOOKMARK [3][-]{subsubsection.9.2.2}{\376\377\121\113\122\051\171\217\137\267\116\343\145\160\000\040\000C\000l\000\050\0001\000,\0009\000\051}{subsection.9.2}% 124
\BOOKMARK [2][-]{subsection.9.3}{\376\377\176\364\136\246\176\246\123\026\377\032\0001\0000\000D\000\040\041\222\000\040\0004\000D}{section.9}% 125
\BOOKMARK [3][-]{subsubsection.9.3.1}{\376\377\123\141\234\201\142\116\000-\121\113\203\261\126\340\142\337\213\276}{subsection.9.3}% 126
\BOOKMARK [3][-]{subsubsection.9.3.2}{\376\377\211\304\203\003\133\371\171\360\140\047\166\204\155\214\163\260}{subsection.9.3}% 127
\BOOKMARK [2][-]{subsection.9.4}{\376\377\137\025\122\233\220\350\122\006}{section.9}% 128
\BOOKMARK [3][-]{subsubsection.9.4.1}{\376\377\162\061\126\340\145\257\127\146\000-\136\014\134\024\117\057\162\171\230\171}{subsection.9.4}% 129
\BOOKMARK [3][-]{subsubsection.9.4.2}{\376\377\143\040\163\207\230\171}{subsection.9.4}% 130
\BOOKMARK [2][-]{subsection.9.5}{\376\377\211\304\203\003\220\350\122\006}{section.9}% 131
\BOOKMARK [3][-]{subsubsection.9.5.1}{\376\377\000U\000\050\0001\000\051\000Y\377\032\215\205\203\167\211\304\203\003\127\072}{subsection.9.5}% 132
\BOOKMARK [1][-]{section.10}{\376\377\137\025\212\000\377\032\117\134\116\072\122\250\122\233\133\146\123\330\221\317\166\204\145\366\225\364}{}% 133
\BOOKMARK [1][-]{section.11}{\376\377\145\366\225\364\117\134\116\072\214\061\176\364\145\160\155\101}{}% 134
\BOOKMARK [2][-]{subsection.11.1}{\376\377\145\366\225\364\000-\214\061\133\371\136\224}{section.11}% 135
\BOOKMARK [2][-]{subsection.11.2}{\376\377\145\366\225\364\227\136\123\125\214\003\140\047}{section.11}% 136
\BOOKMARK [1][-]{section.12}{\376\377\145\366\225\364\225\134\120\317\116\016\121\205\172\172\225\364}{}% 137
\BOOKMARK [2][-]{subsection.12.1}{\376\377\145\366\225\364\133\371\120\166\140\047}{section.12}% 138
\BOOKMARK [2][-]{subsection.12.2}{\376\377\142\323\142\121\225\134\120\317\123\315\157\024}{section.12}% 139
\BOOKMARK [1][-]{section.13}{\376\377\145\366\225\364\173\255\131\064\166\204\121\340\117\125\215\167\156\220}{}% 140
\BOOKMARK [2][-]{subsection.13.1}{\376\377\161\265\117\134\116\072\121\340\117\125\131\015\147\102\140\047}{section.13}% 141
\BOOKMARK [2][-]{subsection.13.2}{\376\377\133\207\133\231\133\146\145\366\225\364\173\255\131\064}{section.13}% 142
\BOOKMARK [1][-]{section.14}{\376\377\221\317\133\120\145\366\225\364\116\016\227\136\133\232\127\337\140\047}{}% 143
\BOOKMARK [2][-]{subsection.14.1}{\376\377\145\366\225\364\176\240\177\040}{section.14}% 144
\BOOKMARK [2][-]{subsection.14.2}{\376\377\221\317\133\120\000-\176\317\121\170\217\154\123\330}{section.14}% 145
\BOOKMARK [1][-]{section.15}{\376\377\147\201\172\357\147\141\116\366\116\013\166\204\145\366\225\364}{}% 146
\BOOKMARK [2][-]{subsection.15.1}{\376\377\236\321\155\036\226\104\217\321}{section.15}% 147
\BOOKMARK [2][-]{subsection.15.2}{\376\377\133\207\133\231\133\146\145\366\147\037}{section.15}% 148
\BOOKMARK [1][-]{section.16}{\376\377\140\073\176\323}{}% 149
\BOOKMARK [1][-]{section.17}{\376\377\221\317\133\120\122\233\133\146\166\204\121\340\117\125\211\343\221\312}{}% 150
\BOOKMARK [2][-]{subsection.17.1}{\376\377\137\025\212\000\377\032\221\317\133\120\122\233\133\146\166\204\121\340\117\125\123\026}{section.17}% 151
\BOOKMARK [2][-]{subsection.17.2}{\376\377\117\134\116\072\176\244\176\364\116\033\142\052\227\142\166\204\221\317\133\120\140\001}{section.17}% 152
\BOOKMARK [3][-]{subsubsection.17.2.1}{\376\377\133\371\136\224\121\163\174\373}{subsection.17.2}% 153
\BOOKMARK [2][-]{subsection.17.3}{\376\377\155\113\221\317\166\204\121\340\117\125\377\032\173\054\116\000\140\047\123\237\164\006\143\250\133\374}{section.17}% 154
\BOOKMARK [3][-]{subsubsection.17.3.1}{\376\377\155\113\221\317\117\134\116\072\116\073\122\250\166\370\116\222\117\134\165\050}{subsection.17.3}% 155
\BOOKMARK [3][-]{subsubsection.17.3.2}{\376\377\155\113\221\317\145\366\225\364\121\154\137\017}{subsection.17.3}% 156
\BOOKMARK [3][-]{subsubsection.17.3.3}{\376\377\221\317\133\120\155\113\221\317\225\356\230\230\166\204\155\210\211\343}{subsection.17.3}% 157
\BOOKMARK [2][-]{subsection.17.4}{\376\377\221\317\133\120\176\240\177\040\166\204\121\340\117\125\211\343\221\312}{section.17}% 158
\BOOKMARK [3][-]{subsubsection.17.4.1}{\376\377\176\240\177\040\117\134\116\072\121\161\116\253\121\205\145\366\225\364}{subsection.17.4}% 159
\BOOKMARK [3][-]{subsubsection.17.4.2}{\376\377\116\072\116\300\116\110\154\241\147\011\117\341\123\367\117\040\217\223\377\037}{subsection.17.4}% 160
\BOOKMARK [3][-]{subsubsection.17.4.3}{\376\377\176\240\177\040\161\265\166\204\121\340\117\125\121\154\137\017}{subsection.17.4}% 161
\BOOKMARK [2][-]{subsection.17.5}{\376\377\131\032\174\222\133\120\174\373\176\337\116\016\121\340\117\125\221\317\133\120\127\072\213\272}{section.17}% 162
\BOOKMARK [3][-]{subsubsection.17.5.1}{\376\377\131\032\174\222\133\120\136\014\134\024\117\057\162\171\172\172\225\364}{subsection.17.5}% 163
\BOOKMARK [3][-]{subsubsection.17.5.2}{\376\377\121\150\124\014\174\222\133\120\116\016\116\244\143\142\133\371\171\360\140\047}{subsection.17.5}% 164
\BOOKMARK [3][-]{subsubsection.17.5.3}{\376\377\000F\000o\000c\000k\172\172\225\364\116\016\127\072\173\227\173\046}{subsection.17.5}% 165
\BOOKMARK [3][-]{subsubsection.17.5.4}{\376\377\227\136\133\232\127\337\140\047\000v\000s\126\340\147\234\140\047}{subsection.17.5}% 166
\BOOKMARK [2][-]{subsection.17.6}{\376\377\140\073\176\323}{section.17}% 167
\BOOKMARK [1][-]{section.18}{\376\377\215\071\174\163\133\120\215\050\221\317\116\016\174\222\133\120\162\151\164\006}{}% 168
\BOOKMARK [2][-]{subsection.18.1}{\376\377\137\025\212\000\377\032\215\050\221\317\166\204\121\340\117\125\215\167\156\220}{section.18}% 169
\BOOKMARK [2][-]{subsection.18.2}{\376\377\000Y\000u\000k\000a\000w\000a\200\046\124\010\166\204\121\340\117\125\147\145\156\220}{section.18}% 170
\BOOKMARK [3][-]{subsubsection.18.2.1}{\376\377\221\315\123\340\171\357\122\006\121\154\137\017}{subsection.18.2}% 171
\BOOKMARK [3][-]{subsubsection.18.2.2}{\376\377\142\155\217\154\211\322\116\016\215\050\221\317\134\102\176\247}{subsection.18.2}% 172
\BOOKMARK [2][-]{subsection.18.3}{\376\377\133\214\145\164\215\071\174\163\133\120\215\050\221\317\230\204\155\113}{section.18}% 173
\BOOKMARK [3][-]{subsubsection.18.3.1}{\376\377\131\070\121\113\215\050\221\317\167\351\226\065}{subsection.18.3}% 174
\BOOKMARK [3][-]{subsubsection.18.3.2}{\376\377\217\173\133\120\215\050\221\317}{subsection.18.3}% 175
\BOOKMARK [3][-]{subsubsection.18.3.3}{\376\377\176\337\213\241\142\337\124\010}{subsection.18.3}% 176
\BOOKMARK [2][-]{subsection.18.4}{\376\377\000C\000K\000M\167\351\226\065\166\204\121\340\117\125\143\250\133\374}{section.18}% 177
\BOOKMARK [3][-]{subsubsection.18.4.1}{\376\377\155\367\124\010\167\351\226\065\117\134\116\072\142\155\217\154\145\313\217\154}{subsection.18.4}% 178
\BOOKMARK [3][-]{subsubsection.18.4.2}{\376\377\000C\000P\170\064\127\117\123\302\145\160}{subsection.18.4}% 179
\BOOKMARK [2][-]{subsection.18.5}{\376\377\221\315\145\164\123\026\177\244\155\101}{section.18}% 180
\BOOKMARK [3][-]{subsubsection.18.5.1}{\376\377\121\340\117\125\000B\000e\000t\000a\121\375\145\160}{subsection.18.5}% 181
\BOOKMARK [3][-]{subsubsection.18.5.2}{\376\377\131\047\176\337\116\000}{subsection.18.5}% 182
\BOOKMARK [2][-]{subsection.18.6}{\376\377\215\205\215\212\150\007\121\306\152\041\127\213}{section.18}% 183
\BOOKMARK [3][-]{subsubsection.18.6.1}{\376\377\116\055\137\256\133\120\215\050\221\317}{subsection.18.6}% 184
\BOOKMARK [3][-]{subsubsection.18.6.2}{\376\377\146\227\162\151\215\050\120\031\220\011\200\005}{subsection.18.6}% 185
\BOOKMARK [3][-]{subsubsection.18.6.3}{\376\377\221\315\133\120\145\160\116\015\133\210\140\122}{subsection.18.6}% 186
\BOOKMARK [2][-]{subsection.18.7}{\376\377\133\236\232\214\150\300\232\214}{section.18}% 187
\BOOKMARK [3][-]{subsubsection.18.7.1}{\376\377\123\357\150\300\232\214\230\204\212\000}{subsection.18.7}% 188
\BOOKMARK [3][-]{subsubsection.18.7.2}{\376\377\147\052\147\145\155\113\213\325}{subsection.18.7}% 189
\BOOKMARK [2][-]{subsection.18.8}{\376\377\140\073\176\323}{section.18}% 190
\BOOKMARK [1][-]{section.19}{\376\377\236\321\155\036\164\006\213\272}{}% 191
\BOOKMARK [2][-]{subsection.19.1}{\376\377\137\025\212\000\377\032\236\321\155\036\166\204\116\011\131\047\214\034\230\230}{section.19}% 192
\BOOKMARK [2][-]{subsection.19.2}{\376\377\176\317\121\170\000G\000R\116\055\166\204\131\107\160\271\225\356\230\230}{section.19}% 193
\BOOKMARK [2][-]{subsection.19.3}{\376\377\226\066\153\265\000A\377\032\142\155\217\154\127\072\166\204\153\143\122\031\221\317\133\120\123\026}{section.19}% 194
\BOOKMARK [3][-]{subsubsection.19.3.1}{\376\377\145\340\226\120\176\364\217\233\121\340\117\125\150\106\147\266}{subsection.19.3}% 195
\BOOKMARK [3][-]{subsubsection.19.3.2}{\376\377\142\155\217\154\127\072\166\204\154\312\147\176\142\354\123\367}{subsection.19.3}% 196
\BOOKMARK [3][-]{subsubsection.19.3.3}{\376\377\153\143\122\031\133\371\146\023\121\163\174\373}{subsection.19.3}% 197
\BOOKMARK [3][-]{subsubsection.19.3.4}{\376\377\000F\000o\000c\000k\172\172\225\364\210\150\171\072}{subsection.19.3}% 198
\BOOKMARK [2][-]{subsection.19.4}{\376\377\226\066\153\265\000B\377\032\121\340\117\125\221\317\133\120\123\026}{section.19}% 199
\BOOKMARK [3][-]{subsubsection.19.4.1}{\376\377\230\204\221\317\133\120\123\026\176\277\116\033}{subsection.19.4}% 200
\BOOKMARK [3][-]{subsubsection.19.4.2}{\376\377\000K\000\344\000h\000l\000e\000r\147\201\123\026}{subsection.19.4}% 201
\BOOKMARK [3][-]{subsubsection.19.4.3}{\376\377\121\150\176\257\154\342\121\375\145\160}{subsection.19.4}% 202
\BOOKMARK [3][-]{subsubsection.19.4.4}{\376\377\116\016\000F\000o\000c\000k\172\172\225\364\166\204\124\014\147\204}{subsection.19.4}% 203
\BOOKMARK [2][-]{subsection.19.5}{\376\377\226\066\153\265\000C\377\032\236\321\155\036\161\265\166\204\137\256\211\302\215\167\156\220}{section.19}% 204
\BOOKMARK [3][-]{subsubsection.19.5.1}{\376\377\000B\000e\000k\000e\000n\000s\000t\000e\000i\000n\000-\000H\000a\000w\000k\000i\000n\000g\161\265}{subsection.19.5}% 205
\BOOKMARK [3][-]{subsubsection.19.5.2}{\376\377\176\337\213\241\122\233\133\146\225\356\230\230}{subsection.19.5}% 206
\BOOKMARK [3][-]{subsubsection.19.5.3}{\376\377\000C\000T\000U\000F\000T\211\343\121\263\145\271\150\110\377\032\214\061\176\364\155\101\122\250}{subsection.19.5}% 207
\BOOKMARK [3][-]{subsubsection.19.5.4}{\376\377\121\163\225\056\155\036\211\301}{subsection.19.5}% 208
\BOOKMARK [3][-]{subsubsection.19.5.5}{\376\377\133\371\145\160\117\356\153\143}{subsection.19.5}% 209
\BOOKMARK [3][-]{subsubsection.19.5.6}{\376\377\146\156\220\002\140\047}{subsection.19.5}% 210
\BOOKMARK [3][-]{subsubsection.19.5.7}{\376\377\116\016\121\166\116\326\164\006\213\272\166\204\153\324\217\203}{subsection.19.5}% 211
\BOOKMARK [2][-]{subsection.19.6}{\376\377\122\006\137\142\000-\142\155\217\154\236\321\155\036\152\041\127\213}{section.19}% 212
\BOOKMARK [3][-]{subsubsection.19.6.1}{\376\377\150\070\137\303\176\323\147\204}{subsection.19.6}% 213
\BOOKMARK [3][-]{subsubsection.19.6.2}{\376\377\117\341\140\157\117\335\143\001}{subsection.19.6}% 214
\BOOKMARK [2][-]{subsection.19.7}{\376\377\117\341\140\157\140\226\213\272\166\204\211\343\121\263}{section.19}% 215
\BOOKMARK [2][-]{subsection.19.8}{\376\377\236\321\155\036\204\270\123\321\116\016\221\317\133\120\220\127\217\371}{section.19}% 216
\BOOKMARK [2][-]{subsection.19.9}{\376\377\226\066\153\265\000D\377\032\123\237\122\035\236\321\155\036\116\016\211\302\155\113\162\171\137\201}{section.19}% 217
\BOOKMARK [3][-]{subsubsection.19.9.1}{\376\377\123\237\122\035\236\321\155\036\137\142\142\020}{subsection.19.9}% 218
\BOOKMARK [3][-]{subsubsection.19.9.2}{\376\377\000P\000B\000H\166\204\227\015\221\321\217\220\134\004}{subsection.19.9}% 219
\BOOKMARK [3][-]{subsubsection.19.9.3}{\376\377\227\015\221\321\214\061\166\204\000C\000T\000U\000F\000T\117\356\153\143}{subsection.19.9}% 220
\BOOKMARK [3][-]{subsubsection.19.9.4}{\376\377\160\160\117\123\126\340\133\120\116\016\174\222\133\120\123\321\134\004}{subsection.19.9}% 221
\BOOKMARK [3][-]{subsubsection.19.9.5}{\376\377\133\207\133\231\117\075\232\154\134\004\176\277\200\314\146\157\226\120\122\066}{subsection.19.9}% 222
\BOOKMARK [3][-]{subsubsection.19.9.6}{\376\377\131\032\143\242\224\210\226\120\122\066}{subsection.19.9}% 223
\BOOKMARK [3][-]{subsubsection.19.9.7}{\376\377\147\052\147\145\211\302\155\113\122\115\146\157}{subsection.19.9}% 224
\BOOKMARK [2][-]{subsection.19.10}{\376\377\000C\000T\000U\000F\000T\133\371\000P\000B\000H\166\204\123\357\213\301\117\052\230\204\212\000}{section.19}% 225
\BOOKMARK [2][-]{subsection.19.11}{\376\377\122\006\137\142\000-\142\155\217\154\236\321\155\036\152\041\127\213\377\010\213\346\176\306\176\323\147\204\377\011}{section.19}% 226
\BOOKMARK [3][-]{subsubsection.19.11.1}{\376\377\131\107\160\271\155\210\226\144\116\016\124\021\121\205\122\006\137\142\134\125\137\000}{subsection.19.11}% 227
\BOOKMARK [2][-]{subsection.19.12}{\376\377\117\341\140\157\140\226\213\272\166\204\211\343\121\263\377\010\213\346\176\306\147\072\122\066\377\011}{section.19}% 228
\BOOKMARK [3][-]{subsubsection.19.12.1}{\376\377\000C\000T\000U\000F\000T\211\343\121\263\377\032\117\341\140\157\133\210\140\122}{subsection.19.12}% 229
\BOOKMARK [3][-]{subsubsection.19.12.2}{\376\377\000P\000a\000g\000e\146\362\176\277}{subsection.19.12}% 230
\BOOKMARK [3][-]{subsubsection.19.12.3}{\376\377\226\062\160\153\130\231\140\226\213\272\166\204\211\343\121\263}{subsection.19.12}% 231
\BOOKMARK [2][-]{subsection.19.13}{\376\377\236\321\155\036\121\205\220\350\176\323\147\204}{section.19}% 232
\BOOKMARK [3][-]{subsubsection.19.13.1}{\376\377\122\006\134\102\121\340\117\125}{subsection.19.13}% 233
\BOOKMARK [3][-]{subsubsection.19.13.2}{\376\377\000P\000e\000n\000r\000o\000s\000e\126\376}{subsection.19.13}% 234
\BOOKMARK [2][-]{subsection.19.14}{\376\377\145\313\217\154\124\214\136\046\165\065\236\321\155\036}{section.19}% 235
\BOOKMARK [2][-]{subsection.19.15}{\376\377\236\321\155\036\204\270\123\321\166\204\117\356\153\143\156\051\136\246}{section.19}% 236
\BOOKMARK [2][-]{subsection.19.16}{\376\377\211\302\155\113\117\341\123\367}{section.19}% 237
\BOOKMARK [3][-]{subsubsection.19.16.1}{\376\377\124\010\136\166\137\025\122\233\154\342}{subsection.19.16}% 238
\BOOKMARK [3][-]{subsubsection.19.16.2}{\376\377\146\227\162\151\215\050\143\242\155\113}{subsection.19.16}% 239
\BOOKMARK [2][-]{subsection.19.17}{\376\377\140\073\176\323\377\032\000C\000T\000U\000F\000T\116\055\166\204\236\321\155\036}{section.19}% 240
\BOOKMARK [1][-]{section.20}{\376\377\133\207\133\231\133\146}{}% 241
\BOOKMARK [2][-]{subsection.20.1}{\376\377\137\025\212\000\377\032\133\207\133\231\166\204\157\024\123\026\126\376\146\157}{section.20}% 242
\BOOKMARK [2][-]{subsection.20.2}{\376\377\142\155\217\154\232\161\122\250\146\264\155\250}{section.20}% 243
\BOOKMARK [3][-]{subsubsection.20.2.1}{\376\377\146\264\155\250\166\204\121\340\117\125\147\072\122\066}{subsection.20.2}% 244
\BOOKMARK [3][-]{subsubsection.20.2.2}{\376\377\146\264\155\250\127\072\117\134\116\072\214\061\176\364}{subsection.20.2}% 245
\BOOKMARK [3][-]{subsubsection.20.2.3}{\376\377\141\142\156\332\123\302\145\160}{subsection.20.2}% 246
\BOOKMARK [2][-]{subsection.20.3}{\376\377\145\351\147\037\133\207\133\231\116\055\166\204\214\061\176\364\157\024\123\026}{section.20}% 247
\BOOKMARK [3][-]{subsubsection.20.3.1}{\376\377\176\364\136\246\217\154\123\330\122\250\122\233\133\146}{subsection.20.3}% 248
\BOOKMARK [3][-]{subsubsection.20.3.2}{\376\377\116\016\160\355\123\206\123\362\166\204\121\163\174\373}{subsection.20.3}% 249
\BOOKMARK [2][-]{subsection.20.4}{\376\377\123\237\122\035\236\321\155\036\137\142\142\020}{section.20}% 250
\BOOKMARK [3][-]{subsubsection.20.4.1}{\376\377\137\142\142\020\147\072\122\066}{subsection.20.4}% 251
\BOOKMARK [3][-]{subsubsection.20.4.2}{\376\377\215\050\221\317\214\061}{subsection.20.4}% 252
\BOOKMARK [2][-]{subsection.20.5}{\376\377\146\227\162\151\215\050\377\032\123\237\122\035\236\321\155\036\220\127\217\371}{section.20}% 253
\BOOKMARK [3][-]{subsubsection.20.5.1}{\376\377\221\317\133\120\220\127\217\371\117\134\116\072\146\227\162\151\215\050}{subsection.20.5}% 254
\BOOKMARK [3][-]{subsubsection.20.5.2}{\376\377\116\060\136\246\117\060\213\241}{subsection.20.5}% 255
\BOOKMARK [2][-]{subsection.20.6}{\376\377\146\227\200\375\221\317\377\032\166\204\121\340\117\125\215\167\156\220}{section.20}% 256
\BOOKMARK [3][-]{subsubsection.20.6.1}{\376\377\133\207\133\231\133\146\136\070\145\160\225\356\230\230}{subsection.20.6}% 257
\BOOKMARK [3][-]{subsubsection.20.6.2}{\376\377\000C\000T\000U\000F\000T\211\343\121\263\377\032\142\155\217\154\167\037\172\172\200\375}{subsection.20.6}% 258
\BOOKMARK [3][-]{subsubsection.20.6.3}{\376\377\201\352\161\066\120\074}{subsection.20.6}% 259
\BOOKMARK [2][-]{subsection.20.7}{\376\377\123\237\122\035\137\025\122\233\154\342}{section.20}% 260
\BOOKMARK [2][-]{subsection.20.8}{\376\377\176\323\147\204\137\142\142\020}{section.20}% 261
\BOOKMARK [3][-]{subsubsection.20.8.1}{\376\377\122\237\163\207\214\061}{subsection.20.8}% 262
\BOOKMARK [3][-]{subsubsection.20.8.2}{\376\377\116\016\000C\000M\000B\116\000\201\364}{subsection.20.8}% 263
\BOOKMARK [2][-]{subsection.20.9}{\376\377\162\151\215\050\000-\123\315\162\151\215\050\116\015\133\371\171\360\140\047}{section.20}% 264
\BOOKMARK [3][-]{subsubsection.20.9.1}{\376\377\000C\000P\170\064\127\117\166\204\121\340\117\125\147\145\156\220}{subsection.20.9}% 265
\BOOKMARK [3][-]{subsubsection.20.9.2}{\376\377\221\315\133\120\165\037\142\020}{subsection.20.9}% 266
\BOOKMARK [2][-]{subsection.20.10}{\376\377\133\207\133\231\157\024\123\026\145\366\225\364\176\277}{section.20}% 267
\BOOKMARK [2][-]{subsection.20.11}{\376\377\146\132\147\037\133\207\133\231\133\146}{section.20}% 268
\BOOKMARK [3][-]{subsubsection.20.11.1}{\376\377\122\240\220\037\201\250\200\300}{subsection.20.11}% 269
\BOOKMARK [3][-]{subsubsection.20.11.2}{\376\377\131\047\144\225\210\302\377\037}{subsection.20.11}% 270
\BOOKMARK [2][-]{subsection.20.12}{\376\377\140\073\176\323}{section.20}% 271
\BOOKMARK [1][-]{section.21}{\376\377\133\236\232\214\232\214\213\301\116\016\123\357\213\301\117\052\230\204\155\113}{}% 272
\BOOKMARK [2][-]{subsection.21.1}{\376\377\123\357\150\300\232\214\230\204\212\000\151\202\217\360}{section.21}% 273
\BOOKMARK [2][-]{subsection.21.2}{\376\377\137\025\122\233\154\342\143\242\155\113}{section.21}% 274
\BOOKMARK [3][-]{subsubsection.21.2.1}{\376\377\000L\000I\000S\000A\377\032\116\073\211\201\143\242\155\113\220\032\220\123}{subsection.21.2}% 275
\BOOKMARK [3][-]{subsubsection.21.2.2}{\376\377\133\207\133\231\143\242\226\151\200\005\124\214\162\061\126\340\145\257\127\146\147\033\217\334\225\134}{subsection.21.2}% 276
\BOOKMARK [3][-]{subsubsection.21.2.3}{\376\377\201\011\121\262\146\037\213\241\145\366\226\065\122\027}{subsection.21.2}% 277
\BOOKMARK [2][-]{subsection.21.3}{\376\377\123\237\122\035\236\321\155\036\377\032\150\300\232\214\214\061\176\364\155\101\122\250}{section.21}% 278
\BOOKMARK [3][-]{subsubsection.21.3.1}{\376\377\117\134\116\072\143\242\224\210\166\204\123\237\122\035\236\321\155\036}{subsection.21.3}% 279
\BOOKMARK [3][-]{subsubsection.21.3.2}{\376\377\000C\000T\000U\000F\000T\117\356\153\143\166\204\227\015\221\321\217\220\134\004}{subsection.21.3}% 280
\BOOKMARK [2][-]{subsection.21.4}{\376\377\116\224\230\171\123\357\213\301\117\052\230\204\155\113}{section.21}% 281
\BOOKMARK [3][-]{subsubsection.21.4.1}{\376\377\230\204\155\113\0001\377\032\117\075\232\154\134\004\176\277\214\061\130\236\137\072}{subsection.21.4}% 282
\BOOKMARK [3][-]{subsubsection.21.4.2}{\376\377\230\204\155\113\0002\377\032\000P\000B\000H\215\050\221\317\214\061\134\360}{subsection.21.4}% 283
\BOOKMARK [3][-]{subsubsection.21.4.3}{\376\377\230\204\155\113\0003\377\032\153\143\165\065\133\120\214\061\117\356\153\143}{subsection.21.4}% 284
\BOOKMARK [3][-]{subsubsection.21.4.4}{\376\377\230\204\155\113\0004\377\032\000P\000B\000H\136\166\124\010\163\207\377\010\000L\000I\000S\000A\377\011}{subsection.21.4}% 285
\BOOKMARK [3][-]{subsubsection.21.4.5}{\376\377\230\204\155\113\0005\377\032\131\032\117\341\117\177\116\000\201\364\140\047}{subsection.21.4}% 286
\BOOKMARK [2][-]{subsection.21.5}{\376\377\137\123\122\115\211\302\155\113\176\246\147\137}{section.21}% 287
\BOOKMARK [3][-]{subsubsection.21.5.1}{\376\377\133\207\133\231\117\075\232\154\134\004\176\277\200\314\146\157\377\010\000C\000G\000B\377\011}{subsection.21.5}% 288
\BOOKMARK [3][-]{subsubsection.21.5.2}{\376\377\137\256\137\025\122\233\220\017\225\134\176\246\147\137}{subsection.21.5}% 289
\BOOKMARK [3][-]{subsubsection.21.5.3}{\376\377\123\237\133\120\224\237\176\246\147\137}{subsection.21.5}% 290
\BOOKMARK [2][-]{subsection.21.6}{\376\377\147\052\147\145\134\125\147\033}{section.21}% 291
\BOOKMARK [3][-]{subsubsection.21.6.1}{\376\377\217\321\147\037\377\010\0002\0000\0002\0004\000-\0002\0000\0003\0000\377\011}{subsection.21.6}% 292
\BOOKMARK [3][-]{subsubsection.21.6.2}{\376\377\116\055\147\037\377\010\0002\0000\0003\0000\000s\377\011}{subsection.21.6}% 293
\BOOKMARK [3][-]{subsubsection.21.6.3}{\376\377\131\032\117\341\117\177\145\366\116\343\377\010\0002\0000\0004\0000\000+\377\011}{subsection.21.6}% 294
\BOOKMARK [2][-]{subsection.21.7}{\376\377\116\016\121\166\116\326\164\006\213\272\166\204\153\324\217\203}{section.21}% 295
\BOOKMARK [2][-]{subsection.21.8}{\376\377\176\323\213\272}{section.21}% 296
\BOOKMARK [2][-]{subsection.21.9}{\376\377\116\016\150\007\121\306\152\041\127\213\153\324\217\203\377\010\137\205\177\373\213\321\377\011}{section.21}% 297
\BOOKMARK [1][-]{section.22}{\376\377\116\016\121\166\116\326\164\006\213\272\166\204\200\124\174\373}{}% 298
\BOOKMARK [2][-]{subsection.22.1}{\376\377\151\202\217\360}{section.22}% 299
\BOOKMARK [2][-]{subsection.22.2}{\376\377\137\046\164\006\213\272}{section.22}% 300
\BOOKMARK [3][-]{subsubsection.22.2.1}{\376\377\166\370\117\074\140\047}{subsection.22.2}% 301
\BOOKMARK [3][-]{subsubsection.22.2.2}{\376\377\135\356\137\002}{subsection.22.2}% 302
\BOOKMARK [3][-]{subsubsection.22.2.3}{\376\377\157\134\127\050\176\337\116\000}{subsection.22.2}% 303
\BOOKMARK [2][-]{subsection.22.3}{\376\377\127\010\221\317\133\120\137\025\122\233}{section.22}% 304
\BOOKMARK [3][-]{subsubsection.22.3.1}{\376\377\166\370\117\074\140\047}{subsection.22.3}% 305
\BOOKMARK [3][-]{subsubsection.22.3.2}{\376\377\135\356\137\002}{subsection.22.3}% 306
\BOOKMARK [3][-]{subsubsection.22.3.3}{\376\377\116\222\210\145\155\036\211\301}{subsection.22.3}% 307
\BOOKMARK [2][-]{subsection.22.4}{\376\377\227\136\116\244\143\142\121\340\117\125}{section.22}% 308
\BOOKMARK [3][-]{subsubsection.22.4.1}{\376\377\220\032\217\307\214\061\116\011\121\103\176\304\166\204\200\124\174\373}{subsection.22.4}% 309
\BOOKMARK [3][-]{subsubsection.22.4.2}{\376\377\145\271\154\325\166\204\176\337\116\000}{subsection.22.4}% 310
\BOOKMARK [2][-]{subsection.22.5}{\376\377\126\340\147\234\226\306\164\006\213\272}{section.22}% 311
\BOOKMARK [3][-]{subsubsection.22.5.1}{\376\377\171\273\145\143\145\366\172\172}{subsection.22.5}% 312
\BOOKMARK [2][-]{subsection.22.6}{\376\377\155\214\163\260\137\025\122\233}{section.22}% 313
\BOOKMARK [3][-]{subsubsection.22.6.1}{\376\377\160\355\122\233\133\146\211\343\221\312}{subsection.22.6}% 314
\BOOKMARK [2][-]{subsection.22.7}{\376\377\142\021\116\354\164\006\213\272\166\204\162\354\162\171\127\060\117\115}{section.22}% 315
\BOOKMARK [2][-]{subsection.22.8}{\376\377\140\073\176\323}{section.22}% 316
\BOOKMARK [2][-]{subsection.22.9}{\376\377\164\006\213\272\153\324\217\203\377\010\137\205\177\373\213\321\377\011}{section.22}% 317
\BOOKMARK [1][-]{section.23}{\376\377\176\323\213\272\116\016\134\125\147\033}{}% 318
\BOOKMARK [2][-]{subsection.23.1}{\376\377\142\020\134\061\140\073\176\323}{section.23}% 319
\BOOKMARK [2][-]{subsection.23.2}{\376\377\121\163\225\056\176\323\147\234}{section.23}% 320
\BOOKMARK [3][-]{subsubsection.23.2.1}{\376\377\174\222\133\120\162\151\164\006}{subsection.23.2}% 321
\BOOKMARK [3][-]{subsubsection.23.2.2}{\376\377\133\207\133\231\133\146}{subsection.23.2}% 322
\BOOKMARK [3][-]{subsubsection.23.2.3}{\376\377\236\321\155\036\162\151\164\006}{subsection.23.2}% 323
\BOOKMARK [3][-]{subsubsection.23.2.4}{\376\377\221\317\133\120\127\372\170\100}{subsection.23.2}% 324
\BOOKMARK [2][-]{subsection.23.3}{\376\377\116\016\121\166\116\326\145\271\154\325\166\204\153\324\217\203}{section.23}% 325
\BOOKMARK [2][-]{subsection.23.4}{\376\377\123\357\213\301\117\052\166\204\230\204\155\113}{section.23}% 326
\BOOKMARK [2][-]{subsection.23.5}{\376\377\137\000\145\076\225\356\230\230\116\016\147\052\147\145\145\271\124\021}{section.23}% 327
\BOOKMARK [2][-]{subsection.23.6}{\376\377\124\362\133\146\141\017\116\111}{section.23}% 328
\BOOKMARK [2][-]{subsection.23.7}{\376\377\176\323\213\355}{section.23}% 329
\BOOKMARK [1][-]{section.24}{\376\377\213\250\213\272\116\016\134\125\147\033}{}% 330
\BOOKMARK [2][-]{subsection.24.1}{\376\377\215\041\163\056\140\073\176\323}{section.24}% 331
\BOOKMARK [2][-]{subsection.24.2}{\376\377\123\125\116\000\201\352\165\061\123\302\145\160}{section.24}% 332
\BOOKMARK [2][-]{subsection.24.3}{\376\377\137\000\145\076\225\356\230\230\116\016\147\052\147\145\145\271\124\021}{section.24}% 333
\BOOKMARK [3][-]{subsubsection.24.3.1}{\376\377\145\160\133\146\116\045\150\074\140\047}{subsection.24.3}% 334
\BOOKMARK [3][-]{subsubsection.24.3.2}{\376\377\116\016\121\166\116\326\221\317\133\120\137\025\122\233\220\024\137\204\166\204\207\215\124\010}{subsection.24.3}% 335
\BOOKMARK [3][-]{subsubsection.24.3.3}{\376\377\213\241\173\227\143\021\142\030}{subsection.24.3}% 336
\BOOKMARK [3][-]{subsubsection.24.3.4}{\376\377\125\057\214\141\133\146\142\151\134\125}{subsection.24.3}% 337
\BOOKMARK [2][-]{subsection.24.4}{\376\377\133\236\232\214\213\241\122\022}{section.24}% 338
\BOOKMARK [2][-]{subsection.24.5}{\376\377\124\362\133\146\141\017\116\111}{section.24}% 339
\BOOKMARK [2][-]{subsection.24.6}{\376\377\176\323\213\272}{section.24}% 340
