\BOOKMARK [0][-]{section*.2}{}{}% 2
\BOOKMARK [1][-]{section*.1}{\376\377\144\130\211\201}{section*.2}% 1
\BOOKMARK [1][-]{section*.3}{\376\377\000C\000o\000n\000t\000e\000n\000t\000s}{section*.2}% 3
\BOOKMARK [1][-]{section*.4}{\376\377\137\025\212\000}{section*.2}% 4
\BOOKMARK [2][-]{section*.5}{\376\377\164\006\213\272\122\250\147\072}{section*.4}% 5
\BOOKMARK [2][-]{section*.6}{\376\377\150\070\137\303\122\033\145\260}{section*.4}% 6
\BOOKMARK [3][-]{section*.7}{\376\377\214\061\176\364\155\101}{section*.6}% 7
\BOOKMARK [3][-]{section*.8}{\376\377\142\155\217\154\117\134\116\072\127\372\147\054\127\072}{section*.6}% 8
\BOOKMARK [3][-]{section*.9}{\376\377\122\233\166\204\121\340\117\125\176\337\116\000}{section*.6}% 9
\BOOKMARK [3][-]{section*.10}{\376\377\221\317\133\120\122\233\133\146\166\204\221\315\145\260\211\343\221\312}{section*.6}% 10
\BOOKMARK [2][-]{section*.11}{\376\377\123\357\213\301\117\052\166\204\230\204\155\113}{section*.4}% 11
\BOOKMARK [2][-]{section*.12}{\376\377\213\272\145\207\176\323\147\204}{section*.4}% 12
\BOOKMARK [1][-]{section*.13}{\376\377\150\070\137\303\150\106\147\266\377\032\116\222\123\315\000-\121\205\172\172\225\364\133\371\120\166}{section*.2}% 13
\BOOKMARK [2][-]{section*.14}{\376\377\133\371\120\166\140\047\123\237\164\006}{section*.13}% 14
\BOOKMARK [2][-]{section*.15}{\376\377\145\160\133\146\210\150\217\360}{section*.13}% 15
\BOOKMARK [3][-]{section*.16}{\376\377\116\222\123\315\172\172\225\364}{section*.15}% 16
\BOOKMARK [3][-]{section*.17}{\376\377\121\205\172\172\225\364}{section*.15}% 17
\BOOKMARK [3][-]{section*.18}{\376\377\142\155\217\154\127\072}{section*.15}% 18
\BOOKMARK [2][-]{section*.19}{\376\377\214\061\176\364\155\101\122\250}{section*.13}% 19
\BOOKMARK [2][-]{section*.20}{\376\377\117\341\140\157\213\272\127\372\170\100}{section*.13}% 20
\BOOKMARK [2][-]{section*.21}{\376\377\122\233\166\204\155\214\163\260}{section*.13}% 21
\BOOKMARK [2][-]{section*.22}{\376\377\174\222\133\120\117\134\116\072\142\155\217\154\152\041\137\017}{section*.13}% 22
\BOOKMARK [1][-]{section*.23}{\376\377\176\323\213\272\116\016\134\125\147\033}{section*.2}% 23
\BOOKMARK [2][-]{section*.24}{\376\377\142\020\134\061\140\073\176\323}{section*.23}% 24
\BOOKMARK [2][-]{section*.25}{\376\377\121\163\225\056\176\323\147\234}{section*.23}% 25
\BOOKMARK [3][-]{section*.26}{\376\377\174\222\133\120\162\151\164\006}{section*.25}% 26
\BOOKMARK [3][-]{section*.27}{\376\377\133\207\133\231\133\146}{section*.25}% 27
\BOOKMARK [3][-]{section*.28}{\376\377\236\321\155\036\162\151\164\006}{section*.25}% 28
\BOOKMARK [3][-]{section*.29}{\376\377\221\317\133\120\127\372\170\100}{section*.25}% 29
\BOOKMARK [2][-]{section*.30}{\376\377\116\016\121\166\116\326\145\271\154\325\166\204\153\324\217\203}{section*.23}% 30
\BOOKMARK [2][-]{section*.31}{\376\377\123\357\213\301\117\052\166\204\230\204\155\113}{section*.23}% 31
\BOOKMARK [2][-]{section*.32}{\376\377\137\000\145\076\225\356\230\230\116\016\147\052\147\145\145\271\124\021}{section*.23}% 32
\BOOKMARK [2][-]{section*.33}{\376\377\124\362\133\146\141\017\116\111}{section*.23}% 33
\BOOKMARK [2][-]{section*.34}{\376\377\176\323\213\355}{section*.23}% 34
