\BOOKMARK [0][-]{section*.2}{\376\377\000C\000l\000i\000f\000f\000o\000r\000d\000-\000T\000o\000r\000s\000i\000o\000n\176\337\116\000\127\072\213\272\116\055\166\204\215\205\145\260\146\037\162\006\123\321\377\032\214\061\176\364\127\115\177\051\116\016\0000\143\247\122\066\200\375\221\317\221\312\145\076}{}% 2
\BOOKMARK [1][-]{section*.1}{\376\377\144\130\211\201}{section*.2}% 1
\BOOKMARK [1][-]{section*.3}{\376\377\137\025\212\000}{section*.2}% 3
\BOOKMARK [1][-]{section*.4}{\376\377\000C\000T\000U\000F\000T\211\201\175\040\126\336\230\176}{section*.2}% 4
\BOOKMARK [1][-]{section*.5}{\376\377\214\061\176\364\127\115\177\051\147\072\122\066}{section*.2}% 5
\BOOKMARK [2][-]{section*.6}{\376\377\200\375\221\317\171\357\175\057\226\066\153\265}{section*.5}% 6
\BOOKMARK [2][-]{section*.7}{\376\377\142\113\137\201\116\055\137\256\133\120\123\321\134\004}{section*.5}% 7
\BOOKMARK [1][-]{section*.8}{\376\377\116\055\137\256\133\120\123\321\134\004\213\241\173\227}{section*.2}% 8
\BOOKMARK [2][-]{section*.9}{\376\377\220\003\220\070\145\366\225\364}{section*.8}% 9
\BOOKMARK [2][-]{section*.10}{\376\377\145\366\225\364\176\323\147\204}{section*.8}% 10
\BOOKMARK [1][-]{section*.11}{\376\377\123\357\211\302\155\113\230\204\212\000}{section*.2}% 11
\BOOKMARK [2][-]{section*.12}{\376\377\137\025\122\233\154\342\000-\116\055\137\256\133\120\136\366\217\337}{section*.11}% 12
\BOOKMARK [2][-]{section*.13}{\376\377\116\016\000S\000N\000\040\0001\0009\0008\0007\000A\166\204\153\324\217\203}{section*.11}% 13
\BOOKMARK [2][-]{section*.14}{\376\377\116\016\137\353\220\037\134\004\165\065\146\264\166\204\121\163\200\124}{section*.11}% 14
\BOOKMARK [1][-]{section*.15}{\376\377\170\024\172\166\145\271\154\325\377\032\116\272\147\072\123\117\117\134\166\204\164\006\213\272\162\151\164\006\170\024\172\166}{section*.2}% 15
\BOOKMARK [2][-]{section*.16}{\376\377\122\006\135\345}{section*.15}% 16
\BOOKMARK [2][-]{section*.17}{\376\377\232\214\213\301\123\117\213\256}{section*.15}% 17
\BOOKMARK [2][-]{section*.18}{\376\377\133\371\164\006\213\272\162\151\164\006\166\204\124\057\171\072}{section*.15}% 18
\BOOKMARK [1][-]{section*.19}{\376\377\176\323\213\272}{section*.2}% 19
\BOOKMARK [1][-]{section*.20}{\376\377\000A\000c\000k\000n\000o\000w\000l\000e\000d\000g\000m\000e\000n\000t\000s}{section*.2}% 20
\BOOKMARK [1][-]{section*.21}{\376\377\000R\000e\000f\000e\000r\000e\000n\000c\000e\000s}{section*.2}% 21
